Log file open, 05/17/15 12:59:32
LogInit:Display: Running engine for game: Mobile48Hour
LogInit: Version: 4.7.6-2513093+++depot+UE4-Releases+4.7
LogInit: API Version: 2455222
LogInit: Compiled (64-bit): Apr 15 2015 12:09:54
LogInit: Compiled with Visual C++: 18.00.21005.01
LogInit: Build Configuration: Development
LogInit: Branch Name: ++depot+UE4-Releases+4.7
LogInit: Command line: 
LogInit: Base directory: C:/Program Files/Epic Games/4.7/Engine/Binaries/Win64/
LogInit: Rocket: 1
[2015.05.17-19.59.32:954][  0]LogTaskGraph: Started task graph with 3 named threads and 6 total threads.
[2015.05.17-19.59.33:019][  0]LogOnline:Warning: No default platform service specified for OnlineSubsystem
[2015.05.17-19.59.33:044][  0]LogInit: Presizing for 0 objects not considered by GC, pre-allocating 0 bytes.
[2015.05.17-19.59.33:058][  0]LogInit: Object subsystem initialized
[2015.05.17-19.59.33:060][  0]LogConsoleResponse:Warning: Skipping Unknown console variable: 'TranslucentSortAxis = (X=0.000000,Y=-1.000000,Z=0.000000)'
[2015.05.17-19.59.33:060][  0]LogConsoleResponse:Warning:   Found in ini file 'C:/Users/David/Documents/Unreal Projects/Mobile48Hour/Saved/Config/Windows/Engine.ini', in section '[/Script/Engine.RendererSettings]'
[2015.05.17-19.59.33:060][  0]LogConsoleResponse:Warning: Skipping Unknown console variable: 'UIScaleRule = ShortestSide'
[2015.05.17-19.59.33:060][  0]LogConsoleResponse:Warning:   Found in ini file 'C:/Users/David/Documents/Unreal Projects/Mobile48Hour/Saved/Config/Windows/Engine.ini', in section '[/Script/Engine.RendererSettings]'
[2015.05.17-19.59.33:060][  0]LogConsoleResponse:Warning: Skipping Unknown console variable: 'UIScaleCurve = (EditorCurveData=(Keys=),ExternalCurve=None)'
[2015.05.17-19.59.33:060][  0]LogConsoleResponse:Warning:   Found in ini file 'C:/Users/David/Documents/Unreal Projects/Mobile48Hour/Saved/Config/Windows/Engine.ini', in section '[/Script/Engine.RendererSettings]'
[2015.05.17-19.59.33:060][  0]LogInit: Selected Device Profile: [Windows]
[2015.05.17-19.59.33:060][  0]LogInit: Applying CVar settings loaded from the selected device profile: [Windows]
[2015.05.17-19.59.33:070][  0]LogInit: Computer: DAVOPCX64
[2015.05.17-19.59.33:070][  0]LogInit: User: David
[2015.05.17-19.59.33:070][  0]LogInit: CPU Page size=4096, Cores=4
[2015.05.17-19.59.33:070][  0]LogInit: High frequency timer resolution =3.418046 MHz
[2015.05.17-19.59.33:070][  0]LogMemory: Memory total: Physical=7.9GB (8GB approx) Virtual=8192.0GB
[2015.05.17-19.59.33:071][  0]LogMemory: Platform Memory Stats for Windows
[2015.05.17-19.59.33:071][  0]LogMemory: Process Physical Memory: 48.38 MB used, 48.38 MB peak
[2015.05.17-19.59.33:071][  0]LogMemory: Process Virtual Memory: 28.36 MB used, 28.36 MB peak
[2015.05.17-19.59.33:071][  0]LogMemory: Physical Memory: 4358.59 MB used, 8073.93 MB total
[2015.05.17-19.59.33:071][  0]LogMemory: Virtual Memory: 281.56 MB used, 8388608.00 MB total
[2015.05.17-19.59.33:092][  0]LogD3D11RHI: Found D3D11 adapter 0: AMD Radeon HD 7800 Series (Feature Level 11_0)
[2015.05.17-19.59.33:092][  0]LogD3D11RHI: Adapter has 1003MB of dedicated video memory, 0MB of dedicated system memory, and 3780MB of shared system memory, 2 output[s]
[2015.05.17-19.59.33:096][  0]LogD3D11RHI: Found D3D11 adapter 1: Intel(R) HD Graphics 4000 (Feature Level 11_0)
[2015.05.17-19.59.33:096][  0]LogD3D11RHI: Adapter has 64MB of dedicated video memory, 0MB of dedicated system memory, and 1632MB of shared system memory, 1 output[s]
[2015.05.17-19.59.33:096][  0]LogD3D11RHI: Chosen D3D11 Adapter Id = 0
[2015.05.17-19.59.33:100][  0]LogRHI: Texture pool is 702 MB (70% of 1003 MB)
[2015.05.17-19.59.33:104][  0]LogD3D11RHI: Async texture creation disabled: no driver support
[2015.05.17-19.59.33:155][  0]LogTextLocalizationManager: The requested culture ('en_US') has no localization data; parent culture's ('en') localization data will be used.
[2015.05.17-19.59.33:213][  0]LogTextLocalizationManager:Warning: Loading localization resources contain conflicting entries for (Namespace:UICommands, Key:Save_ToolTip):
Resource: (C:/Program Files/Epic Games/4.7/Engine/Content/Localization/Editor/en/Editor.locres) Hash: (-29098895) String: (Saves the current level to disk)
Resource: (C:/Program Files/Epic Games/4.7/Engine/Content/Localization/Engine/en/Engine.locres) Hash: (-1280300587) String: (Save selected data to vlog file)
[2015.05.17-19.59.33:213][  0]LogTextLocalizationManager:Warning: Loading localization resources contain conflicting entries for (Namespace:ContentBrowser, Key:ImportAssetToolTip):
Resource: (C:/Program Files/Epic Games/4.7/Engine/Content/Localization/Editor/en/Editor.locres) Hash: (-630476809) String: (Import to {0}...)
Resource: (C:/Program Files/Epic Games/4.7/Engine/Content/Localization/Editor/en/Editor.locres) Hash: (1271782899) String: (Imports an asset from file to this folder.)
[2015.05.17-19.59.33:288][  0]LogContentStreaming: Texture pool size is 0.000000MB
[2015.05.17-19.59.35:464][  0]LogTargetPlatformManager:Display: Building Assets For Windows
[2015.05.17-19.59.35:919][  0]LogTargetPlatformManager:Display: Building Assets For Windows
[2015.05.17-19.59.35:973][  0]LogDerivedDataCache:Display: Max Cache Size: 512 MB
[2015.05.17-19.59.36:017][  0]LogDerivedDataCache: Loaded boot cache 0.04s 39MB C:/Users/David/AppData/Local/UnrealEngine/4.7/DerivedDataCache/Boot.ddc.
[2015.05.17-19.59.36:017][  0]LogDerivedDataCache:Display: Loaded Boot cache: C:/Users/David/AppData/Local/UnrealEngine/4.7/DerivedDataCache/Boot.ddc
[2015.05.17-19.59.36:017][  0]LogDerivedDataCache: FDerivedDataBackendGraph:  Pak pak cache file ../../../../../../Users/David/Documents/Unreal Projects/Mobile48Hour/DerivedDataCache/DDC.ddp not found, will not use a pak cache.
[2015.05.17-19.59.36:017][  0]LogDerivedDataCache: Unable to find inner node Pak for hierarchical cache Hierarchy.
[2015.05.17-19.59.36:133][  0]LogDerivedDataCache:Display: Pak cache opened for reading ../../../Engine/DerivedDataCache/Compressed.ddp.
[2015.05.17-19.59.36:171][  0]LogDerivedDataCache: Using Local data cache path C:/Users/David/AppData/Local/UnrealEngine/Common/DerivedDataCache: Writable
[2015.05.17-19.59.36:468][  0]LogMeshUtilities: No automatic mesh reduction module available
[2015.05.17-19.59.36:468][  0]LogMeshUtilities: No automatic mesh merging module available
[2015.05.17-19.59.36:827][  0]LogInit: WinSock: version 1.1 (2.2), MaxSocks=32767, MaxUdp=65467
[2015.05.17-19.59.36:893][  0]LogSlate:Warning: Failed to load font data from '../../../Engine/Content/Slate/Fonts/Roboto-Italic.ttf'
[2015.05.17-19.59.37:558][  0]UdpMessaging: Initializing bridge on interface 0.0.0.0:0 to multicast group 230.0.0.1:6666.
[2015.05.17-19.59.37:755][  0]SourceControl: Info Source control is disabled
[2015.05.17-19.59.37:755][  0]SourceControl: Info Source control is disabled
[2015.05.17-19.59.37:755][  0]SourceControl: Info Source control is disabled
[2015.05.17-19.59.37:755][  0]LogSourceControl: RunCommandInternalRaw: 'git version'
[2015.05.17-19.59.37:755][  0]LogSourceControl: RunCommandInternalRaw: ExecProcess ReturnCode=2 OutResults=''
[2015.05.17-19.59.37:763][  0]SourceControl: Info Source control is disabled
[2015.05.17-19.59.37:923][  0]LogObj: 24232 objects as part of root set at end of initial load.
[2015.05.17-19.59.37:923][  0]LogUObjectAllocator: 5137176 out of 0 bytes used by permanent object pool.
[2015.05.17-19.59.37:997][  0]LogEngine: Initializing Engine...
[2015.05.17-19.59.41:166][  0]LogInit: XAudio2 using 'Speakers (Realtek High Definition Audio)' : 2 channels at 48 kHz using 32 bits per sample (channel mask 0x3)
[2015.05.17-19.59.41:178][  0]LogInit: FAudioDevice initialized.
[2015.05.17-19.59.41:210][  0]LogAIModule: Creating AISystem for world NewWorld
[2015.05.17-19.59.41:242][  0]LogDerivedDataCache: Saved boot cache 0.03s 39MB C:/Users/David/AppData/Local/UnrealEngine/4.7/DerivedDataCache/Boot.ddc.
[2015.05.17-19.59.41:248][  0]LogInit: Texture streaming: Enabled
[2015.05.17-19.59.41:330][  0]LogAnalytics: Creating configured Analytics provider AnalyticsET
[2015.05.17-19.59.41:330][  0]LogAnalytics: ET APIKey = Rocket.Release. APIServer = http://et2.epicgames.com/ET2/. AppVersion = 4.7.6-2513093+++depot+UE4-Releases+4.7
[2015.05.17-19.59.41:330][  0]LogAnalytics: ET APIKey = Rocket.Release. DataRouterUploadURL = https://datarouter-public-service-gamedev.ol.epicgames.net/datarouter/api/v1/public/data. AppVersion = 4.7.6-2513093+++depot+UE4-Releases+4.7
[2015.05.17-19.59.41:330][  0]LogAnalytics: SetUserId 63bad7584199a80b18f5d19af3640327|847b49c4ca63452480b7439378717c51|d31b456e-061b-4b71-818e-0d4e346df735
[2015.05.17-19.59.41:330][  0]LogAnalytics: AnalyticsET::StartSession [Rocket.Release]
[2015.05.17-19.59.41:349][  0]LogInit: Transaction tracking system initialized
[2015.05.17-19.59.41:491][  0]BlueprintLog: New page: Editor Load
[2015.05.17-19.59.41:522][  0]LogAssetRegistry: FAssetRegistry took 0.0094 seconds to start up
[2015.05.17-19.59.41:522][  0]LogDirectoryWatcher:Warning: Failed to begin reading directory changes for ../../../Engine/Plugins/Experimental/CharacterAI/Content/. Error: 0
[2015.05.17-19.59.42:013][  0]LogTargetPlatformManager:Display: Building Assets For Windows
[2015.05.17-19.59.42:348][  0]LogTargetPlatformManager:Display: Building Assets For Windows
[2015.05.17-19.59.42:811][  0]LogLinker:Warning: Asset '../../../Engine/Content/Tutorial/Mobile/SettingUpAndroidTutorial.uasset' has been saved with empty engine version. The asset will be loaded but may be incompatible.
[2015.05.17-19.59.42:896][  0]LogSlate:Warning: Failed to load font data from '../../../Engine/Content/Editor/Slate/Fonts/Roboto-Regular.ttf'
[2015.05.17-19.59.42:897][  0]LogSlate:Warning: Failed to load font data from '../../../Engine/Content/Editor/Slate/Fonts/Roboto-Bold.ttf'
[2015.05.17-19.59.42:902][  0]LogConsoleResponse:Display: 
[2015.05.17-19.59.43:115][  0]LogCook:Display: Done creating registry. It took  0.00s.
[2015.05.17-19.59.43:258][  0]SourceControl: Info Source control is disabled
[2015.05.17-19.59.43:258][  0]Cmd: MAP LOAD FILE="../../../../../../Users/David/Documents/Unreal Projects/Mobile48Hour/Content/MenuAndLevels/InfiPlayLVL.umap" TEMPLATE=0 SHOWPROGRESS=1 FEATURELEVEL=3
[2015.05.17-19.59.43:300][  0]LightingResults: New page: Lighting Build
[2015.05.17-19.59.43:310][  0]MapCheck: New page: Map Check
[2015.05.17-19.59.43:310][  0]LightingResults: New page: Lighting Build
[2015.05.17-19.59.43:319][  0]LogParticles: Destroying 0 GPU particle simulations for FXSystem 0x0000000003FA2520
[2015.05.17-19.59.47:321][  0]LogEditorServer: Finished looking for orphan Actors (0.000 secs)
[2015.05.17-19.59.47:322][  0]LogAIModule: Creating AISystem for world InfiPlayLVL
[2015.05.17-19.59.47:323][  0]Cmd: MAP CHECKDEP
[2015.05.17-19.59.47:323][  0]MapCheck: New page: InfiPlayLVL - May 17, 2015, 5:59:47 AM
[2015.05.17-19.59.47:412][  0]MapCheck: Info Map check complete: 0 Error(s), 0 Warning(s), took 89.008ms to complete.
[2015.05.17-19.59.47:412][  0]LogFileHelpers: Loading map 'InfiPlayLVL' took 4.154
[2015.05.17-19.59.48:396][  0]LogCollectionManager: Loaded 0 collections in 0.003381 seconds
[2015.05.17-19.59.48:422][  0]LogContentBrowser: Native class hierarchy populated in 0.0244 seconds. Added 1696 classes and 261 folders.
[2015.05.17-19.59.48:659][  0]LogContentBrowser: Native class hierarchy updated for 'SceneOutliner' in 0.0040 seconds. Added 1 classes and 2 folders.
[2015.05.17-19.59.49:582][  0]LogCrashTracker: Crashtracker disabled due to settings.
[2015.05.17-19.59.49:645][  0]LogSlate:Warning: Failed to load font data from 'Veranda'
[2015.05.17-19.59.49:677][  0]LogUObjectGlobals:Warning: Failed to find object 'Class None.'
[2015.05.17-19.59.49:740][  0]LogLoad: Full Startup: 19.56 seconds (BP compile: 0.97 seconds)
[2015.05.17-19.59.49:787][  0]LogContentBrowser:Verbose: The content browser source was changed by the sources view to '/Game/Player'
[2015.05.17-19.59.50:171][  0]LogRenderer:Warning: Reallocating scene render targets to support 32x32 (Frame:2).
[2015.05.17-19.59.50:695][  0]LogRenderer:Warning: Reallocating scene render targets to support 1208x632 (Frame:3).
[2015.05.17-19.59.51:504][  5]LogAssetRegistry: Asset discovery search completed in 9.9915 seconds
[2015.05.17-19.59.56:895][640]LogContentBrowser:Verbose: The content browser source was changed by the sources view to '/Game/Particles'
[2015.05.17-19.59.57:720][730]LogContentBrowser:Verbose: The content browser source was changed by the sources view to '/Game/MenuAndLevels'
[2015.05.17-19.59.58:410][811]LogContentBrowser:Verbose: The content browser source was changed by the sources view to '/Game'
[2015.05.17-19.59.59:134][897]LogContentBrowser:Verbose: The content browser source was changed by the sources view to '/Game/Materials'
[2015.05.17-19.59.59:805][964]LogContentBrowser:Verbose: The content browser source was changed by the sources view to '/Game/Object_BPs'
[2015.05.17-20.01.00:326][878]LogContentBrowser:Verbose: The content browser source was changed by the sources view to '/Game/Particles'
[2015.05.17-20.01.00:953][951]LogContentBrowser:Verbose: The content browser source was changed by the sources view to '/Game/Player'
[2015.05.17-20.01.08:394][807]LogEditorViewport: Clicking on Actor (LMB): RowSpawnCTRL_C (RowSpawnCTRL)
[2015.05.17-20.02.03:980][304]BlueprintLog: New page: Compile RowSpawnCTRL
[2015.05.17-20.02.04:085][304]BlueprintEditorCompileResults: Info [0153.90] Compile of RowSpawnCTRL successful! [in 104 ms]
[2015.05.17-20.02.10:858][907]LogParticles: Destroying 0 GPU particle simulations for FXSystem 0x0000000023FB4AE0
[2015.05.17-20.02.13:196][ 10]LogEditorViewport: Clicking on Actor (LMB): RowSpawnCTRL_C (RowSpawnCTRL)
[2015.05.17-20.02.13:807][ 74]Cmd: DELETE
[2015.05.17-20.02.13:807][ 74]Cmd: ACTOR DELETE
[2015.05.17-20.02.13:808][ 74]LogEditorActor: Deleted Actor: RowSpawnCTRL_C
[2015.05.17-20.02.13:830][ 74]LogEditorActor: Deleted 1 Actors (0.022 secs)
[2015.05.17-20.02.28:404][210]LogObjectTools:Warning: ForceReplaceReferences replaced references for a transient object 'DEADCLASS_RowSpawnCTRL_C_0' or package '/Engine/Transient'.
[2015.05.17-20.02.28:404][210]LogObjectTools:Warning: ForceReplaceReferences replaced references for a transient object 'DEADCLASS_RowSpawnCTRL_C_1' or package '/Engine/Transient'.
[2015.05.17-20.02.28:404][210]LogObjectTools:Warning: ForceReplaceReferences replaced references for a transient object 'REINST_SKEL_RowSpawnCTRL_C_87' or package '/Engine/Transient'.
[2015.05.17-20.02.28:404][210]LogObjectTools:Warning: ForceReplaceReferences replaced references for a transient object 'REINST_RowSpawnCTRL_C_86' or package '/Engine/Transient'.
[2015.05.17-20.02.28:520][210]LogParticles: Destroying 0 GPU particle simulations for FXSystem 0x0000000015C3D300
[2015.05.17-20.04.11:529][582]LogUObjectGlobals:Warning: Failed to find object 'Object None.'
[2015.05.17-20.04.11:530][582]LogUObjectGlobals:Warning: Failed to find object 'Object None.'
[2015.05.17-20.04.11:530][582]LogUObjectGlobals:Warning: Failed to find object 'Object None.'
[2015.05.17-20.04.11:530][582]LogUObjectGlobals:Warning: Failed to find object 'Object None.'
[2015.05.17-20.04.11:530][582]LogUObjectGlobals:Warning: Failed to find object 'Object None.'
[2015.05.17-20.04.11:530][582]LogUObjectGlobals:Warning: Failed to find object 'Object None.'
[2015.05.17-20.04.11:530][582]LogUObjectGlobals:Warning: Failed to find object 'Object None.'
[2015.05.17-20.04.11:530][582]LogUObjectGlobals:Warning: Failed to find object 'Object None.'
[2015.05.17-20.04.11:545][582]LogProperty:Warning: ObjectProperty /Script/Engine.EdGraphPin:LinkedTo.LinkedTo: unresolved reference to 'EdGraphPin'K2Node_Event_316.EdGraphPin_8145''
[2015.05.17-20.04.11:546][582]LogProperty:Warning: ObjectProperty /Script/Engine.EdGraphPin:LinkedTo.LinkedTo: unresolved reference to 'EdGraphPin'K2Node_SpawnActorFromClass_9.EdGraphPin_8357''
[2015.05.17-20.04.11:546][582]LogProperty:Warning: ObjectProperty /Script/Engine.EdGraphPin:LinkedTo.LinkedTo: unresolved reference to 'EdGraphPin'K2Node_CallFunction_6970.EdGraphPin_8133''
[2015.05.17-20.04.11:552][582]LogProperty:Warning: ObjectProperty /Script/Engine.EdGraphPin:LinkedTo.LinkedTo: unresolved reference to 'EdGraphPin'K2Node_SpawnActorFromClass_10.EdGraphPin_8378''
[2015.05.17-20.04.11:552][582]LogProperty:Warning: ObjectProperty /Script/Engine.EdGraphPin:LinkedTo.LinkedTo: unresolved reference to 'EdGraphPin'K2Node_CallFunction_6971.EdGraphPin_8177''
[2015.05.17-20.04.11:558][582]LogProperty:Warning: ObjectProperty /Script/Engine.EdGraphPin:LinkedTo.LinkedTo: unresolved reference to 'EdGraphPin'K2Node_SpawnActorFromClass_11.EdGraphPin_8399''
[2015.05.17-20.04.11:559][582]LogProperty:Warning: ObjectProperty /Script/Engine.EdGraphPin:LinkedTo.LinkedTo: unresolved reference to 'EdGraphPin'K2Node_CallFunction_6972.EdGraphPin_8213''
[2015.05.17-20.04.11:565][582]LogProperty:Warning: ObjectProperty /Script/Engine.EdGraphPin:LinkedTo.LinkedTo: unresolved reference to 'EdGraphPin'K2Node_CallFunction_6973.EdGraphPin_8249''
[2015.05.17-20.04.22:385][439]BlueprintLog: New page: Compile Infi_GameMode
[2015.05.17-20.04.22:504][439]BlueprintEditorCompileResults: Info [0292.32] Compile of Infi_GameMode successful! [in 118 ms]
[2015.05.17-20.04.24:232][606]BlueprintLog: New page: Pre-PIE auto-recompile
[2015.05.17-20.04.24:237][606]LogPlayLevel: [PIE] Compiling Player_char before PIE...
[2015.05.17-20.04.24:435][606]LogPlayLevel: [PIE] Compiling Infi_GameMode before PIE...
[2015.05.17-20.04.24:531][606]LogPlayLevel: [PIE] Compiling LongBlockRow before PIE...
[2015.05.17-20.04.24:777][606]LogPlayLevel: [PIE] Compiling HUDWIDGET before PIE...
[2015.05.17-20.04.24:877][606]LogPlayLevel: PIE:  Blueprint regeneration took 645 ms (4 blueprints)
[2015.05.17-20.04.24:877][606]PIE: New page: PIE session: InfiPlayLVL (May 17, 2015, 6:04:24 AM)
[2015.05.17-20.04.24:882][606]LogPlayLevel: PIE: StaticDuplicateObject took: (0.004153s)
[2015.05.17-20.04.24:883][606]LogPlayLevel: PIE: World Init took: (0.000524s)
[2015.05.17-20.04.24:883][606]LogPlayLevel: PIE: Created PIE world by copying editor world from /Game/MenuAndLevels/InfiPlayLVL.InfiPlayLVL to /Game/MenuAndLevels/UEDPIE_0_InfiPlayLVL.InfiPlayLVL (0.004833s)
[2015.05.17-20.04.24:976][606]LogWorld: Game class is 'Infi_GameMode_C'
[2015.05.17-20.04.24:980][606]LogAIModule: Creating AISystem for world InfiPlayLVL
[2015.05.17-20.04.24:985][606]LogWorld: Bringing World /Game/MenuAndLevels/UEDPIE_0_InfiPlayLVL.InfiPlayLVL up for play (max tick rate 0) at 2015.05.17-13.04.24
[2015.05.17-20.04.24:986][606]LogWorld: Bringing up level for play took: 0.004404
[2015.05.17-20.04.24:991][606]PIE: Info Play in editor start time for /Game/MenuAndLevels/UEDPIE_0_InfiPlayLVL -0.019
[2015.05.17-20.04.28:330][984]LogPackageName: SearchForPackageOnDisk took   0.061s to resolve InfiPlayLVL.umap
[2015.05.17-20.04.28:391][985]LogPackageName: SearchForPackageOnDisk took   0.056s to resolve InfiPlayLVL.umap
[2015.05.17-20.04.28:391][985]LogNet: Browse: /Game/MenuAndLevels/InfiPlayLVL
[2015.05.17-20.04.28:392][985]LogLoad: LoadMap: /Game/MenuAndLevels/InfiPlayLVL
[2015.05.17-20.04.28:416][985]LogParticles: Destroying 0 GPU particle simulations for FXSystem 0x000000001315FEC0
[2015.05.17-20.04.28:416][985]Cmd: MEM
[2015.05.17-20.04.28:439][985]LogMemory: Platform Memory Stats for Windows
[2015.05.17-20.04.28:439][985]LogMemory: Process Physical Memory: 606.39 MB used, 606.40 MB peak
[2015.05.17-20.04.28:439][985]LogMemory: Process Virtual Memory: 504.22 MB used, 504.22 MB peak
[2015.05.17-20.04.28:439][985]LogMemory: Physical Memory: 3430.01 MB used, 8073.93 MB total
[2015.05.17-20.04.28:439][985]LogMemory: Virtual Memory: 1065.30 MB used, 8388608.00 MB total
[2015.05.17-20.04.28:439][985]LogMemory: 
[2015.05.17-20.04.28:439][985]Allocator Stats for TBB: (not implemented)
[2015.05.17-20.04.28:444][985]LogPlayLevel: PIE: StaticDuplicateObject took: (0.004950s)
[2015.05.17-20.04.28:444][985]LogPlayLevel: PIE: World Init took: (0.000517s)
[2015.05.17-20.04.28:445][985]LogPlayLevel: PIE: Created PIE world by copying editor world from /Game/MenuAndLevels/InfiPlayLVL.InfiPlayLVL to /Game/MenuAndLevels/UEDPIE_0_InfiPlayLVL.InfiPlayLVL (0.005616s)
[2015.05.17-20.04.28:445][985]LogWorld: Game class is 'Infi_GameMode_C'
[2015.05.17-20.04.28:446][985]LogAIModule: Creating AISystem for world InfiPlayLVL
[2015.05.17-20.04.28:448][985]LogWorld: Bringing World /Game/MenuAndLevels/UEDPIE_0_InfiPlayLVL.InfiPlayLVL up for play (max tick rate 0) at 2015.05.17-13.04.28
[2015.05.17-20.04.28:449][985]LogWorld: Bringing up level for play took: 0.001929
[2015.05.17-20.04.28:858][ 21]LogParticles: Destroying 0 GPU particle simulations for FXSystem 0x0000000021D7D580
[2015.05.17-20.04.33:124][330]BlueprintLog: New page: Compile Infi_GameMode
[2015.05.17-20.04.33:239][330]BlueprintEditorCompileResults: Info [0303.05] Compile of Infi_GameMode successful! [in 113 ms]
[2015.05.17-20.04.34:489][457]BlueprintLog: New page: Pre-PIE auto-recompile
[2015.05.17-20.04.34:496][457]LogPlayLevel: [PIE] Compiling Player_char before PIE...
[2015.05.17-20.04.34:689][457]LogPlayLevel: [PIE] Compiling Infi_GameMode before PIE...
[2015.05.17-20.04.34:786][457]LogPlayLevel: [PIE] Compiling LongBlockRow before PIE...
[2015.05.17-20.04.35:033][457]LogPlayLevel: [PIE] Compiling HUDWIDGET before PIE...
[2015.05.17-20.04.35:132][457]LogPlayLevel: PIE:  Blueprint regeneration took 643 ms (4 blueprints)
[2015.05.17-20.04.35:133][457]PIE: New page: PIE session: InfiPlayLVL (May 17, 2015, 6:04:35 AM)
[2015.05.17-20.04.35:137][457]LogPlayLevel: PIE: StaticDuplicateObject took: (0.003880s)
[2015.05.17-20.04.35:137][457]LogPlayLevel: PIE: World Init took: (0.000456s)
[2015.05.17-20.04.35:138][457]LogPlayLevel: PIE: Created PIE world by copying editor world from /Game/MenuAndLevels/InfiPlayLVL.InfiPlayLVL to /Game/MenuAndLevels/UEDPIE_0_InfiPlayLVL.InfiPlayLVL (0.004495s)
[2015.05.17-20.04.35:167][457]LogWorld: Game class is 'Infi_GameMode_C'
[2015.05.17-20.04.35:169][457]LogAIModule: Creating AISystem for world InfiPlayLVL
[2015.05.17-20.04.35:171][457]LogWorld: Bringing World /Game/MenuAndLevels/UEDPIE_0_InfiPlayLVL.InfiPlayLVL up for play (max tick rate 0) at 2015.05.17-13.04.35
[2015.05.17-20.04.35:171][457]LogWorld: Bringing up level for play took: 0.001838
[2015.05.17-20.04.35:176][457]PIE: Info Play in editor start time for /Game/MenuAndLevels/UEDPIE_0_InfiPlayLVL 0.165
[2015.05.17-20.04.37:550][727]LogParticles: Destroying 0 GPU particle simulations for FXSystem 0x0000000021D7EA20
[2015.05.17-20.05.21:271][729]LogSlate:Warning: Prevented a slow task dialog from being summoned while a context menu was open
[2015.05.17-20.06.43:098][891]BlueprintLog: New page: Compile Infi_GameMode
[2015.05.17-20.06.43:201][891]BlueprintEditorCompileResults: Info [0433.01] Compile of Infi_GameMode successful! [in 103 ms]
[2015.05.17-20.06.44:773][ 67]BlueprintLog: New page: Pre-PIE auto-recompile
[2015.05.17-20.06.44:778][ 67]LogPlayLevel: [PIE] Compiling Player_char before PIE...
[2015.05.17-20.06.44:967][ 67]LogPlayLevel: [PIE] Compiling Infi_GameMode before PIE...
[2015.05.17-20.06.45:052][ 67]LogPlayLevel: [PIE] Compiling LongBlockRow before PIE...
[2015.05.17-20.06.45:293][ 67]LogPlayLevel: [PIE] Compiling HUDWIDGET before PIE...
[2015.05.17-20.06.45:395][ 67]LogPlayLevel: PIE:  Blueprint regeneration took 621 ms (4 blueprints)
[2015.05.17-20.06.45:395][ 67]PIE: New page: PIE session: InfiPlayLVL (May 17, 2015, 6:06:45 AM)
[2015.05.17-20.06.45:400][ 67]LogPlayLevel: PIE: StaticDuplicateObject took: (0.003944s)
[2015.05.17-20.06.45:400][ 67]LogPlayLevel: PIE: World Init took: (0.000502s)
[2015.05.17-20.06.45:400][ 67]LogPlayLevel: PIE: Created PIE world by copying editor world from /Game/MenuAndLevels/InfiPlayLVL.InfiPlayLVL to /Game/MenuAndLevels/UEDPIE_0_InfiPlayLVL.InfiPlayLVL (0.004616s)
[2015.05.17-20.06.45:430][ 67]LogWorld: Game class is 'Infi_GameMode_C'
[2015.05.17-20.06.45:432][ 67]LogAIModule: Creating AISystem for world InfiPlayLVL
[2015.05.17-20.06.45:434][ 67]LogWorld: Bringing World /Game/MenuAndLevels/UEDPIE_0_InfiPlayLVL.InfiPlayLVL up for play (max tick rate 0) at 2015.05.17-13.06.45
[2015.05.17-20.06.45:435][ 67]LogWorld: Bringing up level for play took: 0.001760
[2015.05.17-20.06.45:438][ 67]PIE: Info Play in editor start time for /Game/MenuAndLevels/UEDPIE_0_InfiPlayLVL 0.425
[2015.05.17-20.06.47:170][262]LogParticles: Destroying 0 GPU particle simulations for FXSystem 0x000000000D420CC0
[2015.05.17-20.06.47:693][321]BlueprintLog: New page: Pre-PIE auto-recompile
[2015.05.17-20.06.47:699][321]LogPlayLevel: [PIE] Compiling Infi_GameMode before PIE...
[2015.05.17-20.06.47:779][321]LogPlayLevel: [PIE] Compiling Player_char before PIE...
[2015.05.17-20.06.47:970][321]LogPlayLevel: [PIE] Compiling LongBlockRow before PIE...
[2015.05.17-20.06.48:208][321]LogPlayLevel: [PIE] Compiling HUDWIDGET before PIE...
[2015.05.17-20.06.48:307][321]LogPlayLevel: PIE:  Blueprint regeneration took 614 ms (4 blueprints)
[2015.05.17-20.06.48:307][321]PIE: New page: PIE session: InfiPlayLVL (May 17, 2015, 6:06:48 AM)
[2015.05.17-20.06.48:314][321]LogPlayLevel: PIE: StaticDuplicateObject took: (0.006279s)
[2015.05.17-20.06.48:314][321]LogPlayLevel: PIE: World Init took: (0.000437s)
[2015.05.17-20.06.48:314][321]LogPlayLevel: PIE: Created PIE world by copying editor world from /Game/MenuAndLevels/InfiPlayLVL.InfiPlayLVL to /Game/MenuAndLevels/UEDPIE_0_InfiPlayLVL.InfiPlayLVL (0.006863s)
[2015.05.17-20.06.48:344][321]LogWorld: Game class is 'Infi_GameMode_C'
[2015.05.17-20.06.48:346][321]LogAIModule: Creating AISystem for world InfiPlayLVL
[2015.05.17-20.06.48:348][321]LogWorld: Bringing World /Game/MenuAndLevels/UEDPIE_0_InfiPlayLVL.InfiPlayLVL up for play (max tick rate 0) at 2015.05.17-13.06.48
[2015.05.17-20.06.48:348][321]LogWorld: Bringing up level for play took: 0.001922
[2015.05.17-20.06.48:351][321]PIE: Info Play in editor start time for /Game/MenuAndLevels/UEDPIE_0_InfiPlayLVL 1.338
[2015.05.17-20.06.49:765][477]LogParticles: Destroying 0 GPU particle simulations for FXSystem 0x000000000D422DE0
[2015.05.17-20.07.18:565][102]LogSavePackage: Save=66.720871ms
[2015.05.17-20.07.18:565][102]LogSavePackage: Moving '../../../../../../Users/David/Documents/Unreal Projects/Mobile48Hour/Saved/InfiPlayLVLFD5124CB45624B49D9F171BF26F337C4.tmp' to '../../../../../../Users/David/Documents/Unreal Projects/Mobile48Hour/Content/MenuAndLevels/InfiPlayLVL.umap'
[2015.05.17-20.07.18:603][102]LogFileHelpers: Saving map 'InfiPlayLVL' took 0.333
[2015.05.17-20.07.18:607][102]Cmd: OBJ SAVEPACKAGE PACKAGE="/Game/Player/Infi_GameMode" FILE="../../../../../../Users/David/Documents/Unreal Projects/Mobile48Hour/Content/Player/Infi_GameMode.uasset" SILENT=true
[2015.05.17-20.07.18:739][102]LogSavePackage: Save=63.972221ms
[2015.05.17-20.07.18:739][102]LogSavePackage: Moving '../../../../../../Users/David/Documents/Unreal Projects/Mobile48Hour/Saved/Infi_GameMode0331D5C74E490FF5395E178B824D5994.tmp' to '../../../../../../Users/David/Documents/Unreal Projects/Mobile48Hour/Content/Player/Infi_GameMode.uasset'
[2015.05.17-20.08.00:478][656]BlueprintLog: New page: Compile Infi_GameMode
[2015.05.17-20.08.00:583][656]BlueprintEditorCompileResults: Info [0510.39] Compile of Infi_GameMode successful! [in 103 ms]
[2015.05.17-20.08.06:361][267]Cmd: QUIT_EDITOR
[2015.05.17-20.08.06:586][267]LogExit: Preparing to exit.
[2015.05.17-20.08.07:697][267]LogExit: Editor shut down
[2015.05.17-20.08.07:697][267]LogExit: Transaction tracking system shut down
[2015.05.17-20.08.07:698][267]LogParticles: Destroying 0 GPU particle simulations for FXSystem 0x000000000E457380
[2015.05.17-20.08.07:698][267]LogParticles: Destroying 0 GPU particle simulations for FXSystem 0x0000000014D86660
[2015.05.17-20.08.07:699][267]LogParticles: Destroying 0 GPU particle simulations for FXSystem 0x000000001F57BC40
[2015.05.17-20.08.07:699][267]LogParticles: Destroying 0 GPU particle simulations for FXSystem 0x000000001F579120
[2015.05.17-20.08.07:699][267]LogParticles: Destroying 0 GPU particle simulations for FXSystem 0x0000000015C3E7A0
[2015.05.17-20.08.07:770][267]LogParticles: Destroying 0 GPU particle simulations for FXSystem 0x000000000E29F7E0
[2015.05.17-20.08.07:770][267]LogExit: Object subsystem successfully closed.
[2015.05.17-20.08.07:811][267]LogModuleManager: Shutting down and abandoning module CrashTracker (177)
[2015.05.17-20.08.07:811][267]LogModuleManager: Shutting down and abandoning module SuperSearch (176)
[2015.05.17-20.08.07:811][267]LogModuleManager: Shutting down and abandoning module SceneOutliner (175)
[2015.05.17-20.08.07:811][267]LogModuleManager: Shutting down and abandoning module EditorWidgets (174)
[2015.05.17-20.08.07:811][267]LogModuleManager: Shutting down and abandoning module CollectionManager (173)
[2015.05.17-20.08.07:823][267]LogModuleManager: Shutting down and abandoning module StatsViewer (172)
[2015.05.17-20.08.07:824][267]LogModuleManager: Shutting down and abandoning module FoliageEdit (171)
[2015.05.17-20.08.07:824][267]LogModuleManager: Shutting down and abandoning module LandscapeEditor (170)
[2015.05.17-20.08.07:824][267]LogModuleManager: Shutting down and abandoning module MeshPaint (169)
[2015.05.17-20.08.07:824][267]LogModuleManager: Shutting down and abandoning module ActorPickerMode (168)
[2015.05.17-20.08.07:824][267]LogModuleManager: Shutting down and abandoning module GeometryMode (167)
[2015.05.17-20.08.07:824][267]LogModuleManager: Shutting down and abandoning module TextureAlignMode (166)
[2015.05.17-20.08.07:824][267]LogModuleManager: Shutting down and abandoning module BspMode (165)
[2015.05.17-20.08.07:824][267]LogModuleManager: Shutting down and abandoning module PlacementMode (164)
[2015.05.17-20.08.07:824][267]LogModuleManager: Shutting down and abandoning module AutomationWorker (163)
[2015.05.17-20.08.07:824][267]LogModuleManager: Shutting down and abandoning module CharacterAI (162)
[2015.05.17-20.08.07:824][267]LogModuleManager: Shutting down and abandoning module SmartSnapping (161)
[2015.05.17-20.08.07:824][267]LogModuleManager: Shutting down and abandoning module ViewportSnapping (160)
[2015.05.17-20.08.07:824][267]LogModuleManager: Shutting down and abandoning module LogVisualizer (159)
[2015.05.17-20.08.07:824][267]LogModuleManager: Shutting down and abandoning module GameProjectGeneration (158)
[2015.05.17-20.08.07:824][267]LogModuleManager: Shutting down and abandoning module IntroTutorials (157)
[2015.05.17-20.08.07:824][267]LogModuleManager: Shutting down and abandoning module EditorLiveStreaming (156)
[2015.05.17-20.08.07:824][267]LogModuleManager: Shutting down and abandoning module HardwareTargeting (155)
[2015.05.17-20.08.07:824][267]LogModuleManager: Shutting down and abandoning module DeviceProfileEditor (154)
[2015.05.17-20.08.07:824][267]LogModuleManager: Shutting down and abandoning module UndoHistory (153)
[2015.05.17-20.08.07:824][267]LogModuleManager: Shutting down and abandoning module GameplayTagsEditor (152)
[2015.05.17-20.08.07:824][267]LogModuleManager: Shutting down and abandoning module UserFeedback (151)
[2015.05.17-20.08.07:824][267]LogModuleManager: Shutting down and abandoning module XmlParser (150)
[2015.05.17-20.08.07:824][267]LogModuleManager: Shutting down and abandoning module Blutility (149)
[2015.05.17-20.08.07:824][267]LogModuleManager: Shutting down and abandoning module IOSPlatformEditor (148)
[2015.05.17-20.08.07:824][267]LogModuleManager: Shutting down and abandoning module IOSRuntimeSettings (147)
[2015.05.17-20.08.07:824][267]LogModuleManager: Shutting down and abandoning module AndroidDeviceDetection (146)
[2015.05.17-20.08.08:104][267]LogModuleManager: Shutting down and abandoning module AndroidPlatformEditor (145)
[2015.05.17-20.08.08:104][267]LogModuleManager: Shutting down and abandoning module AndroidRuntimeSettings (144)
[2015.05.17-20.08.08:104][267]LogModuleManager: Shutting down and abandoning module ProjectTargetPlatformEditor (143)
[2015.05.17-20.08.08:104][267]LogModuleManager: Shutting down and abandoning module ProjectSettingsViewer (142)
[2015.05.17-20.08.08:104][267]LogModuleManager: Shutting down and abandoning module InputBindingEditor (141)
[2015.05.17-20.08.08:104][267]LogModuleManager: Shutting down and abandoning module EditorSettingsViewer (140)
[2015.05.17-20.08.08:104][267]LogModuleManager: Shutting down and abandoning module SettingsEditor (139)
[2015.05.17-20.08.08:104][267]LogModuleManager: Shutting down and abandoning module ProjectLauncher (138)
[2015.05.17-20.08.08:104][267]LogModuleManager: Shutting down and abandoning module SessionFrontend (137)
[2015.05.17-20.08.08:104][267]LogModuleManager: Shutting down and abandoning module ProfilerClient (136)
[2015.05.17-20.08.08:104][267]LogModuleManager: Shutting down and abandoning module TargetDeviceServices (135)
[2015.05.17-20.08.08:104][267]LogModuleManager: Shutting down and abandoning module DeviceManager (134)
[2015.05.17-20.08.08:104][267]LogModuleManager: Shutting down and abandoning module AutomationController (133)
[2015.05.17-20.08.08:104][267]LogModuleManager: Shutting down and abandoning module AutomationWindow (132)
[2015.05.17-20.08.08:104][267]LogModuleManager: Shutting down and abandoning module Layers (131)
[2015.05.17-20.08.08:105][267]LogModuleManager: Shutting down and abandoning module ComponentVisualizers (130)
[2015.05.17-20.08.08:105][267]LogModuleManager: Shutting down and abandoning module DetailCustomizations (129)
[2015.05.17-20.08.08:105][267]LogModuleManager: Shutting down and abandoning module PackagesDialog (128)
[2015.05.17-20.08.08:105][267]LogModuleManager: Shutting down and abandoning module AssetRegistry (127)
[2015.05.17-20.08.08:187][267]LogModuleManager: Shutting down and abandoning module Persona (126)
[2015.05.17-20.08.08:188][267]LogModuleManager: Shutting down and abandoning module SlateReflector (125)
[2015.05.17-20.08.08:188][267]LogModuleManager: Shutting down and abandoning module LevelEditor (124)
[2015.05.17-20.08.08:188][267]LogModuleManager: Shutting down and abandoning module Kismet (123)
[2015.05.17-20.08.08:188][267]LogModuleManager: Shutting down and abandoning module GraphEditor (122)
[2015.05.17-20.08.08:188][267]LogModuleManager: Shutting down and abandoning module ClassViewer (121)
[2015.05.17-20.08.08:188][267]LogModuleManager: Shutting down and abandoning module Toolbox (120)
[2015.05.17-20.08.08:188][267]LogModuleManager: Shutting down and abandoning module ModuleUI (119)
[2015.05.17-20.08.08:189][267]LogModuleManager: Shutting down and abandoning module MovieSceneTools (118)
[2015.05.17-20.08.08:189][267]LogModuleManager: Shutting down and abandoning module OutputLog (117)
[2015.05.17-20.08.08:189][267]LogModuleManager: Shutting down and abandoning module GammaUI (116)
[2015.05.17-20.08.08:189][267]LogModuleManager: Shutting down and abandoning module Documentation (115)
[2015.05.17-20.08.08:189][267]LogModuleManager: Shutting down and abandoning module GameLiveStreaming (114)
[2015.05.17-20.08.08:189][267]LogModuleManager: Shutting down and abandoning module StreamingPauseRendering (113)
[2015.05.17-20.08.08:189][267]LogModuleManager: Shutting down and abandoning module HTTP (112)
[2015.05.17-20.08.08:189][267]LogModuleManager: Shutting down and abandoning module AnalyticsET (111)
[2015.05.17-20.08.08:189][267]LogModuleManager: Shutting down and abandoning module Analytics (110)
[2015.05.17-20.08.08:189][267]LogModuleManager: Shutting down and abandoning module AITestSuite (109)
[2015.05.17-20.08.08:189][267]LogModuleManager: Shutting down and abandoning module GameplayDebugger (108)
[2015.05.17-20.08.08:189][267]LogModuleManager: Shutting down and abandoning module AIModule (107)
[2015.05.17-20.08.08:189][267]LogModuleManager: Shutting down and abandoning module ProfilerService (106)
[2015.05.17-20.08.08:223][267]LogModuleManager: Shutting down and abandoning module TaskGraph (105)
[2015.05.17-20.08.08:223][267]LogModuleManager: Shutting down and abandoning module SlateRemote (104)
[2015.05.17-20.08.08:223][267]LogModuleManager: Shutting down and abandoning module ScriptEditorPlugin (103)
[2015.05.17-20.08.08:223][267]LogModuleManager: Shutting down and abandoning module CustomMeshComponent (102)
[2015.05.17-20.08.08:223][267]LogModuleManager: Shutting down and abandoning module CableComponent (101)
[2015.05.17-20.08.08:223][267]LogModuleManager: Shutting down and abandoning module MessagingDebugger (100)
[2015.05.17-20.08.08:223][267]LogModuleManager: Shutting down and abandoning module MediaPlayerEditor (99)
[2015.05.17-20.08.08:223][267]LogModuleManager: Shutting down and abandoning module SpeedTreeImporter (98)
[2015.05.17-20.08.08:223][267]LogModuleManager: Shutting down and abandoning module PluginsEditor (97)
[2015.05.17-20.08.08:223][267]LogModuleManager: Shutting down and abandoning module MainFrame (96)
[2015.05.17-20.08.08:223][267]LogModuleManager: Shutting down and abandoning module EpicSurvey (95)
[2015.05.17-20.08.08:223][267]LogModuleManager: Shutting down and abandoning module DesktopPlatform (94)
[2015.05.17-20.08.08:223][267]LogModuleManager: Shutting down and abandoning module DirectoryWatcher (93)
[2015.05.17-20.08.08:223][267]LogModuleManager: Shutting down and abandoning module HotReload (92)
[2015.05.17-20.08.08:223][267]LogModuleManager: Shutting down and abandoning module VisualStudioSourceCodeAccess (91)
[2015.05.17-20.08.08:223][267]LogModuleManager: Shutting down and abandoning module UObjectPlugin (90)
[2015.05.17-20.08.08:223][267]LogModuleManager: Shutting down and abandoning module SubversionSourceControl (89)
[2015.05.17-20.08.08:223][267]LogModuleManager: Shutting down and abandoning module PerforceSourceControl (88)
[2015.05.17-20.08.08:223][267]LogModuleManager: Shutting down and abandoning module SourceControl (87)
[2015.05.17-20.08.08:223][267]LogModuleManager: Shutting down and abandoning module GitSourceControl (86)
[2015.05.17-20.08.08:223][267]LogModuleManager: Shutting down and abandoning module BlankPlugin (85)
[2015.05.17-20.08.08:223][267]LogModuleManager: Shutting down and abandoning module PaperTiledImporter (84)
[2015.05.17-20.08.08:223][267]LogModuleManager: Shutting down and abandoning module PaperJsonImporter (83)
[2015.05.17-20.08.08:223][267]LogModuleManager: Shutting down and abandoning module ContentBrowser (82)
[2015.05.17-20.08.08:224][267]LogModuleManager: Shutting down and abandoning module Paper2DEditor (81)
[2015.05.17-20.08.08:224][267]LogModuleManager: Shutting down and abandoning module ScriptPlugin (80)
[2015.05.17-20.08.08:224][267]LogModuleManager: Shutting down and abandoning module UdpMessaging (79)
[2015.05.17-20.08.08:324][267]LogModuleManager: Shutting down and abandoning module Paper2D (78)
[2015.05.17-20.08.08:324][267]LogModuleManager: Shutting down and abandoning module WindowsMoviePlayer (77)
[2015.05.17-20.08.08:327][267]LogModuleManager: Shutting down and abandoning module Media (76)
[2015.05.17-20.08.08:327][267]LogModuleManager: Shutting down and abandoning module WmfMedia (75)
[2015.05.17-20.08.08:328][267]LogModuleManager: Shutting down and abandoning module OnlineBlueprintSupport (74)
[2015.05.17-20.08.08:328][267]LogModuleManager: Shutting down and abandoning module PropertyEditor (73)
[2015.05.17-20.08.08:328][267]LogModuleManager: Shutting down and abandoning module BehaviorTreeEditor (72)
[2015.05.17-20.08.08:328][267]LogModuleManager: Shutting down and abandoning module FunctionalTesting (71)
[2015.05.17-20.08.08:328][267]LogModuleManager: Shutting down and abandoning module CollisionAnalyzer (70)
[2015.05.17-20.08.08:328][267]LogModuleManager: Shutting down and abandoning module WorkspaceMenuStructure (69)
[2015.05.17-20.08.08:328][267]LogModuleManager: Shutting down and abandoning module MessageLog (68)
[2015.05.17-20.08.08:328][267]LogModuleManager: Shutting down and abandoning module Sequencer (67)
[2015.05.17-20.08.08:328][267]LogModuleManager: Shutting down and abandoning module AssetTools (66)
[2015.05.17-20.08.08:328][267]LogModuleManager: Shutting down and abandoning module UMGEditor (65)
[2015.05.17-20.08.08:328][267]LogModuleManager: Shutting down and abandoning module UMG (64)
[2015.05.17-20.08.08:328][267]LogModuleManager: Shutting down and abandoning module Slate (63)
[2015.05.17-20.08.08:328][267]LogModuleManager: Shutting down and abandoning module EditorStyle (62)
[2015.05.17-20.08.08:335][267]LogModuleManager: Shutting down and abandoning module SessionServices (61)
[2015.05.17-20.08.08:335][267]LogModuleManager: Shutting down and abandoning module SourceCodeAccess (60)
[2015.05.17-20.08.08:335][267]LogModuleManager: Shutting down and abandoning module HeadMountedDisplay (59)
[2015.05.17-20.08.08:335][267]LogModuleManager: Shutting down and abandoning module XAudio2 (58)
[2015.05.17-20.08.08:335][267]LogModuleManager: Shutting down and abandoning module Networking (56)
[2015.05.17-20.08.08:336][267]LogModuleManager: Shutting down and abandoning module Core (55)
[2015.05.17-20.08.08:336][267]LogModuleManager: Shutting down and abandoning module KismetCompiler (54)
[2015.05.17-20.08.08:336][267]LogModuleManager: Shutting down and abandoning module PhysXFormats (53)
[2015.05.17-20.08.08:336][267]LogModuleManager: Shutting down and abandoning module MeshUtilities (52)
[2015.05.17-20.08.08:336][267]LogModuleManager: Shutting down and abandoning module DerivedDataCache (51)
[2015.05.17-20.08.08:350][267]LogDerivedDataCache: Shutdown
[2015.05.17-20.08.08:350][267]LogModuleManager: Shutting down and abandoning module ShaderFormatOpenGL (50)
[2015.05.17-20.08.08:350][267]LogModuleManager: Shutting down and abandoning module ShaderFormatD3D (49)
[2015.05.17-20.08.08:350][267]LogModuleManager: Shutting down and abandoning module MetalShaderFormat (48)
[2015.05.17-20.08.08:350][267]LogModuleManager: Shutting down and abandoning module TextureFormatUncompressed (47)
[2015.05.17-20.08.08:350][267]LogModuleManager: Shutting down and abandoning module TextureFormatPVR (46)
[2015.05.17-20.08.08:350][267]LogModuleManager: Shutting down and abandoning module TextureFormatIntelISPCTexComp (45)
[2015.05.17-20.08.08:350][267]LogModuleManager: Shutting down and abandoning module TextureFormatDXT (44)
[2015.05.17-20.08.08:350][267]LogModuleManager: Shutting down and abandoning module ImageWrapper (43)
[2015.05.17-20.08.08:350][267]LogModuleManager: Shutting down and abandoning module TextureFormatASTC (42)
[2015.05.17-20.08.08:350][267]LogModuleManager: Shutting down and abandoning module TextureFormatAndroid (41)
[2015.05.17-20.08.08:350][267]LogModuleManager: Shutting down and abandoning module AudioFormatOpus (40)
[2015.05.17-20.08.08:350][267]LogModuleManager: Shutting down and abandoning module AudioFormatOgg (39)
[2015.05.17-20.08.08:350][267]LogModuleManager: Shutting down and abandoning module AudioFormatADPCM (38)
[2015.05.17-20.08.08:350][267]LogModuleManager: Shutting down and abandoning module LinuxTargetPlatform (37)
[2015.05.17-20.08.08:350][267]LogModuleManager: Shutting down and abandoning module LinuxServerTargetPlatform (36)
[2015.05.17-20.08.08:350][267]LogModuleManager: Shutting down and abandoning module LinuxNoEditorTargetPlatform (35)
[2015.05.17-20.08.08:350][267]LogModuleManager: Shutting down and abandoning module Messaging (34)
[2015.05.17-20.08.08:350][267]LogModuleManager: Shutting down and abandoning module IOSTargetPlatform (33)
[2015.05.17-20.08.08:350][267]LogModuleManager: Shutting down and abandoning module HTML5TargetPlatform (32)
[2015.05.17-20.08.08:350][267]LogModuleManager: Shutting down and abandoning module Android_PVRTCTargetPlatform (31)
[2015.05.17-20.08.08:350][267]LogModuleManager: Shutting down and abandoning module Android_ETC2TargetPlatform (30)
[2015.05.17-20.08.08:350][267]LogModuleManager: Shutting down and abandoning module Android_ETC1TargetPlatform (29)
[2015.05.17-20.08.08:350][267]LogModuleManager: Shutting down and abandoning module Android_ES31TargetPlatform (28)
[2015.05.17-20.08.08:350][267]LogModuleManager: Shutting down and abandoning module Android_DXTTargetPlatform (27)
[2015.05.17-20.08.08:350][267]LogModuleManager: Shutting down and abandoning module Android_ATCTargetPlatform (26)
[2015.05.17-20.08.08:350][267]LogModuleManager: Shutting down and abandoning module AndroidTargetPlatform (25)
[2015.05.17-20.08.08:350][267]LogModuleManager: Shutting down and abandoning module WindowsTargetPlatform (24)
[2015.05.17-20.08.08:350][267]LogModuleManager: Shutting down and abandoning module WindowsServerTargetPlatform (23)
[2015.05.17-20.08.08:350][267]LogModuleManager: Shutting down and abandoning module WindowsNoEditorTargetPlatform (22)
[2015.05.17-20.08.08:350][267]LogModuleManager: Shutting down and abandoning module WindowsClientTargetPlatform (21)
[2015.05.17-20.08.08:350][267]LogModuleManager: Shutting down and abandoning module TargetPlatform (20)
[2015.05.17-20.08.08:350][267]LogModuleManager: Shutting down and abandoning module InputCore (19)
[2015.05.17-20.08.08:350][267]LogModuleManager: Shutting down and abandoning module Settings (18)
[2015.05.17-20.08.08:351][267]LogModuleManager: Shutting down and abandoning module OnlineSubsystem (16)
[2015.05.17-20.08.08:351][267]LogModuleManager: Shutting down and abandoning module OculusRift (15)
[2015.05.17-20.08.08:351][267]LogModuleManager: Shutting down and abandoning module ExampleDeviceProfileSelector (14)
[2015.05.17-20.08.08:351][267]LogModuleManager: Shutting down and abandoning module TextureCompressor (13)
[2015.05.17-20.08.08:351][267]LogModuleManager: Shutting down and abandoning module ShaderCore (12)
[2015.05.17-20.08.08:351][267]LogModuleManager: Shutting down and abandoning module Landscape (11)
[2015.05.17-20.08.08:351][267]LogModuleManager: Shutting down and abandoning module SlateRHIRenderer (10)
[2015.05.17-20.08.08:355][267]LogModuleManager: Shutting down and abandoning module OpenGLDrv (9)
[2015.05.17-20.08.08:355][267]LogModuleManager: Shutting down and abandoning module D3D11RHI (8)
[2015.05.17-20.08.08:355][267]LogModuleManager: Shutting down and abandoning module Renderer (7)
[2015.05.17-20.08.08:355][267]LogModuleManager: Shutting down and abandoning module Engine (6)
[2015.05.17-20.08.08:355][267]LogModuleManager: Shutting down and abandoning module CoreUObject (5)
[2015.05.17-20.08.08:356][267]LogModuleManager: Shutting down and abandoning module NetworkFile (4)
[2015.05.17-20.08.08:356][267]LogModuleManager: Shutting down and abandoning module StreamingFile (3)
[2015.05.17-20.08.08:356][267]LogModuleManager: Shutting down and abandoning module SandboxFile (2)
[2015.05.17-20.08.08:356][267]LogModuleManager: Shutting down and abandoning module PakFile (1)
[2015.05.17-20.08.08:356][267]LogExit: Exiting.
[2015.05.17-20.08.08:365][267]Log file closed, 05/17/15 13:08:08
