Log file open, 05/01/15 18:38:06
LogInit:Display: Running engine for game: Mobile48Hour
LogInit: Version: 4.7.6-2513093+++depot+UE4-Releases+4.7
LogInit: API Version: 2455222
LogInit: Compiled (64-bit): Apr 15 2015 12:09:54
LogInit: Compiled with Visual C++: 18.00.21005.01
LogInit: Build Configuration: Development
LogInit: Branch Name: ++depot+UE4-Releases+4.7
LogInit: Command line:  /Temp/Autosaves/Game/MenuAndLevels/UEDPCInfiPlayLVL -game -PIEVIACONSOLE -ResX=1280 -ResY=720  -Multiprocess -featureleveles2 -faketouches 
LogInit: Base directory: C:/Program Files/Epic Games/4.7/Engine/Binaries/Win64/
LogInit: Rocket: 1
[2015.05.02-01.38.06:844][  0]LogTaskGraph: Started task graph with 3 named threads and 6 total threads.
[2015.05.02-01.38.06:899][  0]LogOnline:Warning: No default platform service specified for OnlineSubsystem
[2015.05.02-01.38.06:941][  0]LogInit: Presizing for 0 objects not considered by GC, pre-allocating 0 bytes.
[2015.05.02-01.38.06:951][  0]LogInit: Object subsystem initialized
[2015.05.02-01.38.06:953][  0]LogConsoleResponse:Warning: Skipping Unknown console variable: 'TranslucentSortAxis = (X=0.000000,Y=-1.000000,Z=0.000000)'
[2015.05.02-01.38.06:953][  0]LogConsoleResponse:Warning:   Found in ini file 'C:/Users/David/Documents/Unreal Projects/Mobile48Hour/Saved/Config/Windows/Engine.ini', in section '[/Script/Engine.RendererSettings]'
[2015.05.02-01.38.06:953][  0]LogConsoleResponse:Warning: Skipping Unknown console variable: 'UIScaleRule = ShortestSide'
[2015.05.02-01.38.06:953][  0]LogConsoleResponse:Warning:   Found in ini file 'C:/Users/David/Documents/Unreal Projects/Mobile48Hour/Saved/Config/Windows/Engine.ini', in section '[/Script/Engine.RendererSettings]'
[2015.05.02-01.38.06:953][  0]LogConsoleResponse:Warning: Skipping Unknown console variable: 'UIScaleCurve = (EditorCurveData=(Keys=),ExternalCurve=None)'
[2015.05.02-01.38.06:953][  0]LogConsoleResponse:Warning:   Found in ini file 'C:/Users/David/Documents/Unreal Projects/Mobile48Hour/Saved/Config/Windows/Engine.ini', in section '[/Script/Engine.RendererSettings]'
[2015.05.02-01.38.06:954][  0]LogInit: Selected Device Profile: [Windows]
[2015.05.02-01.38.06:954][  0]LogInit: Applying CVar settings loaded from the selected device profile: [Windows]
[2015.05.02-01.38.06:993][  0]LogInit: Computer: DAVOPCX64
[2015.05.02-01.38.06:993][  0]LogInit: User: David
[2015.05.02-01.38.06:993][  0]LogInit: CPU Page size=4096, Cores=4
[2015.05.02-01.38.06:993][  0]LogInit: High frequency timer resolution =3.418037 MHz
[2015.05.02-01.38.06:994][  0]LogMemory: Memory total: Physical=7.9GB (8GB approx) Virtual=8192.0GB
[2015.05.02-01.38.06:994][  0]LogMemory: Platform Memory Stats for Windows
[2015.05.02-01.38.06:994][  0]LogMemory: Process Physical Memory: 48.38 MB used, 48.38 MB peak
[2015.05.02-01.38.06:994][  0]LogMemory: Process Virtual Memory: 28.38 MB used, 28.38 MB peak
[2015.05.02-01.38.06:994][  0]LogMemory: Physical Memory: 3540.97 MB used, 8073.93 MB total
[2015.05.02-01.38.06:994][  0]LogMemory: Virtual Memory: 280.98 MB used, 8388608.00 MB total
[2015.05.02-01.38.07:074][  0]LogD3D11RHI: Found D3D11 adapter 0: AMD Radeon HD 7800 Series (Feature Level 11_0)
[2015.05.02-01.38.07:074][  0]LogD3D11RHI: Adapter has 1003MB of dedicated video memory, 0MB of dedicated system memory, and 3780MB of shared system memory, 2 output[s]
[2015.05.02-01.38.07:143][  0]LogD3D11RHI: Found D3D11 adapter 1: Intel(R) HD Graphics 4000 (Feature Level 11_0)
[2015.05.02-01.38.07:143][  0]LogD3D11RHI: Adapter has 64MB of dedicated video memory, 0MB of dedicated system memory, and 1632MB of shared system memory, 1 output[s]
[2015.05.02-01.38.07:143][  0]LogD3D11RHI: Chosen D3D11 Adapter Id = 0
[2015.05.02-01.38.07:148][  0]LogRHI: Texture pool is 702 MB (70% of 1003 MB)
[2015.05.02-01.38.07:157][  0]LogD3D11RHI: Async texture creation disabled: no driver support
[2015.05.02-01.38.07:411][  0]LogTextLocalizationManager: The requested culture ('en_US') has no localization data; parent culture's ('en') localization data will be used.
[2015.05.02-01.38.07:494][  0]LogTextLocalizationManager:Warning: Loading localization resources contain conflicting entries for (Namespace:UICommands, Key:Save_ToolTip):
Resource: (C:/Program Files/Epic Games/4.7/Engine/Content/Localization/Editor/en/Editor.locres) Hash: (-29098895) String: (Saves the current level to disk)
Resource: (C:/Program Files/Epic Games/4.7/Engine/Content/Localization/Engine/en/Engine.locres) Hash: (-1280300587) String: (Save selected data to vlog file)
[2015.05.02-01.38.07:494][  0]LogTextLocalizationManager:Warning: Loading localization resources contain conflicting entries for (Namespace:ContentBrowser, Key:ImportAssetToolTip):
Resource: (C:/Program Files/Epic Games/4.7/Engine/Content/Localization/Editor/en/Editor.locres) Hash: (-630476809) String: (Import to {0}...)
Resource: (C:/Program Files/Epic Games/4.7/Engine/Content/Localization/Editor/en/Editor.locres) Hash: (1271782899) String: (Imports an asset from file to this folder.)
[2015.05.02-01.38.07:588][  0]LogContentStreaming: Texture pool size is 700.000000MB
[2015.05.02-01.38.10:162][  0]LogTargetPlatformManager:Display: Building Assets For Windows
[2015.05.02-01.38.10:807][  0]LogTargetPlatformManager:Display: Building Assets For Windows
[2015.05.02-01.38.10:865][  0]LogDerivedDataCache:Display: Max Cache Size: 512 MB
[2015.05.02-01.38.10:915][  0]LogDerivedDataCache: Loaded boot cache 0.05s 39MB C:/Users/David/AppData/Local/UnrealEngine/4.7/DerivedDataCache/Boot.ddc.
[2015.05.02-01.38.10:915][  0]LogDerivedDataCache:Display: Loaded Boot cache: C:/Users/David/AppData/Local/UnrealEngine/4.7/DerivedDataCache/Boot.ddc
[2015.05.02-01.38.10:915][  0]LogDerivedDataCache: FDerivedDataBackendGraph:  Pak pak cache file ../../../../../../Users/David/Documents/Unreal Projects/Mobile48Hour/DerivedDataCache/DDC.ddp not found, will not use a pak cache.
[2015.05.02-01.38.10:915][  0]LogDerivedDataCache: Unable to find inner node Pak for hierarchical cache Hierarchy.
[2015.05.02-01.38.11:038][  0]LogDerivedDataCache:Display: Pak cache opened for reading ../../../Engine/DerivedDataCache/Compressed.ddp.
[2015.05.02-01.38.11:049][  0]LogDerivedDataCache: Using Local data cache path C:/Users/David/AppData/Local/UnrealEngine/Common/DerivedDataCache: Writable
[2015.05.02-01.38.12:878][  0]LogMaterial: Missing cached shader map for material WorldGridMaterial, compiling. Is special engine material.
[2015.05.02-01.38.26:509][  0]LogMaterial: Missing cached shader map for material DefaultDeferredDecalMaterial, compiling. 
[2015.05.02-01.38.26:840][  0]LogMaterial: Missing cached shader map for material DefaultLightFunctionMaterial, compiling. 
[2015.05.02-01.38.26:942][  0]LogMaterial: Missing cached shader map for material DefaultPostProcessMaterial, compiling. 
[2015.05.02-01.38.27:315][  0]LogMaterial: Missing cached shader map for material Widget3DPassThrough, compiling. 
[2015.05.02-01.38.27:348][  0]LogMaterial: Missing cached shader map for material Widget3DPassThrough, compiling. 
[2015.05.02-01.38.27:366][  0]LogMaterial: Missing cached shader map for material Widget3DPassThrough, compiling. 
[2015.05.02-01.38.27:370][  0]LogMaterial: Missing cached shader map for material Widget3DPassThrough, compiling. 
[2015.05.02-01.38.27:409][  0]LogMaterial: Missing cached shader map for material LandscapeGizmo_Mat, compiling. 
[2015.05.02-01.38.27:424][  0]LogMaterial: Missing cached shader map for material LandscapeGizmoHeight_Mat, compiling. 
[2015.05.02-01.38.27:487][  0]LogMeshUtilities: No automatic mesh reduction module available
[2015.05.02-01.38.27:487][  0]LogMeshUtilities: No automatic mesh merging module available
[2015.05.02-01.38.27:498][  0]LogMaterial: Missing cached shader map for material SplineEditorMeshMat, compiling. 
[2015.05.02-01.38.27:660][  0]LogMaterial: Missing cached shader map for material SkySphereMaterial, compiling. 
[2015.05.02-01.38.27:682][  0]LogMaterial: Missing cached shader map for material FloorPlaneMaterial, compiling. 
[2015.05.02-01.38.27:873][  0]LogMaterial: Missing cached shader map for material MatineeCam_mat, compiling. 
[2015.05.02-01.38.27:911][  0]LogMaterial: Missing cached shader map for material HelpActorMaterial, compiling. 
[2015.05.02-01.38.27:990][  0]LogMaterial: Missing cached shader map for material DefaultTextMaterialOpaque, compiling. 
[2015.05.02-01.38.28:101][  0]LogMaterial: Missing cached shader map for material DefaultMaterial, compiling. 
[2015.05.02-01.38.28:199][  0]LogInit: WinSock: version 1.1 (2.2), MaxSocks=32767, MaxUdp=65467
[2015.05.02-01.38.28:921][  0]LogWindowsMoviePlayer: Unable to load movie: ../../../../../../Users/David/Documents/Unreal Projects/Mobile48Hour/Content/Movies/Default_Startup.mp4
[2015.05.02-01.38.28:998][  0]LogMaterial: Missing cached shader map for material DefaultSpriteMaterial, compiling. 
[2015.05.02-01.38.29:006][  0]LogMaterial: Missing cached shader map for material DefaultSpriteMaterial, compiling. 
[2015.05.02-01.38.29:159][  0]LogSourceControl: RunCommandInternalRaw: 'git version'
[2015.05.02-01.38.29:159][  0]LogSourceControl: RunCommandInternalRaw: ExecProcess ReturnCode=2 OutResults=''
[2015.05.02-01.38.29:209][  0]SourceControl: Info Source control is disabled
[2015.05.02-01.38.29:209][  0]SourceControl: Info Source control is disabled
[2015.05.02-01.38.29:209][  0]SourceControl: Info Source control is disabled
[2015.05.02-01.38.29:224][  0]SourceControl: Info Source control is disabled
[2015.05.02-01.38.29:383][  0]LogObj: 23971 objects as part of root set at end of initial load.
[2015.05.02-01.38.29:383][  0]LogUObjectAllocator: 4988936 out of 0 bytes used by permanent object pool.
[2015.05.02-01.38.29:465][  0]LogMaterial: Missing cached shader map for material HighResScreenshot, compiling. 
[2015.05.02-01.38.29:481][  0]LogMaterial: Missing cached shader map for material HighResScreenshotMask, compiling. 
[2015.05.02-01.38.29:509][  0]LogMaterial: Missing cached shader map for material HighResScreenshotCaptureRegion, compiling. 
[2015.05.02-01.38.29:556][  0]LogAutomationTest:Warning: ERR: Transient text cannot be serialized "Testing Transient serialization detection".
[2015.05.02-01.38.29:558][  0]LogEngine: Initializing Engine...
[2015.05.02-01.38.31:624][  0]LogMaterial: Missing cached shader map for material WireframeMaterial, compiling. Is special engine material.
[2015.05.02-01.38.31:640][  0]LogMaterial: Missing cached shader map for material LevelColorationLitMaterial, compiling. Is special engine material.
[2015.05.02-01.38.31:732][  0]LogMaterial: Missing cached shader map for material LevelColorationUnlitMaterial, compiling. Is special engine material.
[2015.05.02-01.38.31:775][  0]LogMaterial: Missing cached shader map for material MAT_LevelColorationLitLightmapUV, compiling. Is special engine material.
[2015.05.02-01.38.31:775][  0]LogMaterial:Warning: Failed to compile Material /Engine/EngineDebugMaterials/MAT_LevelColorationLitLightmapUV.MAT_LevelColorationLitLightmapUV for platform PCD3D_ES2, Default Material will be used in game.
[2015.05.02-01.38.31:775][  0]LogMaterial:Warning: 	(Node LightmapUVs) Node not supported in feature level ES2
[2015.05.02-01.38.31:795][  0]LogMaterial: Missing cached shader map for material ShadedLevelColorationLitMaterial, compiling. Is special engine material.
[2015.05.02-01.38.31:898][  0]LogMaterial: Missing cached shader map for material ShadedLevelColorationUnlitMateri, compiling. Is special engine material.
[2015.05.02-01.38.31:931][  0]LogMaterial: Missing cached shader map for material VertexColorMaterial, compiling. 
[2015.05.02-01.38.31:969][  0]LogMaterial: Missing cached shader map for material VertexColorViewMode_ColorOnly, compiling. 
[2015.05.02-01.38.31:983][  0]LogMaterial: Missing cached shader map for material VertexColorViewMode_AlphaAsColor, compiling. 
[2015.05.02-01.38.31:996][  0]LogMaterial: Missing cached shader map for material VertexColorViewMode_RedOnly, compiling. 
[2015.05.02-01.38.32:004][  0]LogMaterial: Missing cached shader map for material VertexColorViewMode_GreenOnly, compiling. 
[2015.05.02-01.38.32:031][  0]LogMaterial: Missing cached shader map for material VertexColorViewMode_BlueOnly, compiling. 
[2015.05.02-01.38.32:039][  0]LogMaterial: Missing cached shader map for material RemoveSurfaceMaterial, compiling. 
[2015.05.02-01.38.32:090][  0]LogMaterial: Missing cached shader map for material DebugMeshMaterial, compiling. 
[2015.05.02-01.38.32:102][  0]LogMaterial: Missing cached shader map for material M_InvalidLightmapSettings, compiling. 
[2015.05.02-01.38.32:175][  0]LogMaterial: Missing cached shader map for material GizmoMaterial, compiling. 
[2015.05.02-01.38.32:207][  0]LogInit: XAudio2 using 'Speakers (Realtek High Definition Audio)' : 2 channels at 48 kHz using 32 bits per sample (channel mask 0x3)
[2015.05.02-01.38.32:227][  0]LogInit: FAudioDevice initialized.
[2015.05.02-01.38.32:235][  0]LogInit: Texture streaming: Enabled
[2015.05.02-01.38.32:254][  0]LogMaterial: Missing cached shader map for material BaseColor, compiling. 
[2015.05.02-01.38.32:270][  0]LogMaterial: Missing cached shader map for material CustomDepth, compiling. 
[2015.05.02-01.38.32:309][  0]LogMaterial: Missing cached shader map for material DecalMask, compiling. 
[2015.05.02-01.38.32:376][  0]LogMaterial: Missing cached shader map for material FinalImage, compiling. 
[2015.05.02-01.38.32:408][  0]LogMaterial: Missing cached shader map for material LightingModel, compiling. 
[2015.05.02-01.38.32:434][  0]LogMaterial: Missing cached shader map for material MaterialAO, compiling. 
[2015.05.02-01.38.32:451][  0]LogMaterial: Missing cached shader map for material Metallic, compiling. 
[2015.05.02-01.38.32:497][  0]LogMaterial: Missing cached shader map for material Opacity, compiling. 
[2015.05.02-01.38.32:501][  0]LogMaterial: Missing cached shader map for material Roughness, compiling. 
[2015.05.02-01.38.32:532][  0]LogMaterial: Missing cached shader map for material SceneColor, compiling. 
[2015.05.02-01.38.32:563][  0]LogMaterial: Missing cached shader map for material SceneDepth, compiling. 
[2015.05.02-01.38.32:608][  0]LogMaterial: Missing cached shader map for material SeparateTranslucencyRGB, compiling. 
[2015.05.02-01.38.32:631][  0]LogMaterial: Missing cached shader map for material SeparateTranslucencyA, compiling. 
[2015.05.02-01.38.32:640][  0]LogMaterial: Missing cached shader map for material Specular, compiling. 
[2015.05.02-01.38.32:684][  0]LogMaterial: Missing cached shader map for material SubsurfaceColor, compiling. 
[2015.05.02-01.38.32:720][  0]LogMaterial: Missing cached shader map for material WorldNormal, compiling. 
[2015.05.02-01.38.32:765][  0]LogMaterial: Missing cached shader map for material AmbientOcclusion, compiling. 
[2015.05.02-01.38.32:785][  0]LogMaterial: Missing cached shader map for material CustomDepthWorldUnits, compiling. 
[2015.05.02-01.38.32:792][  0]LogMaterial: Missing cached shader map for material SceneDepthWorldUnits, compiling. 
[2015.05.02-01.38.32:870][  0]LogAnalytics: Creating configured Analytics provider AnalyticsET
[2015.05.02-01.38.32:870][  0]LogAnalytics: ET APIKey = Rocket.Release. APIServer = http://et2.epicgames.com/ET2/. AppVersion = 4.7.6-2513093+++depot+UE4-Releases+4.7
[2015.05.02-01.38.32:870][  0]LogAnalytics: ET APIKey = Rocket.Release. DataRouterUploadURL = https://datarouter-public-service-gamedev.ol.epicgames.net/datarouter/api/v1/public/data. AppVersion = 4.7.6-2513093+++depot+UE4-Releases+4.7
[2015.05.02-01.38.32:870][  0]LogAnalytics: SetUserId 63bad7584199a80b18f5d19af3640327|847b49c4ca63452480b7439378717c51|d31b456e-061b-4b71-818e-0d4e346df735
[2015.05.02-01.38.32:870][  0]LogAnalytics: AnalyticsET::StartSession [Rocket.Release]
[2015.05.02-01.38.32:915][  0]LogNet: Browse: /Temp/Autosaves/Game/MenuAndLevels/UEDPCInfiPlayLVL?Name=Player
[2015.05.02-01.38.32:916][  0]LogLoad: LoadMap: /Temp/Autosaves/Game/MenuAndLevels/UEDPCInfiPlayLVL?Name=Player
[2015.05.02-01.38.33:006][  0]LogMemory: Platform Memory Stats for Windows
[2015.05.02-01.38.33:006][  0]LogMemory: Process Physical Memory: 328.75 MB used, 328.75 MB peak
[2015.05.02-01.38.33:006][  0]LogMemory: Process Virtual Memory: 284.68 MB used, 287.71 MB peak
[2015.05.02-01.38.33:007][  0]LogMemory: Physical Memory: 3948.89 MB used, 8073.93 MB total
[2015.05.02-01.38.33:007][  0]LogMemory: Virtual Memory: 714.21 MB used, 8388608.00 MB total
[2015.05.02-01.38.33:007][  0]LogMemory: 
[2015.05.02-01.38.33:007][  0]Allocator Stats for TBB: (not implemented)
[2015.05.02-01.38.33:838][  0]LogMaterial: Missing cached shader map for material Player_Mat, compiling. 
[2015.05.02-01.38.33:846][  0]LogMaterial: Missing cached shader map for material Ribbon_Mat, compiling. 
[2015.05.02-01.38.33:869][  0]LogMaterial: Missing cached shader map for material block_Mat, compiling. 
[2015.05.02-01.38.33:884][  0]LogMaterial: Missing cached shader map for material BasicShapeMaterial, compiling. 
[2015.05.02-01.38.33:932][  0]LogMaterial: Missing cached shader map for material Carbon_Floor_Mat, compiling. 
[2015.05.02-01.38.33:944][  0]LogWorld: Game class is 'Infi_GameMode_C'
[2015.05.02-01.38.34:009][  0]LogAIModule: Creating AISystem for world InfiPlayLVL
[2015.05.02-01.38.34:020][  0]LogWorld: Bringing World /Temp/Autosaves/Game/MenuAndLevels/UEDPCInfiPlayLVL.InfiPlayLVL up for play (max tick rate 0) at 2015.05.01-18.38.34
[2015.05.02-01.38.34:021][  0]LogWorld: Bringing up level for play took: 0.010947
[2015.05.02-01.38.34:093][  0]LogInit:Display: Game Engine Initialized.
[2015.05.02-01.38.34:334][  0]LogLoad: Full Startup: 30.09 seconds (BP compile: 0.32 seconds)
[2015.05.02-01.38.34:492][  1]LogRenderer:Warning: Reallocating scene render targets to support 1280x720 (Frame:2).
[2015.05.02-01.38.34:496][  1]LogBlueprintUserMessages: false
[2015.05.02-01.38.34:496][  1]LogBlueprintUserMessages: 0.0
[2015.05.02-01.38.34:511][  2]LogBlueprintUserMessages: true
[2015.05.02-01.38.34:511][  2]LogBlueprintUserMessages: 774.774719
[2015.05.02-01.38.34:529][  3]LogBlueprintUserMessages: true
[2015.05.02-01.38.34:529][  3]LogBlueprintUserMessages: 774.774719
[2015.05.02-01.38.34:544][  4]LogBlueprintUserMessages: true
[2015.05.02-01.38.34:544][  4]LogBlueprintUserMessages: 774.774719
[2015.05.02-01.38.34:562][  5]LogBlueprintUserMessages: true
[2015.05.02-01.38.34:563][  5]LogBlueprintUserMessages: 774.774719
[2015.05.02-01.38.34:576][  6]LogBlueprintUserMessages: true
[2015.05.02-01.38.34:576][  6]LogBlueprintUserMessages: 774.774719
[2015.05.02-01.38.34:592][  7]LogBlueprintUserMessages: true
[2015.05.02-01.38.34:592][  7]LogBlueprintUserMessages: 774.774719
[2015.05.02-01.38.34:608][  8]LogBlueprintUserMessages: true
[2015.05.02-01.38.34:608][  8]LogBlueprintUserMessages: 774.774719
[2015.05.02-01.38.34:624][  9]LogBlueprintUserMessages: true
[2015.05.02-01.38.34:624][  9]LogBlueprintUserMessages: 774.774719
[2015.05.02-01.38.34:646][ 10]LogBlueprintUserMessages: true
[2015.05.02-01.38.34:646][ 10]LogBlueprintUserMessages: 774.774719
[2015.05.02-01.38.34:663][ 11]LogBlueprintUserMessages: true
[2015.05.02-01.38.34:663][ 11]LogBlueprintUserMessages: 774.774719
[2015.05.02-01.38.34:677][ 12]LogBlueprintUserMessages: true
[2015.05.02-01.38.34:677][ 12]LogBlueprintUserMessages: 774.774719
[2015.05.02-01.38.34:695][ 13]LogBlueprintUserMessages: true
[2015.05.02-01.38.34:695][ 13]LogBlueprintUserMessages: 774.774719
[2015.05.02-01.38.34:710][ 14]LogBlueprintUserMessages: true
[2015.05.02-01.38.34:710][ 14]LogBlueprintUserMessages: 774.774719
[2015.05.02-01.38.34:726][ 15]LogBlueprintUserMessages: true
[2015.05.02-01.38.34:726][ 15]LogBlueprintUserMessages: 774.774719
[2015.05.02-01.38.34:741][ 16]LogBlueprintUserMessages: true
[2015.05.02-01.38.34:742][ 16]LogBlueprintUserMessages: 774.774719
[2015.05.02-01.38.34:758][ 17]LogBlueprintUserMessages: true
[2015.05.02-01.38.34:758][ 17]LogBlueprintUserMessages: 774.774719
[2015.05.02-01.38.34:773][ 18]LogBlueprintUserMessages: true
[2015.05.02-01.38.34:774][ 18]LogBlueprintUserMessages: 774.774719
[2015.05.02-01.38.34:790][ 19]LogBlueprintUserMessages: true
[2015.05.02-01.38.34:790][ 19]LogBlueprintUserMessages: 774.774719
[2015.05.02-01.38.34:806][ 20]LogBlueprintUserMessages: true
[2015.05.02-01.38.34:806][ 20]LogBlueprintUserMessages: 774.774719
[2015.05.02-01.38.34:822][ 21]LogBlueprintUserMessages: true
[2015.05.02-01.38.34:822][ 21]LogBlueprintUserMessages: 774.774719
[2015.05.02-01.38.34:838][ 22]LogBlueprintUserMessages: true
[2015.05.02-01.38.34:838][ 22]LogBlueprintUserMessages: 774.774719
[2015.05.02-01.38.34:854][ 23]LogBlueprintUserMessages: true
[2015.05.02-01.38.34:854][ 23]LogBlueprintUserMessages: 774.774719
[2015.05.02-01.38.34:870][ 24]LogBlueprintUserMessages: true
[2015.05.02-01.38.34:870][ 24]LogBlueprintUserMessages: 774.774719
[2015.05.02-01.38.34:886][ 25]LogBlueprintUserMessages: true
[2015.05.02-01.38.34:886][ 25]LogBlueprintUserMessages: 776.276245
[2015.05.02-01.38.34:903][ 26]LogBlueprintUserMessages: true
[2015.05.02-01.38.34:903][ 26]LogBlueprintUserMessages: 780.780762
[2015.05.02-01.38.34:919][ 27]LogBlueprintUserMessages: true
[2015.05.02-01.38.34:919][ 27]LogBlueprintUserMessages: 785.285278
[2015.05.02-01.38.34:935][ 28]LogBlueprintUserMessages: true
[2015.05.02-01.38.34:935][ 28]LogBlueprintUserMessages: 789.789734
[2015.05.02-01.38.34:951][ 29]LogBlueprintUserMessages: true
[2015.05.02-01.38.34:951][ 29]LogBlueprintUserMessages: 792.792786
[2015.05.02-01.38.34:969][ 30]LogBlueprintUserMessages: true
[2015.05.02-01.38.34:969][ 30]LogBlueprintUserMessages: 795.795776
[2015.05.02-01.38.34:985][ 31]LogBlueprintUserMessages: true
[2015.05.02-01.38.34:985][ 31]LogBlueprintUserMessages: 797.297241
[2015.05.02-01.38.35:001][ 32]LogBlueprintUserMessages: true
[2015.05.02-01.38.35:001][ 32]LogBlueprintUserMessages: 797.297241
[2015.05.02-01.38.35:018][ 33]LogBlueprintUserMessages: true
[2015.05.02-01.38.35:018][ 33]LogBlueprintUserMessages: 800.300293
[2015.05.02-01.38.49:195][899]LogEngine: All Windows Closed
[2015.05.02-01.38.49:195][899]LogWindows: FPlatformMisc::RequestExit(0)
[2015.05.02-01.38.49:219][900]LogExit: Preparing to exit.
[2015.05.02-01.38.49:339][900]LogParticles: Destroying 0 GPU particle simulations for FXSystem 0x000000000E8AD260
[2015.05.02-01.38.49:339][900]LogExit: Game engine shut down
[2015.05.02-01.38.49:423][900]LogExit: Object subsystem successfully closed.
[2015.05.02-01.38.49:461][900]LogModuleManager: Shutting down and abandoning module AndroidDeviceDetection (106)
[2015.05.02-01.38.50:377][900]LogModuleManager: Shutting down and abandoning module AutomationWorker (105)
[2015.05.02-01.38.50:377][900]LogModuleManager: Shutting down and abandoning module CharacterAI (104)
[2015.05.02-01.38.50:377][900]LogModuleManager: Shutting down and abandoning module AITestSuite (103)
[2015.05.02-01.38.50:377][900]LogModuleManager: Shutting down and abandoning module GameplayDebugger (102)
[2015.05.02-01.38.50:377][900]LogModuleManager: Shutting down and abandoning module AIModule (101)
[2015.05.02-01.38.50:377][900]LogModuleManager: Shutting down and abandoning module GameLiveStreaming (100)
[2015.05.02-01.38.50:377][900]LogModuleManager: Shutting down and abandoning module StreamingPauseRendering (99)
[2015.05.02-01.38.50:378][900]LogModuleManager: Shutting down and abandoning module HTTP (98)
[2015.05.02-01.38.50:378][900]LogModuleManager: Shutting down and abandoning module AnalyticsET (97)
[2015.05.02-01.38.50:378][900]LogModuleManager: Shutting down and abandoning module Analytics (96)
[2015.05.02-01.38.50:378][900]LogModuleManager: Shutting down and abandoning module ProfilerService (95)
[2015.05.02-01.38.50:449][900]LogModuleManager: Shutting down and abandoning module TaskGraph (94)
[2015.05.02-01.38.50:449][900]LogModuleManager: Shutting down and abandoning module SlateRemote (93)
[2015.05.02-01.38.50:449][900]LogModuleManager: Shutting down and abandoning module CustomMeshComponent (92)
[2015.05.02-01.38.50:449][900]LogModuleManager: Shutting down and abandoning module CableComponent (91)
[2015.05.02-01.38.50:449][900]LogModuleManager: Shutting down and abandoning module DesktopPlatform (90)
[2015.05.02-01.38.50:449][900]LogModuleManager: Shutting down and abandoning module DirectoryWatcher (89)
[2015.05.02-01.38.50:449][900]LogModuleManager: Shutting down and abandoning module HotReload (88)
[2015.05.02-01.38.50:449][900]LogModuleManager: Shutting down and abandoning module VisualStudioSourceCodeAccess (87)
[2015.05.02-01.38.50:449][900]LogModuleManager: Shutting down and abandoning module UObjectPlugin (86)
[2015.05.02-01.38.50:449][900]LogModuleManager: Shutting down and abandoning module SubversionSourceControl (85)
[2015.05.02-01.38.50:449][900]LogModuleManager: Shutting down and abandoning module GitSourceControl (84)
[2015.05.02-01.38.50:449][900]LogModuleManager: Shutting down and abandoning module SourceControl (83)
[2015.05.02-01.38.50:449][900]LogModuleManager: Shutting down and abandoning module PerforceSourceControl (82)
[2015.05.02-01.38.50:449][900]LogModuleManager: Shutting down and abandoning module BlankPlugin (81)
[2015.05.02-01.38.50:449][900]LogModuleManager: Shutting down and abandoning module ScriptPlugin (80)
[2015.05.02-01.38.50:449][900]LogModuleManager: Shutting down and abandoning module UdpMessaging (79)
[2015.05.02-01.38.50:449][900]LogModuleManager: Shutting down and abandoning module Paper2D (78)
[2015.05.02-01.38.50:449][900]LogModuleManager: Shutting down and abandoning module WindowsMoviePlayer (77)
[2015.05.02-01.38.50:449][900]LogModuleManager: Shutting down and abandoning module Media (76)
[2015.05.02-01.38.50:449][900]LogModuleManager: Shutting down and abandoning module WmfMedia (75)
[2015.05.02-01.38.50:449][900]LogModuleManager: Shutting down and abandoning module OnlineBlueprintSupport (74)
[2015.05.02-01.38.50:450][900]LogModuleManager: Shutting down and abandoning module PropertyEditor (73)
[2015.05.02-01.38.50:450][900]LogModuleManager: Shutting down and abandoning module BehaviorTreeEditor (72)
[2015.05.02-01.38.50:450][900]LogModuleManager: Shutting down and abandoning module FunctionalTesting (71)
[2015.05.02-01.38.50:450][900]LogModuleManager: Shutting down and abandoning module CollisionAnalyzer (70)
[2015.05.02-01.38.50:450][900]LogModuleManager: Shutting down and abandoning module WorkspaceMenuStructure (69)
[2015.05.02-01.38.50:450][900]LogModuleManager: Shutting down and abandoning module MessageLog (68)
[2015.05.02-01.38.50:450][900]LogModuleManager: Shutting down and abandoning module Sequencer (67)
[2015.05.02-01.38.50:450][900]LogModuleManager: Shutting down and abandoning module AssetTools (66)
[2015.05.02-01.38.50:450][900]LogModuleManager: Shutting down and abandoning module UMGEditor (65)
[2015.05.02-01.38.50:450][900]LogModuleManager: Shutting down and abandoning module UMG (64)
[2015.05.02-01.38.50:450][900]LogModuleManager: Shutting down and abandoning module Slate (63)
[2015.05.02-01.38.50:450][900]LogModuleManager: Shutting down and abandoning module EditorStyle (62)
[2015.05.02-01.38.50:454][900]LogModuleManager: Shutting down and abandoning module SessionServices (61)
[2015.05.02-01.38.50:454][900]LogModuleManager: Shutting down and abandoning module SourceCodeAccess (60)
[2015.05.02-01.38.50:454][900]LogModuleManager: Shutting down and abandoning module HeadMountedDisplay (59)
[2015.05.02-01.38.50:454][900]LogModuleManager: Shutting down and abandoning module XAudio2 (58)
[2015.05.02-01.38.50:454][900]LogModuleManager: Shutting down and abandoning module Networking (56)
[2015.05.02-01.38.50:454][900]LogModuleManager: Shutting down and abandoning module Core (55)
[2015.05.02-01.38.50:454][900]LogModuleManager: Shutting down and abandoning module KismetCompiler (54)
[2015.05.02-01.38.50:454][900]LogModuleManager: Shutting down and abandoning module PhysXFormats (53)
[2015.05.02-01.38.50:454][900]LogModuleManager: Shutting down and abandoning module MeshUtilities (52)
[2015.05.02-01.38.50:454][900]LogModuleManager: Shutting down and abandoning module DerivedDataCache (51)
[2015.05.02-01.38.50:570][900]LogDerivedDataCache: Shutdown
[2015.05.02-01.38.50:570][900]LogModuleManager: Shutting down and abandoning module ShaderFormatOpenGL (50)
[2015.05.02-01.38.50:570][900]LogModuleManager: Shutting down and abandoning module ShaderFormatD3D (49)
[2015.05.02-01.38.50:570][900]LogModuleManager: Shutting down and abandoning module MetalShaderFormat (48)
[2015.05.02-01.38.50:570][900]LogModuleManager: Shutting down and abandoning module TextureFormatUncompressed (47)
[2015.05.02-01.38.50:570][900]LogModuleManager: Shutting down and abandoning module TextureFormatPVR (46)
[2015.05.02-01.38.50:570][900]LogModuleManager: Shutting down and abandoning module TextureFormatIntelISPCTexComp (45)
[2015.05.02-01.38.50:570][900]LogModuleManager: Shutting down and abandoning module TextureFormatDXT (44)
[2015.05.02-01.38.50:570][900]LogModuleManager: Shutting down and abandoning module ImageWrapper (43)
[2015.05.02-01.38.50:570][900]LogModuleManager: Shutting down and abandoning module TextureFormatASTC (42)
[2015.05.02-01.38.50:570][900]LogModuleManager: Shutting down and abandoning module TextureFormatAndroid (41)
[2015.05.02-01.38.50:570][900]LogModuleManager: Shutting down and abandoning module AudioFormatOpus (40)
[2015.05.02-01.38.50:570][900]LogModuleManager: Shutting down and abandoning module AudioFormatOgg (39)
[2015.05.02-01.38.50:570][900]LogModuleManager: Shutting down and abandoning module AudioFormatADPCM (38)
[2015.05.02-01.38.50:570][900]LogModuleManager: Shutting down and abandoning module LinuxTargetPlatform (37)
[2015.05.02-01.38.50:570][900]LogModuleManager: Shutting down and abandoning module LinuxServerTargetPlatform (36)
[2015.05.02-01.38.50:570][900]LogModuleManager: Shutting down and abandoning module LinuxNoEditorTargetPlatform (35)
[2015.05.02-01.38.50:570][900]LogModuleManager: Shutting down and abandoning module Messaging (34)
[2015.05.02-01.38.50:570][900]LogModuleManager: Shutting down and abandoning module IOSTargetPlatform (33)
[2015.05.02-01.38.50:570][900]LogModuleManager: Shutting down and abandoning module HTML5TargetPlatform (32)
[2015.05.02-01.38.50:570][900]LogModuleManager: Shutting down and abandoning module Android_PVRTCTargetPlatform (31)
[2015.05.02-01.38.50:570][900]LogModuleManager: Shutting down and abandoning module Android_ETC2TargetPlatform (30)
[2015.05.02-01.38.50:570][900]LogModuleManager: Shutting down and abandoning module Android_ETC1TargetPlatform (29)
[2015.05.02-01.38.50:570][900]LogModuleManager: Shutting down and abandoning module Android_ES31TargetPlatform (28)
[2015.05.02-01.38.50:570][900]LogModuleManager: Shutting down and abandoning module Android_DXTTargetPlatform (27)
[2015.05.02-01.38.50:570][900]LogModuleManager: Shutting down and abandoning module Android_ATCTargetPlatform (26)
[2015.05.02-01.38.50:570][900]LogModuleManager: Shutting down and abandoning module AndroidTargetPlatform (25)
[2015.05.02-01.38.50:570][900]LogModuleManager: Shutting down and abandoning module WindowsTargetPlatform (24)
[2015.05.02-01.38.50:570][900]LogModuleManager: Shutting down and abandoning module WindowsServerTargetPlatform (23)
[2015.05.02-01.38.50:570][900]LogModuleManager: Shutting down and abandoning module WindowsNoEditorTargetPlatform (22)
[2015.05.02-01.38.50:570][900]LogModuleManager: Shutting down and abandoning module WindowsClientTargetPlatform (21)
[2015.05.02-01.38.50:570][900]LogModuleManager: Shutting down and abandoning module TargetPlatform (20)
[2015.05.02-01.38.50:570][900]LogModuleManager: Shutting down and abandoning module InputCore (19)
[2015.05.02-01.38.50:570][900]LogModuleManager: Shutting down and abandoning module Settings (18)
[2015.05.02-01.38.50:570][900]LogModuleManager: Shutting down and abandoning module OnlineSubsystem (16)
[2015.05.02-01.38.50:570][900]LogModuleManager: Shutting down and abandoning module OculusRift (15)
[2015.05.02-01.38.50:570][900]LogModuleManager: Shutting down and abandoning module ExampleDeviceProfileSelector (14)
[2015.05.02-01.38.50:570][900]LogModuleManager: Shutting down and abandoning module TextureCompressor (13)
[2015.05.02-01.38.50:570][900]LogModuleManager: Shutting down and abandoning module ShaderCore (12)
[2015.05.02-01.38.50:570][900]LogModuleManager: Shutting down and abandoning module Landscape (11)
[2015.05.02-01.38.50:570][900]LogModuleManager: Shutting down and abandoning module SlateRHIRenderer (10)
[2015.05.02-01.38.50:570][900]LogModuleManager: Shutting down and abandoning module OpenGLDrv (9)
[2015.05.02-01.38.50:570][900]LogModuleManager: Shutting down and abandoning module D3D11RHI (8)
[2015.05.02-01.38.50:570][900]LogModuleManager: Shutting down and abandoning module Renderer (7)
[2015.05.02-01.38.50:570][900]LogModuleManager: Shutting down and abandoning module Engine (6)
[2015.05.02-01.38.50:570][900]LogModuleManager: Shutting down and abandoning module CoreUObject (5)
[2015.05.02-01.38.50:570][900]LogModuleManager: Shutting down and abandoning module NetworkFile (4)
[2015.05.02-01.38.50:570][900]LogModuleManager: Shutting down and abandoning module StreamingFile (3)
[2015.05.02-01.38.50:570][900]LogModuleManager: Shutting down and abandoning module SandboxFile (2)
[2015.05.02-01.38.50:571][900]LogModuleManager: Shutting down and abandoning module PakFile (1)
[2015.05.02-01.38.50:571][900]LogExit: Exiting.
[2015.05.02-01.38.50:572][900]Log file closed, 05/01/15 18:38:50
