Log file open, 05/18/15 14:47:39
LogInit:Display: Running engine for game: Mobile48Hour
LogInit: Version: 4.7.6-2513093+++depot+UE4-Releases+4.7
LogInit: API Version: 2455222
LogInit: Compiled (64-bit): Apr 15 2015 12:09:54
LogInit: Compiled with Visual C++: 18.00.21005.01
LogInit: Build Configuration: Development
LogInit: Branch Name: ++depot+UE4-Releases+4.7
LogInit: Command line: 
LogInit: Base directory: C:/Program Files/Epic Games/4.7/Engine/Binaries/Win64/
LogInit: Rocket: 1
[2015.05.18-21.47.40:047][  0]LogTaskGraph: Started task graph with 3 named threads and 6 total threads.
[2015.05.18-21.47.40:100][  0]LogOnline:Warning: No default platform service specified for OnlineSubsystem
[2015.05.18-21.47.40:112][  0]LogInit: Presizing for 0 objects not considered by GC, pre-allocating 0 bytes.
[2015.05.18-21.47.40:122][  0]LogInit: Object subsystem initialized
[2015.05.18-21.47.40:125][  0]LogConsoleResponse:Warning: Skipping Unknown console variable: 'TranslucentSortAxis = (X=0.000000,Y=-1.000000,Z=0.000000)'
[2015.05.18-21.47.40:125][  0]LogConsoleResponse:Warning:   Found in ini file 'C:/Users/David/Documents/Unreal Projects/Mobile48Hour/Saved/Config/Windows/Engine.ini', in section '[/Script/Engine.RendererSettings]'
[2015.05.18-21.47.40:125][  0]LogConsoleResponse:Warning: Skipping Unknown console variable: 'UIScaleRule = ShortestSide'
[2015.05.18-21.47.40:125][  0]LogConsoleResponse:Warning:   Found in ini file 'C:/Users/David/Documents/Unreal Projects/Mobile48Hour/Saved/Config/Windows/Engine.ini', in section '[/Script/Engine.RendererSettings]'
[2015.05.18-21.47.40:125][  0]LogConsoleResponse:Warning: Skipping Unknown console variable: 'UIScaleCurve = (EditorCurveData=(Keys=),ExternalCurve=None)'
[2015.05.18-21.47.40:125][  0]LogConsoleResponse:Warning:   Found in ini file 'C:/Users/David/Documents/Unreal Projects/Mobile48Hour/Saved/Config/Windows/Engine.ini', in section '[/Script/Engine.RendererSettings]'
[2015.05.18-21.47.40:125][  0]LogInit: Selected Device Profile: [Windows]
[2015.05.18-21.47.40:125][  0]LogInit: Applying CVar settings loaded from the selected device profile: [Windows]
[2015.05.18-21.47.40:156][  0]LogInit: Computer: DAVOPCX64
[2015.05.18-21.47.40:156][  0]LogInit: User: David
[2015.05.18-21.47.40:156][  0]LogInit: CPU Page size=4096, Cores=4
[2015.05.18-21.47.40:156][  0]LogInit: High frequency timer resolution =3.418027 MHz
[2015.05.18-21.47.40:157][  0]LogMemory: Memory total: Physical=7.9GB (8GB approx) Virtual=8192.0GB
[2015.05.18-21.47.40:157][  0]LogMemory: Platform Memory Stats for Windows
[2015.05.18-21.47.40:157][  0]LogMemory: Process Physical Memory: 48.34 MB used, 48.34 MB peak
[2015.05.18-21.47.40:157][  0]LogMemory: Process Virtual Memory: 28.36 MB used, 28.36 MB peak
[2015.05.18-21.47.40:157][  0]LogMemory: Physical Memory: 5407.62 MB used, 8073.93 MB total
[2015.05.18-21.47.40:157][  0]LogMemory: Virtual Memory: 281.56 MB used, 8388608.00 MB total
[2015.05.18-21.47.40:178][  0]LogD3D11RHI: Found D3D11 adapter 0: AMD Radeon HD 7800 Series (Feature Level 11_0)
[2015.05.18-21.47.40:178][  0]LogD3D11RHI: Adapter has 1003MB of dedicated video memory, 0MB of dedicated system memory, and 3780MB of shared system memory, 2 output[s]
[2015.05.18-21.47.40:181][  0]LogD3D11RHI: Found D3D11 adapter 1: Intel(R) HD Graphics 4000 (Feature Level 11_0)
[2015.05.18-21.47.40:181][  0]LogD3D11RHI: Adapter has 64MB of dedicated video memory, 0MB of dedicated system memory, and 1632MB of shared system memory, 1 output[s]
[2015.05.18-21.47.40:181][  0]LogD3D11RHI: Chosen D3D11 Adapter Id = 0
[2015.05.18-21.47.40:185][  0]LogRHI: Texture pool is 702 MB (70% of 1003 MB)
[2015.05.18-21.47.40:193][  0]LogD3D11RHI: Async texture creation disabled: no driver support
[2015.05.18-21.47.40:244][  0]LogTextLocalizationManager: The requested culture ('en_US') has no localization data; parent culture's ('en') localization data will be used.
[2015.05.18-21.47.40:306][  0]LogTextLocalizationManager:Warning: Loading localization resources contain conflicting entries for (Namespace:UICommands, Key:Save_ToolTip):
Resource: (C:/Program Files/Epic Games/4.7/Engine/Content/Localization/Editor/en/Editor.locres) Hash: (-29098895) String: (Saves the current level to disk)
Resource: (C:/Program Files/Epic Games/4.7/Engine/Content/Localization/Engine/en/Engine.locres) Hash: (-1280300587) String: (Save selected data to vlog file)
[2015.05.18-21.47.40:306][  0]LogTextLocalizationManager:Warning: Loading localization resources contain conflicting entries for (Namespace:ContentBrowser, Key:ImportAssetToolTip):
Resource: (C:/Program Files/Epic Games/4.7/Engine/Content/Localization/Editor/en/Editor.locres) Hash: (-630476809) String: (Import to {0}...)
Resource: (C:/Program Files/Epic Games/4.7/Engine/Content/Localization/Editor/en/Editor.locres) Hash: (1271782899) String: (Imports an asset from file to this folder.)
[2015.05.18-21.47.40:394][  0]LogContentStreaming: Texture pool size is 0.000000MB
[2015.05.18-21.47.43:037][  0]LogTargetPlatformManager:Display: Building Assets For Windows
[2015.05.18-21.47.43:611][  0]LogTargetPlatformManager:Display: Building Assets For Windows
[2015.05.18-21.47.43:678][  0]LogDerivedDataCache:Display: Max Cache Size: 512 MB
[2015.05.18-21.47.43:751][  0]LogDerivedDataCache: Loaded boot cache 0.07s 39MB C:/Users/David/AppData/Local/UnrealEngine/4.7/DerivedDataCache/Boot.ddc.
[2015.05.18-21.47.43:751][  0]LogDerivedDataCache:Display: Loaded Boot cache: C:/Users/David/AppData/Local/UnrealEngine/4.7/DerivedDataCache/Boot.ddc
[2015.05.18-21.47.43:752][  0]LogDerivedDataCache: FDerivedDataBackendGraph:  Pak pak cache file ../../../../../../Users/David/Documents/Unreal Projects/Mobile48Hour/DerivedDataCache/DDC.ddp not found, will not use a pak cache.
[2015.05.18-21.47.43:752][  0]LogDerivedDataCache: Unable to find inner node Pak for hierarchical cache Hierarchy.
[2015.05.18-21.47.43:878][  0]LogDerivedDataCache:Display: Pak cache opened for reading ../../../Engine/DerivedDataCache/Compressed.ddp.
[2015.05.18-21.47.43:890][  0]LogDerivedDataCache: Using Local data cache path C:/Users/David/AppData/Local/UnrealEngine/Common/DerivedDataCache: Writable
[2015.05.18-21.47.44:247][  0]LogMeshUtilities: No automatic mesh reduction module available
[2015.05.18-21.47.44:247][  0]LogMeshUtilities: No automatic mesh merging module available
[2015.05.18-21.47.44:657][  0]LogInit: WinSock: version 1.1 (2.2), MaxSocks=32767, MaxUdp=65467
[2015.05.18-21.47.44:738][  0]LogSlate:Warning: Failed to load font data from '../../../Engine/Content/Slate/Fonts/Roboto-Italic.ttf'
[2015.05.18-21.47.45:466][  0]UdpMessaging: Initializing bridge on interface 0.0.0.0:0 to multicast group 230.0.0.1:6666.
[2015.05.18-21.47.45:662][  0]SourceControl: Info Source control is disabled
[2015.05.18-21.47.45:663][  0]SourceControl: Info Source control is disabled
[2015.05.18-21.47.45:663][  0]SourceControl: Info Source control is disabled
[2015.05.18-21.47.45:663][  0]LogSourceControl: RunCommandInternalRaw: 'git version'
[2015.05.18-21.47.45:663][  0]LogSourceControl: RunCommandInternalRaw: ExecProcess ReturnCode=2 OutResults=''
[2015.05.18-21.47.45:672][  0]SourceControl: Info Source control is disabled
[2015.05.18-21.47.45:852][  0]LogObj: 24232 objects as part of root set at end of initial load.
[2015.05.18-21.47.45:852][  0]LogUObjectAllocator: 5137176 out of 0 bytes used by permanent object pool.
[2015.05.18-21.47.45:936][  0]LogEngine: Initializing Engine...
[2015.05.18-21.47.49:114][  0]LogInit: XAudio2 using 'Speakers (Realtek High Definition Audio)' : 2 channels at 48 kHz using 32 bits per sample (channel mask 0x3)
[2015.05.18-21.47.49:126][  0]LogInit: FAudioDevice initialized.
[2015.05.18-21.47.49:169][  0]LogAIModule: Creating AISystem for world NewWorld
[2015.05.18-21.47.49:204][  0]LogDerivedDataCache: Saved boot cache 0.03s 39MB C:/Users/David/AppData/Local/UnrealEngine/4.7/DerivedDataCache/Boot.ddc.
[2015.05.18-21.47.49:211][  0]LogInit: Texture streaming: Enabled
[2015.05.18-21.47.49:301][  0]LogAnalytics: Creating configured Analytics provider AnalyticsET
[2015.05.18-21.47.49:301][  0]LogAnalytics: ET APIKey = Rocket.Release. APIServer = http://et2.epicgames.com/ET2/. AppVersion = 4.7.6-2513093+++depot+UE4-Releases+4.7
[2015.05.18-21.47.49:301][  0]LogAnalytics: ET APIKey = Rocket.Release. DataRouterUploadURL = https://datarouter-public-service-gamedev.ol.epicgames.net/datarouter/api/v1/public/data. AppVersion = 4.7.6-2513093+++depot+UE4-Releases+4.7
[2015.05.18-21.47.49:302][  0]LogAnalytics: SetUserId 63bad7584199a80b18f5d19af3640327|847b49c4ca63452480b7439378717c51|d31b456e-061b-4b71-818e-0d4e346df735
[2015.05.18-21.47.49:302][  0]LogAnalytics: AnalyticsET::StartSession [Rocket.Release]
[2015.05.18-21.47.49:320][  0]LogInit: Transaction tracking system initialized
[2015.05.18-21.47.49:482][  0]BlueprintLog: New page: Editor Load
[2015.05.18-21.47.49:515][  0]LogAssetRegistry: FAssetRegistry took 0.0101 seconds to start up
[2015.05.18-21.47.49:515][  0]LogDirectoryWatcher:Warning: Failed to begin reading directory changes for ../../../Engine/Plugins/Experimental/CharacterAI/Content/. Error: 0
[2015.05.18-21.47.50:035][  0]LogTargetPlatformManager:Display: Building Assets For Windows
[2015.05.18-21.47.50:385][  0]LogTargetPlatformManager:Display: Building Assets For Windows
[2015.05.18-21.47.50:902][  0]LogLinker:Warning: Asset '../../../Engine/Content/Tutorial/Mobile/SettingUpAndroidTutorial.uasset' has been saved with empty engine version. The asset will be loaded but may be incompatible.
[2015.05.18-21.47.50:953][  0]LogSlate:Warning: Failed to load font data from '../../../Engine/Content/Editor/Slate/Fonts/Roboto-Regular.ttf'
[2015.05.18-21.47.50:953][  0]LogSlate:Warning: Failed to load font data from '../../../Engine/Content/Editor/Slate/Fonts/Roboto-Bold.ttf'
[2015.05.18-21.47.50:958][  0]LogConsoleResponse:Display: 
[2015.05.18-21.47.51:351][  0]LogCook:Display: Done creating registry. It took  0.00s.
[2015.05.18-21.47.51:531][  0]SourceControl: Info Source control is disabled
[2015.05.18-21.47.51:532][  0]Cmd: MAP LOAD FILE="../../../../../../Users/David/Documents/Unreal Projects/Mobile48Hour/Content/MenuAndLevels/InfiPlayLVL.umap" TEMPLATE=0 SHOWPROGRESS=1 FEATURELEVEL=3
[2015.05.18-21.47.51:577][  0]LightingResults: New page: Lighting Build
[2015.05.18-21.47.51:589][  0]MapCheck: New page: Map Check
[2015.05.18-21.47.51:589][  0]LightingResults: New page: Lighting Build
[2015.05.18-21.47.51:596][  0]LogParticles: Destroying 0 GPU particle simulations for FXSystem 0x0000000018236520
[2015.05.18-21.47.55:909][  0]LogEditorServer: Finished looking for orphan Actors (0.000 secs)
[2015.05.18-21.47.55:911][  0]LogAIModule: Creating AISystem for world InfiPlayLVL
[2015.05.18-21.47.55:911][  0]Cmd: MAP CHECKDEP
[2015.05.18-21.47.55:911][  0]MapCheck: New page: InfiPlayLVL - May 18, 2015, 7:47:55 AM
[2015.05.18-21.47.56:001][  0]MapCheck: Info Map check complete: 0 Error(s), 0 Warning(s), took 89.319ms to complete.
[2015.05.18-21.47.56:001][  0]LogFileHelpers: Loading map 'InfiPlayLVL' took 4.469
[2015.05.18-21.47.57:040][  0]LogCollectionManager: Loaded 0 collections in 0.004107 seconds
[2015.05.18-21.47.57:070][  0]LogContentBrowser: Native class hierarchy populated in 0.0286 seconds. Added 1696 classes and 261 folders.
[2015.05.18-21.47.57:377][  0]LogContentBrowser: Native class hierarchy updated for 'SceneOutliner' in 0.0039 seconds. Added 1 classes and 2 folders.
[2015.05.18-21.47.58:036][  0]LogCrashTracker: Crashtracker disabled due to settings.
[2015.05.18-21.47.58:105][  0]LogSlate:Warning: Failed to load font data from 'Veranda'
[2015.05.18-21.47.58:135][  0]LogUObjectGlobals:Warning: Failed to find object 'Class None.'
[2015.05.18-21.47.58:192][  0]LogLoad: Full Startup: 21.09 seconds (BP compile: 1.14 seconds)
[2015.05.18-21.47.58:571][  0]LogContentBrowser:Verbose: The content browser source was changed by the sources view to '/Game/Object_BPs'
[2015.05.18-21.47.59:059][  0]LogRenderer:Warning: Reallocating scene render targets to support 32x32 (Frame:2).
[2015.05.18-21.47.59:512][  0]LogRenderer:Warning: Reallocating scene render targets to support 1208x632 (Frame:3).
[2015.05.18-21.48.01:540][  6]LogAssetRegistry: Asset discovery search completed in 12.0349 seconds
[2015.05.18-21.50.08:793][551]LogPlayLevel: PIE:  No blueprints needed recompiling
[2015.05.18-21.50.08:794][551]PIE: New page: PIE session: InfiPlayLVL (May 18, 2015, 7:50:08 AM)
[2015.05.18-21.50.08:799][551]LogPlayLevel: PIE: StaticDuplicateObject took: (0.004861s)
[2015.05.18-21.50.08:799][551]LogPlayLevel: PIE: World Init took: (0.000546s)
[2015.05.18-21.50.08:800][551]LogPlayLevel: PIE: Created PIE world by copying editor world from /Game/MenuAndLevels/InfiPlayLVL.InfiPlayLVL to /Game/MenuAndLevels/UEDPIE_0_InfiPlayLVL.InfiPlayLVL (0.005606s)
[2015.05.18-21.50.08:974][551]LogWorld: Game class is 'Infi_GameMode_C'
[2015.05.18-21.50.09:189][551]LogAIModule: Creating AISystem for world InfiPlayLVL
[2015.05.18-21.50.09:192][551]LogWorld: Bringing World /Game/MenuAndLevels/UEDPIE_0_InfiPlayLVL.InfiPlayLVL up for play (max tick rate 0) at 2015.05.18-14.50.09
[2015.05.18-21.50.09:259][551]LogWorld: Bringing up level for play took: 0.069299
[2015.05.18-21.50.09:368][551]PIE: Info Play in editor start time for /Game/MenuAndLevels/UEDPIE_0_InfiPlayLVL 1.578
[2015.05.18-21.50.15:124][ 49]LogParticles: Destroying 0 GPU particle simulations for FXSystem 0x000000000E589BC0
[2015.05.18-21.50.29:289][546]LogContentBrowser:Verbose: The content browser source was changed by the sources view to '/Game/MenuAndLevels'
[2015.05.18-21.50.30:356][673]LogContentBrowser:Verbose: The content browser source was changed by the sources view to '/Game'
[2015.05.18-21.50.31:236][778]LogContentBrowser:Verbose: The content browser source was changed by the sources view to '/Game/Player'
[2015.05.18-21.51.58:427][116]LogContentBrowser:Verbose: The content browser source was changed by the sources view to '/Game/Particles'
[2015.05.18-21.51.58:812][152]LogContentBrowser:Verbose: The content browser source was changed by the sources view to '/Game/Object_BPs'
[2015.05.18-21.53.32:905][561]BlueprintLog: New page: Compile Player_char
[2015.05.18-21.53.33:004][561]LogBlueprint:Error: [compiler] Error The current value of the ' Spawn Transform ' pin is invalid: 'Spawn Transform' must have an input wired into it ("by ref" params expect a valid input to operate on).
[2015.05.18-21.53.33:004][561]LogBlueprint:Error: [compiler] Error The current value of the ' Spawn Transform ' pin is invalid: 'Spawn Transform' must have an input wired into it ("by ref" params expect a valid input to operate on).
[2015.05.18-21.53.33:174][561]LogParticles: Destroying 0 GPU particle simulations for FXSystem 0x000000000DE794E0
[2015.05.18-21.53.33:174][561]LogParticles: Destroying 0 GPU particle simulations for FXSystem 0x0000000026409BC0
[2015.05.18-21.53.33:195][561]LogBlueprint:Warning: [compiler] Warning [0356.09] Compile of Player_char failed. 2 Fatal Issue(s) 0 Warning(s) [in 289 ms]
[2015.05.18-21.53.33:195][561]BlueprintEditorCompileResults:Error: Error The current value of the ' Spawn Transform ' pin is invalid: 'Spawn Transform' must have an input wired into it ("by ref" params expect a valid input to operate on).
[2015.05.18-21.53.33:195][561]BlueprintEditorCompileResults:Error: Error The current value of the ' Spawn Transform ' pin is invalid: 'Spawn Transform' must have an input wired into it ("by ref" params expect a valid input to operate on).
[2015.05.18-21.53.33:195][561]BlueprintEditorCompileResults:Warning: Warning [0356.09] Compile of Player_char failed. 2 Fatal Issue(s) 0 Warning(s) [in 289 ms]
[2015.05.18-21.54.03:937][161]BlueprintLog: New page: Compile Player_char
[2015.05.18-21.54.04:149][161]BlueprintEditorCompileResults: Info [0387.04] Compile of Player_char successful! [in 211 ms]
[2015.05.18-21.54.10:410][883]BlueprintLog: New page: Compile Player_char
[2015.05.18-21.54.10:625][883]BlueprintEditorCompileResults: Info [0393.52] Compile of Player_char successful! [in 214 ms]
[2015.05.18-21.54.18:088][633]BlueprintLog: New page: Compile Player_char
[2015.05.18-21.54.18:302][633]BlueprintEditorCompileResults: Info [0401.19] Compile of Player_char successful! [in 213 ms]
[2015.05.18-21.54.20:835][916]Cmd: OBJ SAVEPACKAGE PACKAGE="/Game/Player/Player_char" FILE="../../../../../../Users/David/Documents/Unreal Projects/Mobile48Hour/Content/Player/Player_char.uasset" SILENT=true
[2015.05.18-21.54.21:824][916]LogSavePackage: Save=402.545685ms
[2015.05.18-21.54.21:824][916]LogSavePackage: Moving '../../../../../../Users/David/Documents/Unreal Projects/Mobile48Hour/Saved/Player_char480FB1604FB159179E8494A12EA92FE1.tmp' to '../../../../../../Users/David/Documents/Unreal Projects/Mobile48Hour/Content/Player/Player_char.uasset'
[2015.05.18-21.54.23:348][ 93]BlueprintLog: New page: Pre-PIE auto-recompile
[2015.05.18-21.54.23:351][ 93]LogPlayLevel: [PIE] Compiling Infi_GameMode before PIE...
[2015.05.18-21.54.23:449][ 93]LogPlayLevel: [PIE] Compiling LongBlockRow before PIE...
[2015.05.18-21.54.23:734][ 93]LogPlayLevel: [PIE] Compiling HUDWIDGET before PIE...
[2015.05.18-21.54.23:867][ 93]LogPlayLevel: [PIE] Compiling Player_char before PIE...
[2015.05.18-21.54.24:090][ 93]LogPlayLevel: PIE:  Blueprint regeneration took 741 ms (4 blueprints)
[2015.05.18-21.54.24:090][ 93]PIE: New page: PIE session: InfiPlayLVL (May 18, 2015, 7:54:24 AM)
[2015.05.18-21.54.24:096][ 93]LogPlayLevel: PIE: StaticDuplicateObject took: (0.005649s)
[2015.05.18-21.54.24:097][ 93]LogPlayLevel: PIE: World Init took: (0.000494s)
[2015.05.18-21.54.24:097][ 93]LogPlayLevel: PIE: Created PIE world by copying editor world from /Game/MenuAndLevels/InfiPlayLVL.InfiPlayLVL to /Game/MenuAndLevels/UEDPIE_0_InfiPlayLVL.InfiPlayLVL (0.006291s)
[2015.05.18-21.54.24:125][ 93]LogWorld: Game class is 'Infi_GameMode_C'
[2015.05.18-21.54.24:127][ 93]LogAIModule: Creating AISystem for world InfiPlayLVL
[2015.05.18-21.54.24:130][ 93]LogWorld: Bringing World /Game/MenuAndLevels/UEDPIE_0_InfiPlayLVL.InfiPlayLVL up for play (max tick rate 0) at 2015.05.18-14.54.24
[2015.05.18-21.54.24:130][ 93]LogWorld: Bringing up level for play took: 0.002829
[2015.05.18-21.54.24:133][ 93]PIE: Info Play in editor start time for /Game/MenuAndLevels/UEDPIE_0_InfiPlayLVL 0.341
[2015.05.18-21.54.29:217][656]LogPackageName: SearchForPackageOnDisk took   0.060s to resolve InfiPlayLVL.umap
[2015.05.18-21.54.29:281][657]LogPackageName: SearchForPackageOnDisk took   0.056s to resolve InfiPlayLVL.umap
[2015.05.18-21.54.29:281][657]LogNet: Browse: /Game/MenuAndLevels/InfiPlayLVL
[2015.05.18-21.54.29:281][657]LogLoad: LoadMap: /Game/MenuAndLevels/InfiPlayLVL
[2015.05.18-21.54.29:311][657]LogParticles: Destroying 0 GPU particle simulations for FXSystem 0x000000001F5FFCE0
[2015.05.18-21.54.29:312][657]Cmd: MEM
[2015.05.18-21.54.29:390][657]LogMemory: Platform Memory Stats for Windows
[2015.05.18-21.54.29:390][657]LogMemory: Process Physical Memory: 617.07 MB used, 617.07 MB peak
[2015.05.18-21.54.29:390][657]LogMemory: Process Virtual Memory: 512.41 MB used, 512.41 MB peak
[2015.05.18-21.54.29:390][657]LogMemory: Physical Memory: 4632.05 MB used, 8073.93 MB total
[2015.05.18-21.54.29:390][657]LogMemory: Virtual Memory: 1038.06 MB used, 8388608.00 MB total
[2015.05.18-21.54.29:390][657]LogMemory: 
[2015.05.18-21.54.29:390][657]Allocator Stats for TBB: (not implemented)
[2015.05.18-21.54.29:418][657]LogPlayLevel: PIE: StaticDuplicateObject took: (0.004865s)
[2015.05.18-21.54.29:419][657]LogPlayLevel: PIE: World Init took: (0.000488s)
[2015.05.18-21.54.29:419][657]LogPlayLevel: PIE: Created PIE world by copying editor world from /Game/MenuAndLevels/InfiPlayLVL.InfiPlayLVL to /Game/MenuAndLevels/UEDPIE_0_InfiPlayLVL.InfiPlayLVL (0.005520s)
[2015.05.18-21.54.29:419][657]LogWorld: Game class is 'Infi_GameMode_C'
[2015.05.18-21.54.29:421][657]LogAIModule: Creating AISystem for world InfiPlayLVL
[2015.05.18-21.54.29:424][657]LogWorld: Bringing World /Game/MenuAndLevels/UEDPIE_0_InfiPlayLVL.InfiPlayLVL up for play (max tick rate 0) at 2015.05.18-14.54.29
[2015.05.18-21.54.29:424][657]LogWorld: Bringing up level for play took: 0.002916
[2015.05.18-21.54.29:774][689]LogParticles: Destroying 0 GPU particle simulations for FXSystem 0x000000001FC3F7E0
[2015.05.18-21.54.55:812][380]LogSavePackage: Save=123.705284ms
[2015.05.18-21.54.55:812][380]LogSavePackage: Moving '../../../../../../Users/David/Documents/Unreal Projects/Mobile48Hour/Saved/InfiPlayLVLC3E1D4A441198B529AEC37A2ACD54F64.tmp' to '../../../../../../Users/David/Documents/Unreal Projects/Mobile48Hour/Content/MenuAndLevels/InfiPlayLVL.umap'
[2015.05.18-21.54.55:868][380]LogFileHelpers: Saving map 'InfiPlayLVL' took 0.343
[2015.05.18-21.55.01:178][919]BlueprintLog: New page: Compile Player_char
[2015.05.18-21.55.01:421][919]BlueprintEditorCompileResults: Info [0444.31] Compile of Player_char successful! [in 243 ms]
[2015.05.18-21.55.03:916][203]BlueprintLog: New page: Pre-PIE auto-recompile
[2015.05.18-21.55.03:919][203]LogPlayLevel: [PIE] Compiling Infi_GameMode before PIE...
[2015.05.18-21.55.04:014][203]LogPlayLevel: [PIE] Compiling LongBlockRow before PIE...
[2015.05.18-21.55.04:257][203]LogPlayLevel: [PIE] Compiling HUDWIDGET before PIE...
[2015.05.18-21.55.04:338][203]LogPlayLevel: [PIE] Compiling Player_char before PIE...
[2015.05.18-21.55.04:552][203]LogPlayLevel: PIE:  Blueprint regeneration took 635 ms (4 blueprints)
[2015.05.18-21.55.04:552][203]PIE: New page: PIE session: InfiPlayLVL (May 18, 2015, 7:55:04 AM)
[2015.05.18-21.55.04:557][203]LogPlayLevel: PIE: StaticDuplicateObject took: (0.004683s)
[2015.05.18-21.55.04:558][203]LogPlayLevel: PIE: World Init took: (0.000474s)
[2015.05.18-21.55.04:558][203]LogPlayLevel: PIE: Created PIE world by copying editor world from /Game/MenuAndLevels/InfiPlayLVL.InfiPlayLVL to /Game/MenuAndLevels/UEDPIE_0_InfiPlayLVL.InfiPlayLVL (0.005302s)
[2015.05.18-21.55.04:587][203]LogWorld: Game class is 'Infi_GameMode_C'
[2015.05.18-21.55.04:589][203]LogAIModule: Creating AISystem for world InfiPlayLVL
[2015.05.18-21.55.04:591][203]LogWorld: Bringing World /Game/MenuAndLevels/UEDPIE_0_InfiPlayLVL.InfiPlayLVL up for play (max tick rate 0) at 2015.05.18-14.55.04
[2015.05.18-21.55.04:592][203]LogWorld: Bringing up level for play took: 0.002700
[2015.05.18-21.55.04:594][203]PIE: Info Play in editor start time for /Game/MenuAndLevels/UEDPIE_0_InfiPlayLVL 0.802
[2015.05.18-21.55.08:517][652]LogPackageName: SearchForPackageOnDisk took   0.059s to resolve InfiPlayLVL.umap
[2015.05.18-21.55.08:579][653]LogPackageName: SearchForPackageOnDisk took   0.055s to resolve InfiPlayLVL.umap
[2015.05.18-21.55.08:579][653]LogNet: Browse: /Game/MenuAndLevels/InfiPlayLVL
[2015.05.18-21.55.08:579][653]LogLoad: LoadMap: /Game/MenuAndLevels/InfiPlayLVL
[2015.05.18-21.55.08:602][653]LogParticles: Destroying 0 GPU particle simulations for FXSystem 0x000000001FC3C360
[2015.05.18-21.55.08:602][653]Cmd: MEM
[2015.05.18-21.55.08:625][653]LogMemory: Platform Memory Stats for Windows
[2015.05.18-21.55.08:625][653]LogMemory: Process Physical Memory: 620.52 MB used, 621.95 MB peak
[2015.05.18-21.55.08:625][653]LogMemory: Process Virtual Memory: 512.73 MB used, 514.17 MB peak
[2015.05.18-21.55.08:625][653]LogMemory: Physical Memory: 4419.19 MB used, 8073.93 MB total
[2015.05.18-21.55.08:625][653]LogMemory: Virtual Memory: 1038.31 MB used, 8388608.00 MB total
[2015.05.18-21.55.08:625][653]LogMemory: 
[2015.05.18-21.55.08:625][653]Allocator Stats for TBB: (not implemented)
[2015.05.18-21.55.08:630][653]LogPlayLevel: PIE: StaticDuplicateObject took: (0.004659s)
[2015.05.18-21.55.08:631][653]LogPlayLevel: PIE: World Init took: (0.000575s)
[2015.05.18-21.55.08:631][653]LogPlayLevel: PIE: Created PIE world by copying editor world from /Game/MenuAndLevels/InfiPlayLVL.InfiPlayLVL to /Game/MenuAndLevels/UEDPIE_0_InfiPlayLVL.InfiPlayLVL (0.005391s)
[2015.05.18-21.55.08:631][653]LogWorld: Game class is 'Infi_GameMode_C'
[2015.05.18-21.55.08:633][653]LogAIModule: Creating AISystem for world InfiPlayLVL
[2015.05.18-21.55.08:636][653]LogWorld: Bringing World /Game/MenuAndLevels/UEDPIE_0_InfiPlayLVL.InfiPlayLVL up for play (max tick rate 0) at 2015.05.18-14.55.08
[2015.05.18-21.55.08:636][653]LogWorld: Bringing up level for play took: 0.002819
[2015.05.18-21.55.12:459][ 92]LogPackageName: SearchForPackageOnDisk took   0.058s to resolve InfiPlayLVL.umap
[2015.05.18-21.55.12:521][ 93]LogPackageName: SearchForPackageOnDisk took   0.055s to resolve InfiPlayLVL.umap
[2015.05.18-21.55.12:521][ 93]LogNet: Browse: /Game/MenuAndLevels/InfiPlayLVL
[2015.05.18-21.55.12:521][ 93]LogLoad: LoadMap: /Game/MenuAndLevels/InfiPlayLVL
[2015.05.18-21.55.12:543][ 93]LogParticles: Destroying 0 GPU particle simulations for FXSystem 0x0000000016473EC0
[2015.05.18-21.55.12:548][ 93]Cmd: MEM
[2015.05.18-21.55.12:567][ 93]LogMemory: Platform Memory Stats for Windows
[2015.05.18-21.55.12:567][ 93]LogMemory: Process Physical Memory: 620.54 MB used, 621.95 MB peak
[2015.05.18-21.55.12:567][ 93]LogMemory: Process Virtual Memory: 512.75 MB used, 514.17 MB peak
[2015.05.18-21.55.12:567][ 93]LogMemory: Physical Memory: 4419.91 MB used, 8073.93 MB total
[2015.05.18-21.55.12:567][ 93]LogMemory: Virtual Memory: 1038.31 MB used, 8388608.00 MB total
[2015.05.18-21.55.12:567][ 93]LogMemory: 
[2015.05.18-21.55.12:567][ 93]Allocator Stats for TBB: (not implemented)
[2015.05.18-21.55.12:572][ 93]LogPlayLevel: PIE: StaticDuplicateObject took: (0.004759s)
[2015.05.18-21.55.12:573][ 93]LogPlayLevel: PIE: World Init took: (0.000485s)
[2015.05.18-21.55.12:573][ 93]LogPlayLevel: PIE: Created PIE world by copying editor world from /Game/MenuAndLevels/InfiPlayLVL.InfiPlayLVL to /Game/MenuAndLevels/UEDPIE_0_InfiPlayLVL.InfiPlayLVL (0.005606s)
[2015.05.18-21.55.12:573][ 93]LogWorld: Game class is 'Infi_GameMode_C'
[2015.05.18-21.55.12:577][ 93]LogAIModule: Creating AISystem for world InfiPlayLVL
[2015.05.18-21.55.12:580][ 93]LogWorld: Bringing World /Game/MenuAndLevels/UEDPIE_0_InfiPlayLVL.InfiPlayLVL up for play (max tick rate 0) at 2015.05.18-14.55.12
[2015.05.18-21.55.12:580][ 93]LogWorld: Bringing up level for play took: 0.002819
[2015.05.18-21.55.15:260][403]LogParticles: Destroying 0 GPU particle simulations for FXSystem 0x0000000016472340
[2015.05.18-21.55.37:090][213]LogEditorViewport: Clicking Background
[2015.05.18-21.56.23:561][848]BlueprintLog: New page: Pre-PIE auto-recompile
[2015.05.18-21.56.23:564][848]LogPlayLevel: [PIE] Compiling Infi_GameMode before PIE...
[2015.05.18-21.56.23:646][848]LogPlayLevel: [PIE] Compiling LongBlockRow before PIE...
[2015.05.18-21.56.23:913][848]LogPlayLevel: [PIE] Compiling HUDWIDGET before PIE...
[2015.05.18-21.56.23:992][848]LogPlayLevel: [PIE] Compiling Player_char before PIE...
[2015.05.18-21.56.24:208][848]LogPlayLevel: PIE:  Blueprint regeneration took 647 ms (4 blueprints)
[2015.05.18-21.56.24:208][848]PIE: New page: PIE session: InfiPlayLVL (May 18, 2015, 7:56:24 AM)
[2015.05.18-21.56.24:214][848]LogPlayLevel: PIE: StaticDuplicateObject took: (0.005268s)
[2015.05.18-21.56.24:214][848]LogPlayLevel: PIE: World Init took: (0.000547s)
[2015.05.18-21.56.24:215][848]LogPlayLevel: PIE: Created PIE world by copying editor world from /Game/MenuAndLevels/InfiPlayLVL.InfiPlayLVL to /Game/MenuAndLevels/UEDPIE_0_InfiPlayLVL.InfiPlayLVL (0.005975s)
[2015.05.18-21.56.24:246][848]LogWorld: Game class is 'Infi_GameMode_C'
[2015.05.18-21.56.24:248][848]LogAIModule: Creating AISystem for world InfiPlayLVL
[2015.05.18-21.56.24:251][848]LogWorld: Bringing World /Game/MenuAndLevels/UEDPIE_0_InfiPlayLVL.InfiPlayLVL up for play (max tick rate 0) at 2015.05.18-14.56.24
[2015.05.18-21.56.24:252][848]LogWorld: Bringing up level for play took: 0.003448
[2015.05.18-21.56.24:256][848]PIE: Info Play in editor start time for /Game/MenuAndLevels/UEDPIE_0_InfiPlayLVL 0.462
[2015.05.18-21.56.41:316][800]LogParticles: Destroying 0 GPU particle simulations for FXSystem 0x0000000029EFAD40
[2015.05.18-21.56.44:038][ 52]LogSavePackage: Save=77.691017ms
[2015.05.18-21.56.44:038][ 52]LogSavePackage: Moving '../../../../../../Users/David/Documents/Unreal Projects/Mobile48Hour/Saved/InfiPlayLVL05546FAA492FE26E7BE5A3AA1C3FCB86.tmp' to '../../../../../../Users/David/Documents/Unreal Projects/Mobile48Hour/Content/MenuAndLevels/InfiPlayLVL.umap'
[2015.05.18-21.56.44:077][ 52]LogFileHelpers: Saving map 'InfiPlayLVL' took 0.272
[2015.05.18-21.56.44:093][ 52]Cmd: OBJ SAVEPACKAGE PACKAGE="/Game/Player/Player_char" FILE="../../../../../../Users/David/Documents/Unreal Projects/Mobile48Hour/Content/Player/Player_char.uasset" SILENT=true
[2015.05.18-21.56.44:504][ 52]LogSavePackage: Save=361.473724ms
[2015.05.18-21.56.44:504][ 52]LogSavePackage: Moving '../../../../../../Users/David/Documents/Unreal Projects/Mobile48Hour/Saved/Player_char4ED61E0C4326257E3C7708829E043CF4.tmp' to '../../../../../../Users/David/Documents/Unreal Projects/Mobile48Hour/Content/Player/Player_char.uasset'
[2015.05.18-21.56.48:736][501]Cmd: QUIT_EDITOR
[2015.05.18-21.56.48:979][501]LogExit: Preparing to exit.
[2015.05.18-21.56.49:572][501]LogExit: Editor shut down
[2015.05.18-21.56.49:573][501]LogExit: Transaction tracking system shut down
[2015.05.18-21.56.49:576][501]LogParticles: Destroying 0 GPU particle simulations for FXSystem 0x000000000DE2D3A0
[2015.05.18-21.56.49:576][501]LogParticles: Destroying 0 GPU particle simulations for FXSystem 0x000000001D566160
[2015.05.18-21.56.49:577][501]LogParticles: Destroying 0 GPU particle simulations for FXSystem 0x000000001D9B7560
[2015.05.18-21.56.49:577][501]LogParticles: Destroying 0 GPU particle simulations for FXSystem 0x000000001D9B5080
[2015.05.18-21.56.49:578][501]LogParticles: Destroying 0 GPU particle simulations for FXSystem 0x00000000193DEDE0
[2015.05.18-21.56.49:578][501]LogParticles: Destroying 0 GPU particle simulations for FXSystem 0x0000000029465B20
[2015.05.18-21.56.49:643][501]LogExit: Object subsystem successfully closed.
[2015.05.18-21.56.49:686][501]LogModuleManager: Shutting down and abandoning module CrashTracker (177)
[2015.05.18-21.56.49:686][501]LogModuleManager: Shutting down and abandoning module SuperSearch (176)
[2015.05.18-21.56.49:686][501]LogModuleManager: Shutting down and abandoning module SceneOutliner (175)
[2015.05.18-21.56.49:686][501]LogModuleManager: Shutting down and abandoning module EditorWidgets (174)
[2015.05.18-21.56.49:686][501]LogModuleManager: Shutting down and abandoning module CollectionManager (173)
[2015.05.18-21.56.49:703][501]LogModuleManager: Shutting down and abandoning module StatsViewer (172)
[2015.05.18-21.56.49:703][501]LogModuleManager: Shutting down and abandoning module FoliageEdit (171)
[2015.05.18-21.56.49:703][501]LogModuleManager: Shutting down and abandoning module LandscapeEditor (170)
[2015.05.18-21.56.49:703][501]LogModuleManager: Shutting down and abandoning module MeshPaint (169)
[2015.05.18-21.56.49:703][501]LogModuleManager: Shutting down and abandoning module ActorPickerMode (168)
[2015.05.18-21.56.49:703][501]LogModuleManager: Shutting down and abandoning module GeometryMode (167)
[2015.05.18-21.56.49:703][501]LogModuleManager: Shutting down and abandoning module TextureAlignMode (166)
[2015.05.18-21.56.49:703][501]LogModuleManager: Shutting down and abandoning module BspMode (165)
[2015.05.18-21.56.49:703][501]LogModuleManager: Shutting down and abandoning module PlacementMode (164)
[2015.05.18-21.56.49:703][501]LogModuleManager: Shutting down and abandoning module AutomationWorker (163)
[2015.05.18-21.56.49:703][501]LogModuleManager: Shutting down and abandoning module CharacterAI (162)
[2015.05.18-21.56.49:703][501]LogModuleManager: Shutting down and abandoning module SmartSnapping (161)
[2015.05.18-21.56.49:703][501]LogModuleManager: Shutting down and abandoning module ViewportSnapping (160)
[2015.05.18-21.56.49:703][501]LogModuleManager: Shutting down and abandoning module LogVisualizer (159)
[2015.05.18-21.56.49:703][501]LogModuleManager: Shutting down and abandoning module GameProjectGeneration (158)
[2015.05.18-21.56.49:703][501]LogModuleManager: Shutting down and abandoning module IntroTutorials (157)
[2015.05.18-21.56.49:703][501]LogModuleManager: Shutting down and abandoning module EditorLiveStreaming (156)
[2015.05.18-21.56.49:703][501]LogModuleManager: Shutting down and abandoning module HardwareTargeting (155)
[2015.05.18-21.56.49:703][501]LogModuleManager: Shutting down and abandoning module DeviceProfileEditor (154)
[2015.05.18-21.56.49:703][501]LogModuleManager: Shutting down and abandoning module UndoHistory (153)
[2015.05.18-21.56.49:703][501]LogModuleManager: Shutting down and abandoning module GameplayTagsEditor (152)
[2015.05.18-21.56.49:703][501]LogModuleManager: Shutting down and abandoning module UserFeedback (151)
[2015.05.18-21.56.49:703][501]LogModuleManager: Shutting down and abandoning module XmlParser (150)
[2015.05.18-21.56.49:703][501]LogModuleManager: Shutting down and abandoning module Blutility (149)
[2015.05.18-21.56.49:703][501]LogModuleManager: Shutting down and abandoning module IOSPlatformEditor (148)
[2015.05.18-21.56.49:703][501]LogModuleManager: Shutting down and abandoning module IOSRuntimeSettings (147)
[2015.05.18-21.56.49:703][501]LogModuleManager: Shutting down and abandoning module AndroidDeviceDetection (146)
[2015.05.18-21.56.50:532][501]LogModuleManager: Shutting down and abandoning module AndroidPlatformEditor (145)
[2015.05.18-21.56.50:532][501]LogModuleManager: Shutting down and abandoning module AndroidRuntimeSettings (144)
[2015.05.18-21.56.50:532][501]LogModuleManager: Shutting down and abandoning module ProjectTargetPlatformEditor (143)
[2015.05.18-21.56.50:532][501]LogModuleManager: Shutting down and abandoning module ProjectSettingsViewer (142)
[2015.05.18-21.56.50:532][501]LogModuleManager: Shutting down and abandoning module InputBindingEditor (141)
[2015.05.18-21.56.50:532][501]LogModuleManager: Shutting down and abandoning module EditorSettingsViewer (140)
[2015.05.18-21.56.50:532][501]LogModuleManager: Shutting down and abandoning module SettingsEditor (139)
[2015.05.18-21.56.50:533][501]LogModuleManager: Shutting down and abandoning module ProjectLauncher (138)
[2015.05.18-21.56.50:533][501]LogModuleManager: Shutting down and abandoning module SessionFrontend (137)
[2015.05.18-21.56.50:533][501]LogModuleManager: Shutting down and abandoning module ProfilerClient (136)
[2015.05.18-21.56.50:533][501]LogModuleManager: Shutting down and abandoning module TargetDeviceServices (135)
[2015.05.18-21.56.50:533][501]LogModuleManager: Shutting down and abandoning module DeviceManager (134)
[2015.05.18-21.56.50:533][501]LogModuleManager: Shutting down and abandoning module AutomationController (133)
[2015.05.18-21.56.50:533][501]LogModuleManager: Shutting down and abandoning module AutomationWindow (132)
[2015.05.18-21.56.50:533][501]LogModuleManager: Shutting down and abandoning module Layers (131)
[2015.05.18-21.56.50:533][501]LogModuleManager: Shutting down and abandoning module ComponentVisualizers (130)
[2015.05.18-21.56.50:533][501]LogModuleManager: Shutting down and abandoning module DetailCustomizations (129)
[2015.05.18-21.56.50:533][501]LogModuleManager: Shutting down and abandoning module PackagesDialog (128)
[2015.05.18-21.56.50:533][501]LogModuleManager: Shutting down and abandoning module AssetRegistry (127)
[2015.05.18-21.56.50:666][501]LogModuleManager: Shutting down and abandoning module Persona (126)
[2015.05.18-21.56.50:666][501]LogModuleManager: Shutting down and abandoning module SlateReflector (125)
[2015.05.18-21.56.50:666][501]LogModuleManager: Shutting down and abandoning module LevelEditor (124)
[2015.05.18-21.56.50:667][501]LogModuleManager: Shutting down and abandoning module Kismet (123)
[2015.05.18-21.56.50:667][501]LogModuleManager: Shutting down and abandoning module GraphEditor (122)
[2015.05.18-21.56.50:667][501]LogModuleManager: Shutting down and abandoning module ClassViewer (121)
[2015.05.18-21.56.50:667][501]LogModuleManager: Shutting down and abandoning module Toolbox (120)
[2015.05.18-21.56.50:668][501]LogModuleManager: Shutting down and abandoning module ModuleUI (119)
[2015.05.18-21.56.50:668][501]LogModuleManager: Shutting down and abandoning module MovieSceneTools (118)
[2015.05.18-21.56.50:668][501]LogModuleManager: Shutting down and abandoning module OutputLog (117)
[2015.05.18-21.56.50:668][501]LogModuleManager: Shutting down and abandoning module GammaUI (116)
[2015.05.18-21.56.50:668][501]LogModuleManager: Shutting down and abandoning module Documentation (115)
[2015.05.18-21.56.50:668][501]LogModuleManager: Shutting down and abandoning module GameLiveStreaming (114)
[2015.05.18-21.56.50:668][501]LogModuleManager: Shutting down and abandoning module StreamingPauseRendering (113)
[2015.05.18-21.56.50:668][501]LogModuleManager: Shutting down and abandoning module HTTP (112)
[2015.05.18-21.56.50:668][501]LogModuleManager: Shutting down and abandoning module AnalyticsET (111)
[2015.05.18-21.56.50:668][501]LogModuleManager: Shutting down and abandoning module Analytics (110)
[2015.05.18-21.56.50:668][501]LogModuleManager: Shutting down and abandoning module AITestSuite (109)
[2015.05.18-21.56.50:668][501]LogModuleManager: Shutting down and abandoning module GameplayDebugger (108)
[2015.05.18-21.56.50:668][501]LogModuleManager: Shutting down and abandoning module AIModule (107)
[2015.05.18-21.56.50:668][501]LogModuleManager: Shutting down and abandoning module ProfilerService (106)
[2015.05.18-21.56.50:913][501]LogModuleManager: Shutting down and abandoning module TaskGraph (105)
[2015.05.18-21.56.50:913][501]LogModuleManager: Shutting down and abandoning module SlateRemote (104)
[2015.05.18-21.56.50:913][501]LogModuleManager: Shutting down and abandoning module ScriptEditorPlugin (103)
[2015.05.18-21.56.50:913][501]LogModuleManager: Shutting down and abandoning module CustomMeshComponent (102)
[2015.05.18-21.56.50:913][501]LogModuleManager: Shutting down and abandoning module CableComponent (101)
[2015.05.18-21.56.50:913][501]LogModuleManager: Shutting down and abandoning module MessagingDebugger (100)
[2015.05.18-21.56.50:913][501]LogModuleManager: Shutting down and abandoning module MediaPlayerEditor (99)
[2015.05.18-21.56.50:913][501]LogModuleManager: Shutting down and abandoning module SpeedTreeImporter (98)
[2015.05.18-21.56.50:913][501]LogModuleManager: Shutting down and abandoning module PluginsEditor (97)
[2015.05.18-21.56.50:913][501]LogModuleManager: Shutting down and abandoning module MainFrame (96)
[2015.05.18-21.56.50:913][501]LogModuleManager: Shutting down and abandoning module EpicSurvey (95)
[2015.05.18-21.56.50:913][501]LogModuleManager: Shutting down and abandoning module DesktopPlatform (94)
[2015.05.18-21.56.50:913][501]LogModuleManager: Shutting down and abandoning module DirectoryWatcher (93)
[2015.05.18-21.56.50:914][501]LogModuleManager: Shutting down and abandoning module HotReload (92)
[2015.05.18-21.56.50:914][501]LogModuleManager: Shutting down and abandoning module VisualStudioSourceCodeAccess (91)
[2015.05.18-21.56.50:914][501]LogModuleManager: Shutting down and abandoning module UObjectPlugin (90)
[2015.05.18-21.56.50:914][501]LogModuleManager: Shutting down and abandoning module SubversionSourceControl (89)
[2015.05.18-21.56.50:914][501]LogModuleManager: Shutting down and abandoning module PerforceSourceControl (88)
[2015.05.18-21.56.50:914][501]LogModuleManager: Shutting down and abandoning module SourceControl (87)
[2015.05.18-21.56.50:914][501]LogModuleManager: Shutting down and abandoning module GitSourceControl (86)
[2015.05.18-21.56.50:914][501]LogModuleManager: Shutting down and abandoning module BlankPlugin (85)
[2015.05.18-21.56.50:914][501]LogModuleManager: Shutting down and abandoning module PaperTiledImporter (84)
[2015.05.18-21.56.50:914][501]LogModuleManager: Shutting down and abandoning module PaperJsonImporter (83)
[2015.05.18-21.56.50:914][501]LogModuleManager: Shutting down and abandoning module ContentBrowser (82)
[2015.05.18-21.56.50:915][501]LogModuleManager: Shutting down and abandoning module Paper2DEditor (81)
[2015.05.18-21.56.50:915][501]LogModuleManager: Shutting down and abandoning module ScriptPlugin (80)
[2015.05.18-21.56.50:915][501]LogModuleManager: Shutting down and abandoning module UdpMessaging (79)
[2015.05.18-21.56.51:015][501]LogModuleManager: Shutting down and abandoning module Paper2D (78)
[2015.05.18-21.56.51:015][501]LogModuleManager: Shutting down and abandoning module WindowsMoviePlayer (77)
[2015.05.18-21.56.51:018][501]LogModuleManager: Shutting down and abandoning module Media (76)
[2015.05.18-21.56.51:018][501]LogModuleManager: Shutting down and abandoning module WmfMedia (75)
[2015.05.18-21.56.51:018][501]LogModuleManager: Shutting down and abandoning module OnlineBlueprintSupport (74)
[2015.05.18-21.56.51:019][501]LogModuleManager: Shutting down and abandoning module PropertyEditor (73)
[2015.05.18-21.56.51:019][501]LogModuleManager: Shutting down and abandoning module BehaviorTreeEditor (72)
[2015.05.18-21.56.51:019][501]LogModuleManager: Shutting down and abandoning module FunctionalTesting (71)
[2015.05.18-21.56.51:019][501]LogModuleManager: Shutting down and abandoning module CollisionAnalyzer (70)
[2015.05.18-21.56.51:019][501]LogModuleManager: Shutting down and abandoning module WorkspaceMenuStructure (69)
[2015.05.18-21.56.51:019][501]LogModuleManager: Shutting down and abandoning module MessageLog (68)
[2015.05.18-21.56.51:019][501]LogModuleManager: Shutting down and abandoning module Sequencer (67)
[2015.05.18-21.56.51:019][501]LogModuleManager: Shutting down and abandoning module AssetTools (66)
[2015.05.18-21.56.51:019][501]LogModuleManager: Shutting down and abandoning module UMGEditor (65)
[2015.05.18-21.56.51:019][501]LogModuleManager: Shutting down and abandoning module UMG (64)
[2015.05.18-21.56.51:019][501]LogModuleManager: Shutting down and abandoning module Slate (63)
[2015.05.18-21.56.51:019][501]LogModuleManager: Shutting down and abandoning module EditorStyle (62)
[2015.05.18-21.56.51:025][501]LogModuleManager: Shutting down and abandoning module SessionServices (61)
[2015.05.18-21.56.51:025][501]LogModuleManager: Shutting down and abandoning module SourceCodeAccess (60)
[2015.05.18-21.56.51:026][501]LogModuleManager: Shutting down and abandoning module HeadMountedDisplay (59)
[2015.05.18-21.56.51:026][501]LogModuleManager: Shutting down and abandoning module XAudio2 (58)
[2015.05.18-21.56.51:026][501]LogModuleManager: Shutting down and abandoning module Networking (56)
[2015.05.18-21.56.51:026][501]LogModuleManager: Shutting down and abandoning module Core (55)
[2015.05.18-21.56.51:026][501]LogModuleManager: Shutting down and abandoning module KismetCompiler (54)
[2015.05.18-21.56.51:026][501]LogModuleManager: Shutting down and abandoning module PhysXFormats (53)
[2015.05.18-21.56.51:026][501]LogModuleManager: Shutting down and abandoning module MeshUtilities (52)
[2015.05.18-21.56.51:026][501]LogModuleManager: Shutting down and abandoning module DerivedDataCache (51)
[2015.05.18-21.56.51:051][501]LogDerivedDataCache: Shutdown
[2015.05.18-21.56.51:051][501]LogModuleManager: Shutting down and abandoning module ShaderFormatOpenGL (50)
[2015.05.18-21.56.51:051][501]LogModuleManager: Shutting down and abandoning module ShaderFormatD3D (49)
[2015.05.18-21.56.51:051][501]LogModuleManager: Shutting down and abandoning module MetalShaderFormat (48)
[2015.05.18-21.56.51:051][501]LogModuleManager: Shutting down and abandoning module TextureFormatUncompressed (47)
[2015.05.18-21.56.51:051][501]LogModuleManager: Shutting down and abandoning module TextureFormatPVR (46)
[2015.05.18-21.56.51:051][501]LogModuleManager: Shutting down and abandoning module TextureFormatIntelISPCTexComp (45)
[2015.05.18-21.56.51:051][501]LogModuleManager: Shutting down and abandoning module TextureFormatDXT (44)
[2015.05.18-21.56.51:051][501]LogModuleManager: Shutting down and abandoning module ImageWrapper (43)
[2015.05.18-21.56.51:051][501]LogModuleManager: Shutting down and abandoning module TextureFormatASTC (42)
[2015.05.18-21.56.51:051][501]LogModuleManager: Shutting down and abandoning module TextureFormatAndroid (41)
[2015.05.18-21.56.51:051][501]LogModuleManager: Shutting down and abandoning module AudioFormatOpus (40)
[2015.05.18-21.56.51:051][501]LogModuleManager: Shutting down and abandoning module AudioFormatOgg (39)
[2015.05.18-21.56.51:051][501]LogModuleManager: Shutting down and abandoning module AudioFormatADPCM (38)
[2015.05.18-21.56.51:051][501]LogModuleManager: Shutting down and abandoning module LinuxTargetPlatform (37)
[2015.05.18-21.56.51:051][501]LogModuleManager: Shutting down and abandoning module LinuxServerTargetPlatform (36)
[2015.05.18-21.56.51:051][501]LogModuleManager: Shutting down and abandoning module LinuxNoEditorTargetPlatform (35)
[2015.05.18-21.56.51:051][501]LogModuleManager: Shutting down and abandoning module Messaging (34)
[2015.05.18-21.56.51:051][501]LogModuleManager: Shutting down and abandoning module IOSTargetPlatform (33)
[2015.05.18-21.56.51:051][501]LogModuleManager: Shutting down and abandoning module HTML5TargetPlatform (32)
[2015.05.18-21.56.51:051][501]LogModuleManager: Shutting down and abandoning module Android_PVRTCTargetPlatform (31)
[2015.05.18-21.56.51:051][501]LogModuleManager: Shutting down and abandoning module Android_ETC2TargetPlatform (30)
[2015.05.18-21.56.51:051][501]LogModuleManager: Shutting down and abandoning module Android_ETC1TargetPlatform (29)
[2015.05.18-21.56.51:051][501]LogModuleManager: Shutting down and abandoning module Android_ES31TargetPlatform (28)
[2015.05.18-21.56.51:051][501]LogModuleManager: Shutting down and abandoning module Android_DXTTargetPlatform (27)
[2015.05.18-21.56.51:051][501]LogModuleManager: Shutting down and abandoning module Android_ATCTargetPlatform (26)
[2015.05.18-21.56.51:051][501]LogModuleManager: Shutting down and abandoning module AndroidTargetPlatform (25)
[2015.05.18-21.56.51:051][501]LogModuleManager: Shutting down and abandoning module WindowsTargetPlatform (24)
[2015.05.18-21.56.51:051][501]LogModuleManager: Shutting down and abandoning module WindowsServerTargetPlatform (23)
[2015.05.18-21.56.51:051][501]LogModuleManager: Shutting down and abandoning module WindowsNoEditorTargetPlatform (22)
[2015.05.18-21.56.51:051][501]LogModuleManager: Shutting down and abandoning module WindowsClientTargetPlatform (21)
[2015.05.18-21.56.51:051][501]LogModuleManager: Shutting down and abandoning module TargetPlatform (20)
[2015.05.18-21.56.51:051][501]LogModuleManager: Shutting down and abandoning module InputCore (19)
[2015.05.18-21.56.51:051][501]LogModuleManager: Shutting down and abandoning module Settings (18)
[2015.05.18-21.56.51:051][501]LogModuleManager: Shutting down and abandoning module OnlineSubsystem (16)
[2015.05.18-21.56.51:051][501]LogModuleManager: Shutting down and abandoning module OculusRift (15)
[2015.05.18-21.56.51:052][501]LogModuleManager: Shutting down and abandoning module ExampleDeviceProfileSelector (14)
[2015.05.18-21.56.51:052][501]LogModuleManager: Shutting down and abandoning module TextureCompressor (13)
[2015.05.18-21.56.51:052][501]LogModuleManager: Shutting down and abandoning module ShaderCore (12)
[2015.05.18-21.56.51:052][501]LogModuleManager: Shutting down and abandoning module Landscape (11)
[2015.05.18-21.56.51:052][501]LogModuleManager: Shutting down and abandoning module SlateRHIRenderer (10)
[2015.05.18-21.56.51:056][501]LogModuleManager: Shutting down and abandoning module OpenGLDrv (9)
[2015.05.18-21.56.51:056][501]LogModuleManager: Shutting down and abandoning module D3D11RHI (8)
[2015.05.18-21.56.51:056][501]LogModuleManager: Shutting down and abandoning module Renderer (7)
[2015.05.18-21.56.51:056][501]LogModuleManager: Shutting down and abandoning module Engine (6)
[2015.05.18-21.56.51:056][501]LogModuleManager: Shutting down and abandoning module CoreUObject (5)
[2015.05.18-21.56.51:056][501]LogModuleManager: Shutting down and abandoning module NetworkFile (4)
[2015.05.18-21.56.51:056][501]LogModuleManager: Shutting down and abandoning module StreamingFile (3)
[2015.05.18-21.56.51:056][501]LogModuleManager: Shutting down and abandoning module SandboxFile (2)
[2015.05.18-21.56.51:056][501]LogModuleManager: Shutting down and abandoning module PakFile (1)
[2015.05.18-21.56.51:057][501]LogExit: Exiting.
[2015.05.18-21.56.51:066][501]Log file closed, 05/18/15 14:56:51
