Log file open, 05/15/15 21:26:37
LogInit:Display: Running engine for game: Mobile48Hour
LogInit: Version: 4.7.6-2513093+++depot+UE4-Releases+4.7
LogInit: API Version: 2455222
LogInit: Compiled (64-bit): Apr 15 2015 12:09:54
LogInit: Compiled with Visual C++: 18.00.21005.01
LogInit: Build Configuration: Development
LogInit: Branch Name: ++depot+UE4-Releases+4.7
LogInit: Command line: 
LogInit: Base directory: C:/Program Files/Epic Games/4.7/Engine/Binaries/Win64/
LogInit: Rocket: 1
[2015.05.16-04.26.37:383][  0]LogTaskGraph: Started task graph with 3 named threads and 6 total threads.
[2015.05.16-04.26.37:450][  0]LogOnline:Warning: No default platform service specified for OnlineSubsystem
[2015.05.16-04.26.37:467][  0]LogInit: Presizing for 0 objects not considered by GC, pre-allocating 0 bytes.
[2015.05.16-04.26.37:477][  0]LogInit: Object subsystem initialized
[2015.05.16-04.26.37:478][  0]LogConsoleResponse:Warning: Skipping Unknown console variable: 'TranslucentSortAxis = (X=0.000000,Y=-1.000000,Z=0.000000)'
[2015.05.16-04.26.37:478][  0]LogConsoleResponse:Warning:   Found in ini file 'C:/Users/David/Documents/Unreal Projects/Mobile48Hour/Saved/Config/Windows/Engine.ini', in section '[/Script/Engine.RendererSettings]'
[2015.05.16-04.26.37:478][  0]LogConsoleResponse:Warning: Skipping Unknown console variable: 'UIScaleRule = ShortestSide'
[2015.05.16-04.26.37:478][  0]LogConsoleResponse:Warning:   Found in ini file 'C:/Users/David/Documents/Unreal Projects/Mobile48Hour/Saved/Config/Windows/Engine.ini', in section '[/Script/Engine.RendererSettings]'
[2015.05.16-04.26.37:478][  0]LogConsoleResponse:Warning: Skipping Unknown console variable: 'UIScaleCurve = (EditorCurveData=(Keys=),ExternalCurve=None)'
[2015.05.16-04.26.37:478][  0]LogConsoleResponse:Warning:   Found in ini file 'C:/Users/David/Documents/Unreal Projects/Mobile48Hour/Saved/Config/Windows/Engine.ini', in section '[/Script/Engine.RendererSettings]'
[2015.05.16-04.26.37:479][  0]LogInit: Selected Device Profile: [Windows]
[2015.05.16-04.26.37:479][  0]LogInit: Applying CVar settings loaded from the selected device profile: [Windows]
[2015.05.16-04.26.37:487][  0]LogInit: Computer: DAVOPCX64
[2015.05.16-04.26.37:487][  0]LogInit: User: David
[2015.05.16-04.26.37:487][  0]LogInit: CPU Page size=4096, Cores=4
[2015.05.16-04.26.37:487][  0]LogInit: High frequency timer resolution =3.418027 MHz
[2015.05.16-04.26.37:487][  0]LogMemory: Memory total: Physical=7.9GB (8GB approx) Virtual=8192.0GB
[2015.05.16-04.26.37:487][  0]LogMemory: Platform Memory Stats for Windows
[2015.05.16-04.26.37:487][  0]LogMemory: Process Physical Memory: 48.35 MB used, 48.35 MB peak
[2015.05.16-04.26.37:487][  0]LogMemory: Process Virtual Memory: 28.36 MB used, 28.36 MB peak
[2015.05.16-04.26.37:487][  0]LogMemory: Physical Memory: 2881.15 MB used, 8073.93 MB total
[2015.05.16-04.26.37:487][  0]LogMemory: Virtual Memory: 281.56 MB used, 8388608.00 MB total
[2015.05.16-04.26.37:509][  0]LogD3D11RHI: Found D3D11 adapter 0: AMD Radeon HD 7800 Series (Feature Level 11_0)
[2015.05.16-04.26.37:509][  0]LogD3D11RHI: Adapter has 1003MB of dedicated video memory, 0MB of dedicated system memory, and 3780MB of shared system memory, 2 output[s]
[2015.05.16-04.26.37:512][  0]LogD3D11RHI: Found D3D11 adapter 1: Intel(R) HD Graphics 4000 (Feature Level 11_0)
[2015.05.16-04.26.37:512][  0]LogD3D11RHI: Adapter has 64MB of dedicated video memory, 0MB of dedicated system memory, and 1632MB of shared system memory, 1 output[s]
[2015.05.16-04.26.37:512][  0]LogD3D11RHI: Chosen D3D11 Adapter Id = 0
[2015.05.16-04.26.37:517][  0]LogRHI: Texture pool is 702 MB (70% of 1003 MB)
[2015.05.16-04.26.37:521][  0]LogD3D11RHI: Async texture creation disabled: no driver support
[2015.05.16-04.26.37:573][  0]LogTextLocalizationManager: The requested culture ('en_US') has no localization data; parent culture's ('en') localization data will be used.
[2015.05.16-04.26.37:628][  0]LogTextLocalizationManager:Warning: Loading localization resources contain conflicting entries for (Namespace:UICommands, Key:Save_ToolTip):
Resource: (C:/Program Files/Epic Games/4.7/Engine/Content/Localization/Editor/en/Editor.locres) Hash: (-29098895) String: (Saves the current level to disk)
Resource: (C:/Program Files/Epic Games/4.7/Engine/Content/Localization/Engine/en/Engine.locres) Hash: (-1280300587) String: (Save selected data to vlog file)
[2015.05.16-04.26.37:628][  0]LogTextLocalizationManager:Warning: Loading localization resources contain conflicting entries for (Namespace:ContentBrowser, Key:ImportAssetToolTip):
Resource: (C:/Program Files/Epic Games/4.7/Engine/Content/Localization/Editor/en/Editor.locres) Hash: (-630476809) String: (Import to {0}...)
Resource: (C:/Program Files/Epic Games/4.7/Engine/Content/Localization/Editor/en/Editor.locres) Hash: (1271782899) String: (Imports an asset from file to this folder.)
[2015.05.16-04.26.37:707][  0]LogContentStreaming: Texture pool size is 0.000000MB
[2015.05.16-04.26.39:923][  0]LogTargetPlatformManager:Display: Building Assets For Windows
[2015.05.16-04.26.40:402][  0]LogTargetPlatformManager:Display: Building Assets For Windows
[2015.05.16-04.26.40:458][  0]LogDerivedDataCache:Display: Max Cache Size: 512 MB
[2015.05.16-04.26.40:510][  0]LogDerivedDataCache: Loaded boot cache 0.05s 39MB C:/Users/David/AppData/Local/UnrealEngine/4.7/DerivedDataCache/Boot.ddc.
[2015.05.16-04.26.40:510][  0]LogDerivedDataCache:Display: Loaded Boot cache: C:/Users/David/AppData/Local/UnrealEngine/4.7/DerivedDataCache/Boot.ddc
[2015.05.16-04.26.40:510][  0]LogDerivedDataCache: FDerivedDataBackendGraph:  Pak pak cache file ../../../../../../Users/David/Documents/Unreal Projects/Mobile48Hour/DerivedDataCache/DDC.ddp not found, will not use a pak cache.
[2015.05.16-04.26.40:510][  0]LogDerivedDataCache: Unable to find inner node Pak for hierarchical cache Hierarchy.
[2015.05.16-04.26.40:628][  0]LogDerivedDataCache:Display: Pak cache opened for reading ../../../Engine/DerivedDataCache/Compressed.ddp.
[2015.05.16-04.26.40:639][  0]LogDerivedDataCache: Using Local data cache path C:/Users/David/AppData/Local/UnrealEngine/Common/DerivedDataCache: Writable
[2015.05.16-04.26.40:930][  0]LogMeshUtilities: No automatic mesh reduction module available
[2015.05.16-04.26.40:930][  0]LogMeshUtilities: No automatic mesh merging module available
[2015.05.16-04.26.41:292][  0]LogInit: WinSock: version 1.1 (2.2), MaxSocks=32767, MaxUdp=65467
[2015.05.16-04.26.41:363][  0]LogSlate:Warning: Failed to load font data from '../../../Engine/Content/Slate/Fonts/Roboto-Italic.ttf'
[2015.05.16-04.26.42:050][  0]UdpMessaging: Initializing bridge on interface 0.0.0.0:0 to multicast group 230.0.0.1:6666.
[2015.05.16-04.26.42:232][  0]SourceControl: Info Source control is disabled
[2015.05.16-04.26.42:232][  0]SourceControl: Info Source control is disabled
[2015.05.16-04.26.42:232][  0]SourceControl: Info Source control is disabled
[2015.05.16-04.26.42:232][  0]LogSourceControl: RunCommandInternalRaw: 'git version'
[2015.05.16-04.26.42:232][  0]LogSourceControl: RunCommandInternalRaw: ExecProcess ReturnCode=2 OutResults=''
[2015.05.16-04.26.42:242][  0]SourceControl: Info Source control is disabled
[2015.05.16-04.26.42:416][  0]LogObj: 24232 objects as part of root set at end of initial load.
[2015.05.16-04.26.42:416][  0]LogUObjectAllocator: 5137176 out of 0 bytes used by permanent object pool.
[2015.05.16-04.26.42:492][  0]LogEngine: Initializing Engine...
[2015.05.16-04.26.45:647][  0]LogInit: XAudio2 using 'Speakers (Realtek High Definition Audio)' : 2 channels at 48 kHz using 32 bits per sample (channel mask 0x3)
[2015.05.16-04.26.45:660][  0]LogInit: FAudioDevice initialized.
[2015.05.16-04.26.45:694][  0]LogAIModule: Creating AISystem for world NewWorld
[2015.05.16-04.26.45:726][  0]LogDerivedDataCache: Saved boot cache 0.03s 39MB C:/Users/David/AppData/Local/UnrealEngine/4.7/DerivedDataCache/Boot.ddc.
[2015.05.16-04.26.45:737][  0]LogInit: Texture streaming: Enabled
[2015.05.16-04.26.45:824][  0]LogAnalytics: Creating configured Analytics provider AnalyticsET
[2015.05.16-04.26.45:824][  0]LogAnalytics: ET APIKey = Rocket.Release. APIServer = http://et2.epicgames.com/ET2/. AppVersion = 4.7.6-2513093+++depot+UE4-Releases+4.7
[2015.05.16-04.26.45:824][  0]LogAnalytics: ET APIKey = Rocket.Release. DataRouterUploadURL = https://datarouter-public-service-gamedev.ol.epicgames.net/datarouter/api/v1/public/data. AppVersion = 4.7.6-2513093+++depot+UE4-Releases+4.7
[2015.05.16-04.26.45:824][  0]LogAnalytics: SetUserId 63bad7584199a80b18f5d19af3640327|847b49c4ca63452480b7439378717c51|d31b456e-061b-4b71-818e-0d4e346df735
[2015.05.16-04.26.45:824][  0]LogAnalytics: AnalyticsET::StartSession [Rocket.Release]
[2015.05.16-04.26.45:843][  0]LogInit: Transaction tracking system initialized
[2015.05.16-04.26.45:998][  0]BlueprintLog: New page: Editor Load
[2015.05.16-04.26.46:030][  0]LogAssetRegistry: FAssetRegistry took 0.0101 seconds to start up
[2015.05.16-04.26.46:031][  0]LogDirectoryWatcher:Warning: Failed to begin reading directory changes for ../../../Engine/Plugins/Experimental/CharacterAI/Content/. Error: 0
[2015.05.16-04.26.46:537][  0]LogTargetPlatformManager:Display: Building Assets For Windows
[2015.05.16-04.26.46:885][  0]LogTargetPlatformManager:Display: Building Assets For Windows
[2015.05.16-04.26.47:369][  0]LogLinker:Warning: Asset '../../../Engine/Content/Tutorial/Mobile/SettingUpAndroidTutorial.uasset' has been saved with empty engine version. The asset will be loaded but may be incompatible.
[2015.05.16-04.26.47:402][  0]LogSlate:Warning: Failed to load font data from '../../../Engine/Content/Editor/Slate/Fonts/Roboto-Regular.ttf'
[2015.05.16-04.26.47:402][  0]LogSlate:Warning: Failed to load font data from '../../../Engine/Content/Editor/Slate/Fonts/Roboto-Bold.ttf'
[2015.05.16-04.26.47:407][  0]LogConsoleResponse:Display: 
[2015.05.16-04.26.47:544][  0]LogCook:Display: Done creating registry. It took  0.00s.
[2015.05.16-04.26.47:675][  0]SourceControl: Info Source control is disabled
[2015.05.16-04.26.47:675][  0]Cmd: MAP LOAD FILE="../../../../../../Users/David/Documents/Unreal Projects/Mobile48Hour/Content/MenuAndLevels/InfiPlayLVL.umap" TEMPLATE=0 SHOWPROGRESS=1 FEATURELEVEL=3
[2015.05.16-04.26.47:721][  0]LightingResults: New page: Lighting Build
[2015.05.16-04.26.47:746][  0]MapCheck: New page: Map Check
[2015.05.16-04.26.47:746][  0]LightingResults: New page: Lighting Build
[2015.05.16-04.26.47:755][  0]LogParticles: Destroying 0 GPU particle simulations for FXSystem 0x0000000013512520
[2015.05.16-04.26.50:530][  0]LogEditorServer: Finished looking for orphan Actors (0.000 secs)
[2015.05.16-04.26.50:531][  0]LogAIModule: Creating AISystem for world InfiPlayLVL
[2015.05.16-04.26.50:532][  0]Cmd: MAP CHECKDEP
[2015.05.16-04.26.50:532][  0]MapCheck: New page: InfiPlayLVL - May 15, 2015, 2:26:50 PM
[2015.05.16-04.26.50:610][  0]MapCheck: Info Map check complete: 0 Error(s), 0 Warning(s), took 77.878ms to complete.
[2015.05.16-04.26.50:610][  0]LogFileHelpers: Loading map 'InfiPlayLVL' took 2.934
[2015.05.16-04.26.50:965][  0]LogCollectionManager: Loaded 0 collections in 0.001499 seconds
[2015.05.16-04.26.50:977][  0]LogContentBrowser: Native class hierarchy populated in 0.0119 seconds. Added 1696 classes and 261 folders.
[2015.05.16-04.26.51:023][  0]LogContentBrowser: Native class hierarchy updated for 'SceneOutliner' in 0.0019 seconds. Added 1 classes and 2 folders.
[2015.05.16-04.26.51:289][  0]LogCrashTracker: Crashtracker disabled due to settings.
[2015.05.16-04.26.51:291][  0]LogSlate:Warning: Failed to load font data from 'Veranda'
[2015.05.16-04.26.51:299][  0]LogUObjectGlobals:Warning: Failed to find object 'Class None.'
[2015.05.16-04.26.51:324][  0]LogLoad: Full Startup: 15.98 seconds (BP compile: 0.74 seconds)
[2015.05.16-04.26.51:339][  0]LogContentBrowser:Verbose: The content browser source was changed by the sources view to '/Game/Player'
[2015.05.16-04.26.51:775][  0]LogRenderer:Warning: Reallocating scene render targets to support 32x32 (Frame:2).
[2015.05.16-04.26.51:931][  0]LogRenderer:Warning: Reallocating scene render targets to support 1208x632 (Frame:4).
[2015.05.16-04.26.52:200][  4]LogAssetRegistry: Asset discovery search completed in 6.1794 seconds
[2015.05.16-04.30.02:131][983]LogPlayLevel: PIE:  No blueprints needed recompiling
[2015.05.16-04.30.02:131][983]PIE: New page: PIE session: InfiPlayLVL (May 15, 2015, 2:30:02 PM)
[2015.05.16-04.30.02:136][983]LogPlayLevel: PIE: StaticDuplicateObject took: (0.004782s)
[2015.05.16-04.30.02:137][983]LogPlayLevel: PIE: World Init took: (0.000576s)
[2015.05.16-04.30.02:137][983]LogPlayLevel: PIE: Created PIE world by copying editor world from /Game/MenuAndLevels/InfiPlayLVL.InfiPlayLVL to /Game/MenuAndLevels/UEDPIE_0_InfiPlayLVL.InfiPlayLVL (0.005555s)
[2015.05.16-04.30.02:250][983]LogWorld: Game class is 'Infi_GameMode_C'
[2015.05.16-04.30.02:255][983]LogAIModule: Creating AISystem for world InfiPlayLVL
[2015.05.16-04.30.02:263][983]LogWorld: Bringing World /Game/MenuAndLevels/UEDPIE_0_InfiPlayLVL.InfiPlayLVL up for play (max tick rate 0) at 2015.05.15-21.30.02
[2015.05.16-04.30.02:265][983]LogWorld: Bringing up level for play took: 0.008329
[2015.05.16-04.30.02:271][983]PIE: Info Play in editor start time for /Game/MenuAndLevels/UEDPIE_0_InfiPlayLVL 0.59
[2015.05.16-04.30.11:863][947]LogParticles: Destroying 0 GPU particle simulations for FXSystem 0x000000001B161940
[2015.05.16-04.30.16:944][188]LogPlayLevel: PIE:  No blueprints needed recompiling
[2015.05.16-04.30.16:944][188]PIE: New page: PIE session: InfiPlayLVL (May 15, 2015, 2:30:16 PM)
[2015.05.16-04.30.16:950][188]LogPlayLevel: PIE: StaticDuplicateObject took: (0.005405s)
[2015.05.16-04.30.16:951][188]LogPlayLevel: PIE: World Init took: (0.000978s)
[2015.05.16-04.30.16:951][188]LogPlayLevel: PIE: Created PIE world by copying editor world from /Game/MenuAndLevels/InfiPlayLVL.InfiPlayLVL to /Game/MenuAndLevels/UEDPIE_0_InfiPlayLVL.InfiPlayLVL (0.006550s)
[2015.05.16-04.30.16:985][188]LogWorld: Game class is 'Infi_GameMode_C'
[2015.05.16-04.30.16:987][188]LogAIModule: Creating AISystem for world InfiPlayLVL
[2015.05.16-04.30.16:990][188]LogWorld: Bringing World /Game/MenuAndLevels/UEDPIE_0_InfiPlayLVL.InfiPlayLVL up for play (max tick rate 0) at 2015.05.15-21.30.16
[2015.05.16-04.30.16:991][188]LogWorld: Bringing up level for play took: 0.003475
[2015.05.16-04.30.16:993][188]PIE: Info Play in editor start time for /Game/MenuAndLevels/UEDPIE_0_InfiPlayLVL -0.687
[2015.05.16-04.30.32:467][ 12]LogPackageName: SearchForPackageOnDisk took   0.060s to resolve InfiPlayLVL.umap
[2015.05.16-04.30.32:529][ 13]LogPackageName: SearchForPackageOnDisk took   0.056s to resolve InfiPlayLVL.umap
[2015.05.16-04.30.32:529][ 13]LogNet: Browse: /Game/MenuAndLevels/InfiPlayLVL
[2015.05.16-04.30.32:529][ 13]LogLoad: LoadMap: /Game/MenuAndLevels/InfiPlayLVL
[2015.05.16-04.30.32:541][ 13]LogParticles: Destroying 0 GPU particle simulations for FXSystem 0x000000000DB87F60
[2015.05.16-04.30.32:544][ 13]Cmd: MEM
[2015.05.16-04.30.32:555][ 13]LogMemory: Platform Memory Stats for Windows
[2015.05.16-04.30.32:555][ 13]LogMemory: Process Physical Memory: 478.50 MB used, 478.50 MB peak
[2015.05.16-04.30.32:555][ 13]LogMemory: Process Virtual Memory: 383.94 MB used, 386.04 MB peak
[2015.05.16-04.30.32:555][ 13]LogMemory: Physical Memory: 3321.05 MB used, 8073.93 MB total
[2015.05.16-04.30.32:555][ 13]LogMemory: Virtual Memory: 954.89 MB used, 8388608.00 MB total
[2015.05.16-04.30.32:555][ 13]LogMemory: 
[2015.05.16-04.30.32:555][ 13]Allocator Stats for TBB: (not implemented)
[2015.05.16-04.30.32:560][ 13]LogPlayLevel: PIE: StaticDuplicateObject took: (0.004716s)
[2015.05.16-04.30.32:560][ 13]LogPlayLevel: PIE: World Init took: (0.000469s)
[2015.05.16-04.30.32:560][ 13]LogPlayLevel: PIE: Created PIE world by copying editor world from /Game/MenuAndLevels/InfiPlayLVL.InfiPlayLVL to /Game/MenuAndLevels/UEDPIE_0_InfiPlayLVL.InfiPlayLVL (0.005326s)
[2015.05.16-04.30.32:560][ 13]LogWorld: Game class is 'Infi_GameMode_C'
[2015.05.16-04.30.32:562][ 13]LogAIModule: Creating AISystem for world InfiPlayLVL
[2015.05.16-04.30.32:566][ 13]LogWorld: Bringing World /Game/MenuAndLevels/UEDPIE_0_InfiPlayLVL.InfiPlayLVL up for play (max tick rate 0) at 2015.05.15-21.30.32
[2015.05.16-04.30.32:566][ 13]LogWorld: Bringing up level for play took: 0.003482
[2015.05.16-04.30.36:138][424]LogParticles: Destroying 0 GPU particle simulations for FXSystem 0x000000000DB8E340
[2015.05.16-04.34.14:847][304]LogPlayLevel: PIE:  No blueprints needed recompiling
[2015.05.16-04.34.14:848][304]PIE: New page: PIE session: InfiPlayLVL (May 15, 2015, 2:34:14 PM)
[2015.05.16-04.34.14:853][304]LogPlayLevel: PIE: StaticDuplicateObject took: (0.004737s)
[2015.05.16-04.34.14:854][304]LogPlayLevel: PIE: World Init took: (0.000734s)
[2015.05.16-04.34.14:854][304]LogPlayLevel: PIE: Created PIE world by copying editor world from /Game/MenuAndLevels/InfiPlayLVL.InfiPlayLVL to /Game/MenuAndLevels/UEDPIE_0_InfiPlayLVL.InfiPlayLVL (0.005640s)
[2015.05.16-04.34.14:887][304]LogWorld: Game class is 'Infi_GameMode_C'
[2015.05.16-04.34.14:889][304]LogAIModule: Creating AISystem for world InfiPlayLVL
[2015.05.16-04.34.14:892][304]LogWorld: Bringing World /Game/MenuAndLevels/UEDPIE_0_InfiPlayLVL.InfiPlayLVL up for play (max tick rate 0) at 2015.05.15-21.34.14
[2015.05.16-04.34.14:893][304]LogWorld: Bringing up level for play took: 0.003567
[2015.05.16-04.34.14:896][304]PIE: Info Play in editor start time for /Game/MenuAndLevels/UEDPIE_0_InfiPlayLVL -0.787
[2015.05.16-04.34.45:558][843]LogPackageName: SearchForPackageOnDisk took   0.062s to resolve InfiPlayLVL.umap
[2015.05.16-04.34.45:621][844]LogPackageName: SearchForPackageOnDisk took   0.057s to resolve InfiPlayLVL.umap
[2015.05.16-04.34.45:621][844]LogNet: Browse: /Game/MenuAndLevels/InfiPlayLVL
[2015.05.16-04.34.45:621][844]LogLoad: LoadMap: /Game/MenuAndLevels/InfiPlayLVL
[2015.05.16-04.34.45:633][844]LogParticles: Destroying 0 GPU particle simulations for FXSystem 0x000000001803ADE0
[2015.05.16-04.34.45:636][844]Cmd: MEM
[2015.05.16-04.34.45:647][844]LogMemory: Platform Memory Stats for Windows
[2015.05.16-04.34.45:647][844]LogMemory: Process Physical Memory: 479.34 MB used, 479.43 MB peak
[2015.05.16-04.34.45:647][844]LogMemory: Process Virtual Memory: 383.78 MB used, 386.04 MB peak
[2015.05.16-04.34.45:647][844]LogMemory: Physical Memory: 3628.99 MB used, 8073.93 MB total
[2015.05.16-04.34.45:647][844]LogMemory: Virtual Memory: 910.00 MB used, 8388608.00 MB total
[2015.05.16-04.34.45:647][844]LogMemory: 
[2015.05.16-04.34.45:647][844]Allocator Stats for TBB: (not implemented)
[2015.05.16-04.34.45:652][844]LogPlayLevel: PIE: StaticDuplicateObject took: (0.004977s)
[2015.05.16-04.34.45:652][844]LogPlayLevel: PIE: World Init took: (0.000497s)
[2015.05.16-04.34.45:653][844]LogPlayLevel: PIE: Created PIE world by copying editor world from /Game/MenuAndLevels/InfiPlayLVL.InfiPlayLVL to /Game/MenuAndLevels/UEDPIE_0_InfiPlayLVL.InfiPlayLVL (0.005638s)
[2015.05.16-04.34.45:653][844]LogWorld: Game class is 'Infi_GameMode_C'
[2015.05.16-04.34.45:654][844]LogAIModule: Creating AISystem for world InfiPlayLVL
[2015.05.16-04.34.45:658][844]LogWorld: Bringing World /Game/MenuAndLevels/UEDPIE_0_InfiPlayLVL.InfiPlayLVL up for play (max tick rate 0) at 2015.05.15-21.34.45
[2015.05.16-04.34.45:658][844]LogWorld: Bringing up level for play took: 0.003490
[2015.05.16-04.34.56:510][ 94]LogPackageName: SearchForPackageOnDisk took   0.056s to resolve InfiPlayLVL.umap
[2015.05.16-04.34.56:572][ 95]LogPackageName: SearchForPackageOnDisk took   0.056s to resolve InfiPlayLVL.umap
[2015.05.16-04.34.56:572][ 95]LogNet: Browse: /Game/MenuAndLevels/InfiPlayLVL
[2015.05.16-04.34.56:572][ 95]LogLoad: LoadMap: /Game/MenuAndLevels/InfiPlayLVL
[2015.05.16-04.34.56:585][ 95]LogParticles: Destroying 0 GPU particle simulations for FXSystem 0x000000000DB85260
[2015.05.16-04.34.56:588][ 95]Cmd: MEM
[2015.05.16-04.34.56:599][ 95]LogMemory: Platform Memory Stats for Windows
[2015.05.16-04.34.56:599][ 95]LogMemory: Process Physical Memory: 479.38 MB used, 479.43 MB peak
[2015.05.16-04.34.56:599][ 95]LogMemory: Process Virtual Memory: 383.84 MB used, 386.04 MB peak
[2015.05.16-04.34.56:599][ 95]LogMemory: Physical Memory: 3625.38 MB used, 8073.93 MB total
[2015.05.16-04.34.56:599][ 95]LogMemory: Virtual Memory: 919.62 MB used, 8388608.00 MB total
[2015.05.16-04.34.56:599][ 95]LogMemory: 
[2015.05.16-04.34.56:599][ 95]Allocator Stats for TBB: (not implemented)
[2015.05.16-04.34.56:604][ 95]LogPlayLevel: PIE: StaticDuplicateObject took: (0.004660s)
[2015.05.16-04.34.56:604][ 95]LogPlayLevel: PIE: World Init took: (0.000473s)
[2015.05.16-04.34.56:604][ 95]LogPlayLevel: PIE: Created PIE world by copying editor world from /Game/MenuAndLevels/InfiPlayLVL.InfiPlayLVL to /Game/MenuAndLevels/UEDPIE_0_InfiPlayLVL.InfiPlayLVL (0.005274s)
[2015.05.16-04.34.56:604][ 95]LogWorld: Game class is 'Infi_GameMode_C'
[2015.05.16-04.34.56:606][ 95]LogAIModule: Creating AISystem for world InfiPlayLVL
[2015.05.16-04.34.56:610][ 95]LogWorld: Bringing World /Game/MenuAndLevels/UEDPIE_0_InfiPlayLVL.InfiPlayLVL up for play (max tick rate 0) at 2015.05.15-21.34.56
[2015.05.16-04.34.56:610][ 95]LogWorld: Bringing up level for play took: 0.003464
[2015.05.16-04.35.25:402][424]LogParticles: Destroying 0 GPU particle simulations for FXSystem 0x000000000DB860C0
[2015.05.16-04.35.36:691][181]LogPlayLevel: PIE:  No blueprints needed recompiling
[2015.05.16-04.35.36:691][181]PIE: New page: PIE session: InfiPlayLVL (May 15, 2015, 2:35:36 PM)
[2015.05.16-04.35.36:696][181]LogPlayLevel: PIE: StaticDuplicateObject took: (0.004504s)
[2015.05.16-04.35.36:696][181]LogPlayLevel: PIE: World Init took: (0.000451s)
[2015.05.16-04.35.36:696][181]LogPlayLevel: PIE: Created PIE world by copying editor world from /Game/MenuAndLevels/InfiPlayLVL.InfiPlayLVL to /Game/MenuAndLevels/UEDPIE_0_InfiPlayLVL.InfiPlayLVL (0.005104s)
[2015.05.16-04.35.36:730][181]LogWorld: Game class is 'Infi_GameMode_C'
[2015.05.16-04.35.36:732][181]LogAIModule: Creating AISystem for world InfiPlayLVL
[2015.05.16-04.35.36:736][181]LogWorld: Bringing World /Game/MenuAndLevels/UEDPIE_0_InfiPlayLVL.InfiPlayLVL up for play (max tick rate 0) at 2015.05.15-21.35.36
[2015.05.16-04.35.36:736][181]LogWorld: Bringing up level for play took: 0.003464
[2015.05.16-04.35.36:739][181]PIE: Info Play in editor start time for /Game/MenuAndLevels/UEDPIE_0_InfiPlayLVL -0.945
[2015.05.16-04.35.43:463][951]LogPackageName: SearchForPackageOnDisk took   0.055s to resolve InfiPlayLVL.umap
[2015.05.16-04.35.43:528][952]LogPackageName: SearchForPackageOnDisk took   0.055s to resolve InfiPlayLVL.umap
[2015.05.16-04.35.43:528][952]LogNet: Browse: /Game/MenuAndLevels/InfiPlayLVL
[2015.05.16-04.35.43:528][952]LogLoad: LoadMap: /Game/MenuAndLevels/InfiPlayLVL
[2015.05.16-04.35.43:547][952]LogParticles: Destroying 0 GPU particle simulations for FXSystem 0x00000000167ED6C0
[2015.05.16-04.35.43:554][952]Cmd: MEM
[2015.05.16-04.35.43:573][952]LogMemory: Platform Memory Stats for Windows
[2015.05.16-04.35.43:573][952]LogMemory: Process Physical Memory: 533.68 MB used, 538.68 MB peak
[2015.05.16-04.35.43:573][952]LogMemory: Process Virtual Memory: 428.74 MB used, 434.21 MB peak
[2015.05.16-04.35.43:573][952]LogMemory: Physical Memory: 3670.16 MB used, 8073.93 MB total
[2015.05.16-04.35.43:573][952]LogMemory: Virtual Memory: 964.39 MB used, 8388608.00 MB total
[2015.05.16-04.35.43:573][952]LogMemory: 
[2015.05.16-04.35.43:573][952]Allocator Stats for TBB: (not implemented)
[2015.05.16-04.35.43:579][952]LogPlayLevel: PIE: StaticDuplicateObject took: (0.005334s)
[2015.05.16-04.35.43:579][952]LogPlayLevel: PIE: World Init took: (0.000482s)
[2015.05.16-04.35.43:579][952]LogPlayLevel: PIE: Created PIE world by copying editor world from /Game/MenuAndLevels/InfiPlayLVL.InfiPlayLVL to /Game/MenuAndLevels/UEDPIE_0_InfiPlayLVL.InfiPlayLVL (0.005963s)
[2015.05.16-04.35.43:579][952]LogWorld: Game class is 'Infi_GameMode_C'
[2015.05.16-04.35.43:581][952]LogAIModule: Creating AISystem for world InfiPlayLVL
[2015.05.16-04.35.43:584][952]LogWorld: Bringing World /Game/MenuAndLevels/UEDPIE_0_InfiPlayLVL.InfiPlayLVL up for play (max tick rate 0) at 2015.05.15-21.35.43
[2015.05.16-04.35.43:585][952]LogWorld: Bringing up level for play took: 0.003206
[2015.05.16-04.37.14:945][370]LogPackageName: SearchForPackageOnDisk took   0.057s to resolve InfiPlayLVL.umap
[2015.05.16-04.37.15:011][371]LogPackageName: SearchForPackageOnDisk took   0.056s to resolve InfiPlayLVL.umap
[2015.05.16-04.37.15:011][371]LogNet: Browse: /Game/MenuAndLevels/InfiPlayLVL
[2015.05.16-04.37.15:011][371]LogLoad: LoadMap: /Game/MenuAndLevels/InfiPlayLVL
[2015.05.16-04.37.15:029][371]LogParticles: Destroying 0 GPU particle simulations for FXSystem 0x000000001E8AA160
[2015.05.16-04.37.15:033][371]Cmd: MEM
[2015.05.16-04.37.15:051][371]LogMemory: Platform Memory Stats for Windows
[2015.05.16-04.37.15:051][371]LogMemory: Process Physical Memory: 534.71 MB used, 538.68 MB peak
[2015.05.16-04.37.15:051][371]LogMemory: Process Virtual Memory: 428.88 MB used, 434.21 MB peak
[2015.05.16-04.37.15:051][371]LogMemory: Physical Memory: 3667.23 MB used, 8073.93 MB total
[2015.05.16-04.37.15:051][371]LogMemory: Virtual Memory: 974.01 MB used, 8388608.00 MB total
[2015.05.16-04.37.15:051][371]LogMemory: 
[2015.05.16-04.37.15:051][371]Allocator Stats for TBB: (not implemented)
[2015.05.16-04.37.15:056][371]LogPlayLevel: PIE: StaticDuplicateObject took: (0.004903s)
[2015.05.16-04.37.15:056][371]LogPlayLevel: PIE: World Init took: (0.000453s)
[2015.05.16-04.37.15:056][371]LogPlayLevel: PIE: Created PIE world by copying editor world from /Game/MenuAndLevels/InfiPlayLVL.InfiPlayLVL to /Game/MenuAndLevels/UEDPIE_0_InfiPlayLVL.InfiPlayLVL (0.005508s)
[2015.05.16-04.37.15:056][371]LogWorld: Game class is 'Infi_GameMode_C'
[2015.05.16-04.37.15:058][371]LogAIModule: Creating AISystem for world InfiPlayLVL
[2015.05.16-04.37.15:062][371]LogWorld: Bringing World /Game/MenuAndLevels/UEDPIE_0_InfiPlayLVL.InfiPlayLVL up for play (max tick rate 0) at 2015.05.15-21.37.15
[2015.05.16-04.37.15:062][371]LogWorld: Bringing up level for play took: 0.003467
[2015.05.16-04.37.16:266][506]LogParticles: Destroying 0 GPU particle simulations for FXSystem 0x000000001E8AB600
[2015.05.16-04.37.23:278][329]LogPlayLevel: PIE:  No blueprints needed recompiling
[2015.05.16-04.37.23:278][329]PIE: New page: PIE session: InfiPlayLVL (May 15, 2015, 2:37:23 PM)
[2015.05.16-04.37.23:283][329]LogPlayLevel: PIE: StaticDuplicateObject took: (0.005229s)
[2015.05.16-04.37.23:286][329]LogPlayLevel: PIE: World Init took: (0.002179s)
[2015.05.16-04.37.23:286][329]LogPlayLevel: PIE: Created PIE world by copying editor world from /Game/MenuAndLevels/InfiPlayLVL.InfiPlayLVL to /Game/MenuAndLevels/UEDPIE_0_InfiPlayLVL.InfiPlayLVL (0.007878s)
[2015.05.16-04.37.23:319][329]LogWorld: Game class is 'Infi_GameMode_C'
[2015.05.16-04.37.23:321][329]LogAIModule: Creating AISystem for world InfiPlayLVL
[2015.05.16-04.37.23:325][329]LogWorld: Bringing World /Game/MenuAndLevels/UEDPIE_0_InfiPlayLVL.InfiPlayLVL up for play (max tick rate 0) at 2015.05.15-21.37.23
[2015.05.16-04.37.23:325][329]LogWorld: Bringing up level for play took: 0.003520
[2015.05.16-04.37.23:328][329]PIE: Info Play in editor start time for /Game/MenuAndLevels/UEDPIE_0_InfiPlayLVL -0.357
[2015.05.16-04.37.40:537][291]LogPackageName: SearchForPackageOnDisk took   0.061s to resolve InfiPlayLVL.umap
[2015.05.16-04.37.40:599][292]LogPackageName: SearchForPackageOnDisk took   0.056s to resolve InfiPlayLVL.umap
[2015.05.16-04.37.40:599][292]LogNet: Browse: /Game/MenuAndLevels/InfiPlayLVL
[2015.05.16-04.37.40:599][292]LogLoad: LoadMap: /Game/MenuAndLevels/InfiPlayLVL
[2015.05.16-04.37.40:622][292]LogParticles: Destroying 0 GPU particle simulations for FXSystem 0x000000000DB84900
[2015.05.16-04.37.40:622][292]Cmd: MEM
[2015.05.16-04.37.40:640][292]LogMemory: Platform Memory Stats for Windows
[2015.05.16-04.37.40:640][292]LogMemory: Process Physical Memory: 534.81 MB used, 538.79 MB peak
[2015.05.16-04.37.40:640][292]LogMemory: Process Virtual Memory: 428.77 MB used, 434.21 MB peak
[2015.05.16-04.37.40:640][292]LogMemory: Physical Memory: 3665.54 MB used, 8073.93 MB total
[2015.05.16-04.37.40:640][292]LogMemory: Virtual Memory: 959.57 MB used, 8388608.00 MB total
[2015.05.16-04.37.40:640][292]LogMemory: 
[2015.05.16-04.37.40:640][292]Allocator Stats for TBB: (not implemented)
[2015.05.16-04.37.40:645][292]LogPlayLevel: PIE: StaticDuplicateObject took: (0.004939s)
[2015.05.16-04.37.40:645][292]LogPlayLevel: PIE: World Init took: (0.000534s)
[2015.05.16-04.37.40:645][292]LogPlayLevel: PIE: Created PIE world by copying editor world from /Game/MenuAndLevels/InfiPlayLVL.InfiPlayLVL to /Game/MenuAndLevels/UEDPIE_0_InfiPlayLVL.InfiPlayLVL (0.005630s)
[2015.05.16-04.37.40:645][292]LogWorld: Game class is 'Infi_GameMode_C'
[2015.05.16-04.37.40:647][292]LogAIModule: Creating AISystem for world InfiPlayLVL
[2015.05.16-04.37.40:651][292]LogWorld: Bringing World /Game/MenuAndLevels/UEDPIE_0_InfiPlayLVL.InfiPlayLVL up for play (max tick rate 0) at 2015.05.15-21.37.40
[2015.05.16-04.37.40:651][292]LogWorld: Bringing up level for play took: 0.003439
[2015.05.16-04.39.15:893][195]LogPackageName: SearchForPackageOnDisk took   0.058s to resolve InfiPlayLVL.umap
[2015.05.16-04.39.15:955][196]LogPackageName: SearchForPackageOnDisk took   0.056s to resolve InfiPlayLVL.umap
[2015.05.16-04.39.15:955][196]LogNet: Browse: /Game/MenuAndLevels/InfiPlayLVL
[2015.05.16-04.39.15:955][196]LogLoad: LoadMap: /Game/MenuAndLevels/InfiPlayLVL
[2015.05.16-04.39.15:976][196]LogParticles: Destroying 0 GPU particle simulations for FXSystem 0x000000001E8AB420
[2015.05.16-04.39.15:979][196]Cmd: MEM
[2015.05.16-04.39.15:997][196]LogMemory: Platform Memory Stats for Windows
[2015.05.16-04.39.15:997][196]LogMemory: Process Physical Memory: 534.87 MB used, 538.79 MB peak
[2015.05.16-04.39.15:997][196]LogMemory: Process Virtual Memory: 428.84 MB used, 434.21 MB peak
[2015.05.16-04.39.15:997][196]LogMemory: Physical Memory: 3664.15 MB used, 8073.93 MB total
[2015.05.16-04.39.15:997][196]LogMemory: Virtual Memory: 964.39 MB used, 8388608.00 MB total
[2015.05.16-04.39.15:997][196]LogMemory: 
[2015.05.16-04.39.15:997][196]Allocator Stats for TBB: (not implemented)
[2015.05.16-04.39.16:002][196]LogPlayLevel: PIE: StaticDuplicateObject took: (0.004934s)
[2015.05.16-04.39.16:003][196]LogPlayLevel: PIE: World Init took: (0.000591s)
[2015.05.16-04.39.16:003][196]LogPlayLevel: PIE: Created PIE world by copying editor world from /Game/MenuAndLevels/InfiPlayLVL.InfiPlayLVL to /Game/MenuAndLevels/UEDPIE_0_InfiPlayLVL.InfiPlayLVL (0.005686s)
[2015.05.16-04.39.16:003][196]LogWorld: Game class is 'Infi_GameMode_C'
[2015.05.16-04.39.16:005][196]LogAIModule: Creating AISystem for world InfiPlayLVL
[2015.05.16-04.39.16:008][196]LogWorld: Bringing World /Game/MenuAndLevels/UEDPIE_0_InfiPlayLVL.InfiPlayLVL up for play (max tick rate 0) at 2015.05.15-21.39.16
[2015.05.16-04.39.16:009][196]LogWorld: Bringing up level for play took: 0.003503
[2015.05.16-04.39.20:720][734]LogPackageName: SearchForPackageOnDisk took   0.057s to resolve InfiPlayLVL.umap
[2015.05.16-04.39.20:781][735]LogPackageName: SearchForPackageOnDisk took   0.055s to resolve InfiPlayLVL.umap
[2015.05.16-04.39.20:781][735]LogNet: Browse: /Game/MenuAndLevels/InfiPlayLVL
[2015.05.16-04.39.20:782][735]LogLoad: LoadMap: /Game/MenuAndLevels/InfiPlayLVL
[2015.05.16-04.39.20:800][735]LogParticles: Destroying 0 GPU particle simulations for FXSystem 0x000000001E8AA980
[2015.05.16-04.39.20:803][735]Cmd: MEM
[2015.05.16-04.39.20:821][735]LogMemory: Platform Memory Stats for Windows
[2015.05.16-04.39.20:821][735]LogMemory: Process Physical Memory: 534.94 MB used, 538.79 MB peak
[2015.05.16-04.39.20:821][735]LogMemory: Process Virtual Memory: 428.90 MB used, 434.21 MB peak
[2015.05.16-04.39.20:821][735]LogMemory: Physical Memory: 3664.13 MB used, 8073.93 MB total
[2015.05.16-04.39.20:821][735]LogMemory: Virtual Memory: 964.39 MB used, 8388608.00 MB total
[2015.05.16-04.39.20:821][735]LogMemory: 
[2015.05.16-04.39.20:821][735]Allocator Stats for TBB: (not implemented)
[2015.05.16-04.39.20:826][735]LogPlayLevel: PIE: StaticDuplicateObject took: (0.004939s)
[2015.05.16-04.39.20:826][735]LogPlayLevel: PIE: World Init took: (0.000547s)
[2015.05.16-04.39.20:826][735]LogPlayLevel: PIE: Created PIE world by copying editor world from /Game/MenuAndLevels/InfiPlayLVL.InfiPlayLVL to /Game/MenuAndLevels/UEDPIE_0_InfiPlayLVL.InfiPlayLVL (0.005654s)
[2015.05.16-04.39.20:826][735]LogWorld: Game class is 'Infi_GameMode_C'
[2015.05.16-04.39.20:828][735]LogAIModule: Creating AISystem for world InfiPlayLVL
[2015.05.16-04.39.20:832][735]LogWorld: Bringing World /Game/MenuAndLevels/UEDPIE_0_InfiPlayLVL.InfiPlayLVL up for play (max tick rate 0) at 2015.05.15-21.39.20
[2015.05.16-04.39.20:832][735]LogWorld: Bringing up level for play took: 0.003450
[2015.05.16-04.45.37:482][183]LogPackageName: SearchForPackageOnDisk took   0.062s to resolve InfiPlayLVL.umap
[2015.05.16-04.45.37:544][184]LogPackageName: SearchForPackageOnDisk took   0.056s to resolve InfiPlayLVL.umap
[2015.05.16-04.45.37:544][184]LogNet: Browse: /Game/MenuAndLevels/InfiPlayLVL
[2015.05.16-04.45.37:544][184]LogLoad: LoadMap: /Game/MenuAndLevels/InfiPlayLVL
[2015.05.16-04.45.37:565][184]LogParticles: Destroying 0 GPU particle simulations for FXSystem 0x000000001E8AAD40
[2015.05.16-04.45.37:568][184]Cmd: MEM
[2015.05.16-04.45.37:587][184]LogMemory: Platform Memory Stats for Windows
[2015.05.16-04.45.37:587][184]LogMemory: Process Physical Memory: 535.01 MB used, 538.79 MB peak
[2015.05.16-04.45.37:587][184]LogMemory: Process Virtual Memory: 428.93 MB used, 434.21 MB peak
[2015.05.16-04.45.37:587][184]LogMemory: Physical Memory: 3473.29 MB used, 8073.93 MB total
[2015.05.16-04.45.37:587][184]LogMemory: Virtual Memory: 960.32 MB used, 8388608.00 MB total
[2015.05.16-04.45.37:587][184]LogMemory: 
[2015.05.16-04.45.37:587][184]Allocator Stats for TBB: (not implemented)
[2015.05.16-04.45.37:592][184]LogPlayLevel: PIE: StaticDuplicateObject took: (0.005245s)
[2015.05.16-04.45.37:593][184]LogPlayLevel: PIE: World Init took: (0.000554s)
[2015.05.16-04.45.37:593][184]LogPlayLevel: PIE: Created PIE world by copying editor world from /Game/MenuAndLevels/InfiPlayLVL.InfiPlayLVL to /Game/MenuAndLevels/UEDPIE_0_InfiPlayLVL.InfiPlayLVL (0.005958s)
[2015.05.16-04.45.37:593][184]LogWorld: Game class is 'Infi_GameMode_C'
[2015.05.16-04.45.37:595][184]LogAIModule: Creating AISystem for world InfiPlayLVL
[2015.05.16-04.45.37:598][184]LogWorld: Bringing World /Game/MenuAndLevels/UEDPIE_0_InfiPlayLVL.InfiPlayLVL up for play (max tick rate 0) at 2015.05.15-21.45.37
[2015.05.16-04.45.37:599][184]LogWorld: Bringing up level for play took: 0.003501
[2015.05.16-04.45.41:432][627]LogPackageName: SearchForPackageOnDisk took   0.056s to resolve InfiPlayLVL.umap
[2015.05.16-04.45.41:494][628]LogPackageName: SearchForPackageOnDisk took   0.057s to resolve InfiPlayLVL.umap
[2015.05.16-04.45.41:494][628]LogNet: Browse: /Game/MenuAndLevels/InfiPlayLVL
[2015.05.16-04.45.41:495][628]LogLoad: LoadMap: /Game/MenuAndLevels/InfiPlayLVL
[2015.05.16-04.45.41:513][628]LogParticles: Destroying 0 GPU particle simulations for FXSystem 0x000000001E985120
[2015.05.16-04.45.41:516][628]Cmd: MEM
[2015.05.16-04.45.41:534][628]LogMemory: Platform Memory Stats for Windows
[2015.05.16-04.45.41:534][628]LogMemory: Process Physical Memory: 535.01 MB used, 538.79 MB peak
[2015.05.16-04.45.41:534][628]LogMemory: Process Virtual Memory: 428.93 MB used, 434.21 MB peak
[2015.05.16-04.45.41:534][628]LogMemory: Physical Memory: 3471.29 MB used, 8073.93 MB total
[2015.05.16-04.45.41:534][628]LogMemory: Virtual Memory: 959.57 MB used, 8388608.00 MB total
[2015.05.16-04.45.41:534][628]LogMemory: 
[2015.05.16-04.45.41:534][628]Allocator Stats for TBB: (not implemented)
[2015.05.16-04.45.41:539][628]LogPlayLevel: PIE: StaticDuplicateObject took: (0.004835s)
[2015.05.16-04.45.41:539][628]LogPlayLevel: PIE: World Init took: (0.000592s)
[2015.05.16-04.45.41:539][628]LogPlayLevel: PIE: Created PIE world by copying editor world from /Game/MenuAndLevels/InfiPlayLVL.InfiPlayLVL to /Game/MenuAndLevels/UEDPIE_0_InfiPlayLVL.InfiPlayLVL (0.005575s)
[2015.05.16-04.45.41:539][628]LogWorld: Game class is 'Infi_GameMode_C'
[2015.05.16-04.45.41:541][628]LogAIModule: Creating AISystem for world InfiPlayLVL
[2015.05.16-04.45.41:545][628]LogWorld: Bringing World /Game/MenuAndLevels/UEDPIE_0_InfiPlayLVL.InfiPlayLVL up for play (max tick rate 0) at 2015.05.15-21.45.41
[2015.05.16-04.45.41:545][628]LogWorld: Bringing up level for play took: 0.003436
[2015.05.16-04.45.57:590][464]LogPackageName: SearchForPackageOnDisk took   0.058s to resolve InfiPlayLVL.umap
[2015.05.16-04.45.57:653][465]LogPackageName: SearchForPackageOnDisk took   0.056s to resolve InfiPlayLVL.umap
[2015.05.16-04.45.57:653][465]LogNet: Browse: /Game/MenuAndLevels/InfiPlayLVL
[2015.05.16-04.45.57:653][465]LogLoad: LoadMap: /Game/MenuAndLevels/InfiPlayLVL
[2015.05.16-04.45.57:674][465]LogParticles: Destroying 0 GPU particle simulations for FXSystem 0x000000001E9847C0
[2015.05.16-04.45.57:678][465]Cmd: MEM
[2015.05.16-04.45.57:696][465]LogMemory: Platform Memory Stats for Windows
[2015.05.16-04.45.57:696][465]LogMemory: Process Physical Memory: 535.02 MB used, 538.79 MB peak
[2015.05.16-04.45.57:696][465]LogMemory: Process Virtual Memory: 428.93 MB used, 434.21 MB peak
[2015.05.16-04.45.57:696][465]LogMemory: Physical Memory: 3470.05 MB used, 8073.93 MB total
[2015.05.16-04.45.57:696][465]LogMemory: Virtual Memory: 959.57 MB used, 8388608.00 MB total
[2015.05.16-04.45.57:696][465]LogMemory: 
[2015.05.16-04.45.57:696][465]Allocator Stats for TBB: (not implemented)
[2015.05.16-04.45.57:701][465]LogPlayLevel: PIE: StaticDuplicateObject took: (0.004934s)
[2015.05.16-04.45.57:702][465]LogPlayLevel: PIE: World Init took: (0.000559s)
[2015.05.16-04.45.57:702][465]LogPlayLevel: PIE: Created PIE world by copying editor world from /Game/MenuAndLevels/InfiPlayLVL.InfiPlayLVL to /Game/MenuAndLevels/UEDPIE_0_InfiPlayLVL.InfiPlayLVL (0.005672s)
[2015.05.16-04.45.57:702][465]LogWorld: Game class is 'Infi_GameMode_C'
[2015.05.16-04.45.57:704][465]LogAIModule: Creating AISystem for world InfiPlayLVL
[2015.05.16-04.45.57:707][465]LogWorld: Bringing World /Game/MenuAndLevels/UEDPIE_0_InfiPlayLVL.InfiPlayLVL up for play (max tick rate 0) at 2015.05.15-21.45.57
[2015.05.16-04.45.57:708][465]LogWorld: Bringing up level for play took: 0.003444
[2015.05.16-04.47.24:082][316]LogPackageName: SearchForPackageOnDisk took   0.058s to resolve InfiPlayLVL.umap
[2015.05.16-04.47.24:145][317]LogPackageName: SearchForPackageOnDisk took   0.056s to resolve InfiPlayLVL.umap
[2015.05.16-04.47.24:145][317]LogNet: Browse: /Game/MenuAndLevels/InfiPlayLVL
[2015.05.16-04.47.24:145][317]LogLoad: LoadMap: /Game/MenuAndLevels/InfiPlayLVL
[2015.05.16-04.47.24:167][317]LogParticles: Destroying 0 GPU particle simulations for FXSystem 0x000000001E8A9580
[2015.05.16-04.47.24:170][317]Cmd: MEM
[2015.05.16-04.47.24:188][317]LogMemory: Platform Memory Stats for Windows
[2015.05.16-04.47.24:188][317]LogMemory: Process Physical Memory: 535.01 MB used, 538.79 MB peak
[2015.05.16-04.47.24:188][317]LogMemory: Process Virtual Memory: 428.91 MB used, 434.21 MB peak
[2015.05.16-04.47.24:188][317]LogMemory: Physical Memory: 3425.07 MB used, 8073.93 MB total
[2015.05.16-04.47.24:188][317]LogMemory: Virtual Memory: 959.57 MB used, 8388608.00 MB total
[2015.05.16-04.47.24:188][317]LogMemory: 
[2015.05.16-04.47.24:188][317]Allocator Stats for TBB: (not implemented)
[2015.05.16-04.47.24:194][317]LogPlayLevel: PIE: StaticDuplicateObject took: (0.005193s)
[2015.05.16-04.47.24:194][317]LogPlayLevel: PIE: World Init took: (0.000564s)
[2015.05.16-04.47.24:194][317]LogPlayLevel: PIE: Created PIE world by copying editor world from /Game/MenuAndLevels/InfiPlayLVL.InfiPlayLVL to /Game/MenuAndLevels/UEDPIE_0_InfiPlayLVL.InfiPlayLVL (0.005917s)
[2015.05.16-04.47.24:194][317]LogWorld: Game class is 'Infi_GameMode_C'
[2015.05.16-04.47.24:196][317]LogAIModule: Creating AISystem for world InfiPlayLVL
[2015.05.16-04.47.24:200][317]LogWorld: Bringing World /Game/MenuAndLevels/UEDPIE_0_InfiPlayLVL.InfiPlayLVL up for play (max tick rate 0) at 2015.05.15-21.47.24
[2015.05.16-04.47.24:200][317]LogWorld: Bringing up level for play took: 0.003475
[2015.05.16-04.47.25:514][465]LogParticles: Destroying 0 GPU particle simulations for FXSystem 0x000000000DB8FB00
[2015.05.16-04.52.47:746][733]LogPlayLevel: PIE:  No blueprints needed recompiling
[2015.05.16-04.52.47:746][733]PIE: New page: PIE session: InfiPlayLVL (May 15, 2015, 2:52:47 PM)
[2015.05.16-04.52.47:751][733]LogPlayLevel: PIE: StaticDuplicateObject took: (0.004541s)
[2015.05.16-04.52.47:752][733]LogPlayLevel: PIE: World Init took: (0.000554s)
[2015.05.16-04.52.47:752][733]LogPlayLevel: PIE: Created PIE world by copying editor world from /Game/MenuAndLevels/InfiPlayLVL.InfiPlayLVL to /Game/MenuAndLevels/UEDPIE_0_InfiPlayLVL.InfiPlayLVL (0.005245s)
[2015.05.16-04.52.47:782][733]LogWorld: Game class is 'Infi_GameMode_C'
[2015.05.16-04.52.47:784][733]LogAIModule: Creating AISystem for world InfiPlayLVL
[2015.05.16-04.52.47:787][733]LogWorld: Bringing World /Game/MenuAndLevels/UEDPIE_0_InfiPlayLVL.InfiPlayLVL up for play (max tick rate 0) at 2015.05.15-21.52.47
[2015.05.16-04.52.47:788][733]LogWorld: Bringing up level for play took: 0.003555
[2015.05.16-04.52.47:791][733]PIE: Info Play in editor start time for /Game/MenuAndLevels/UEDPIE_0_InfiPlayLVL 0.096
[2015.05.16-04.53.01:417][310]LogPackageName: SearchForPackageOnDisk took   0.062s to resolve InfiPlayLVL.umap
[2015.05.16-04.53.01:480][311]LogPackageName: SearchForPackageOnDisk took   0.056s to resolve InfiPlayLVL.umap
[2015.05.16-04.53.01:480][311]LogNet: Browse: /Game/MenuAndLevels/InfiPlayLVL
[2015.05.16-04.53.01:480][311]LogLoad: LoadMap: /Game/MenuAndLevels/InfiPlayLVL
[2015.05.16-04.53.01:503][311]LogParticles: Destroying 0 GPU particle simulations for FXSystem 0x000000001C395080
[2015.05.16-04.53.01:503][311]Cmd: MEM
[2015.05.16-04.53.01:521][311]LogMemory: Platform Memory Stats for Windows
[2015.05.16-04.53.01:521][311]LogMemory: Process Physical Memory: 560.99 MB used, 570.30 MB peak
[2015.05.16-04.53.01:521][311]LogMemory: Process Virtual Memory: 457.78 MB used, 471.56 MB peak
[2015.05.16-04.53.01:521][311]LogMemory: Physical Memory: 3447.25 MB used, 8073.93 MB total
[2015.05.16-04.53.01:521][311]LogMemory: Virtual Memory: 992.70 MB used, 8388608.00 MB total
[2015.05.16-04.53.01:521][311]LogMemory: 
[2015.05.16-04.53.01:521][311]Allocator Stats for TBB: (not implemented)
[2015.05.16-04.53.01:525][311]LogPlayLevel: PIE: StaticDuplicateObject took: (0.004712s)
[2015.05.16-04.53.01:526][311]LogPlayLevel: PIE: World Init took: (0.000551s)
[2015.05.16-04.53.01:526][311]LogPlayLevel: PIE: Created PIE world by copying editor world from /Game/MenuAndLevels/InfiPlayLVL.InfiPlayLVL to /Game/MenuAndLevels/UEDPIE_0_InfiPlayLVL.InfiPlayLVL (0.005414s)
[2015.05.16-04.53.01:526][311]LogWorld: Game class is 'Infi_GameMode_C'
[2015.05.16-04.53.01:528][311]LogAIModule: Creating AISystem for world InfiPlayLVL
[2015.05.16-04.53.01:532][311]LogWorld: Bringing World /Game/MenuAndLevels/UEDPIE_0_InfiPlayLVL.InfiPlayLVL up for play (max tick rate 0) at 2015.05.15-21.53.01
[2015.05.16-04.53.01:532][311]LogWorld: Bringing up level for play took: 0.003520
[2015.05.16-04.53.46:772][581]LogPackageName: SearchForPackageOnDisk took   0.058s to resolve InfiPlayLVL.umap
[2015.05.16-04.53.46:834][582]LogPackageName: SearchForPackageOnDisk took   0.056s to resolve InfiPlayLVL.umap
[2015.05.16-04.53.46:834][582]LogNet: Browse: /Game/MenuAndLevels/InfiPlayLVL
[2015.05.16-04.53.46:834][582]LogLoad: LoadMap: /Game/MenuAndLevels/InfiPlayLVL
[2015.05.16-04.53.46:853][582]LogParticles: Destroying 0 GPU particle simulations for FXSystem 0x00000000180391C0
[2015.05.16-04.53.46:856][582]Cmd: MEM
[2015.05.16-04.53.46:874][582]LogMemory: Platform Memory Stats for Windows
[2015.05.16-04.53.46:874][582]LogMemory: Process Physical Memory: 561.01 MB used, 570.30 MB peak
[2015.05.16-04.53.46:874][582]LogMemory: Process Virtual Memory: 457.82 MB used, 471.56 MB peak
[2015.05.16-04.53.46:874][582]LogMemory: Physical Memory: 3445.60 MB used, 8073.93 MB total
[2015.05.16-04.53.46:874][582]LogMemory: Virtual Memory: 997.51 MB used, 8388608.00 MB total
[2015.05.16-04.53.46:874][582]LogMemory: 
[2015.05.16-04.53.46:874][582]Allocator Stats for TBB: (not implemented)
[2015.05.16-04.53.46:879][582]LogPlayLevel: PIE: StaticDuplicateObject took: (0.004856s)
[2015.05.16-04.53.46:879][582]LogPlayLevel: PIE: World Init took: (0.000486s)
[2015.05.16-04.53.46:879][582]LogPlayLevel: PIE: Created PIE world by copying editor world from /Game/MenuAndLevels/InfiPlayLVL.InfiPlayLVL to /Game/MenuAndLevels/UEDPIE_0_InfiPlayLVL.InfiPlayLVL (0.005510s)
[2015.05.16-04.53.46:879][582]LogWorld: Game class is 'Infi_GameMode_C'
[2015.05.16-04.53.46:881][582]LogAIModule: Creating AISystem for world InfiPlayLVL
[2015.05.16-04.53.46:885][582]LogWorld: Bringing World /Game/MenuAndLevels/UEDPIE_0_InfiPlayLVL.InfiPlayLVL up for play (max tick rate 0) at 2015.05.15-21.53.46
[2015.05.16-04.53.46:885][582]LogWorld: Bringing up level for play took: 0.003457
[2015.05.16-04.53.48:341][745]LogParticles: Destroying 0 GPU particle simulations for FXSystem 0x00000000045D7380
[2015.05.16-04.54.09:006][656]LogRenderer:Warning: Reallocating scene render targets to support 1216x808 (Frame:65407).
[2015.05.16-04.54.11:562][948]LogContentBrowser:Verbose: The content browser source was changed by the sources view to '/Game/Sound'
[2015.05.16-04.54.11:911][971]LogContentBrowser:Verbose: The content browser source was changed by the sources view to '/Game/Particles'
[2015.05.16-04.54.14:034][219]LogContentBrowser:Verbose: The content browser source was changed by the sources view to '/Game/Object_BPs'
[2015.05.16-04.55.09:533][186]LogUObjectGlobals:Warning: Failed to find object 'Object None.'
[2015.05.16-04.57.37:149][141]BlueprintLog: New page: Compile LongBlockRow
[2015.05.16-04.57.37:428][141]BlueprintEditorCompileResults: Info [1862.07] Compile of LongBlockRow successful! [in 278 ms]
[2015.05.16-04.59.22:363][699]BlueprintLog: New page: Compile LongBlockRow
[2015.05.16-04.59.22:643][699]BlueprintEditorCompileResults: Info [1967.28] Compile of LongBlockRow successful! [in 280 ms]
[2015.05.16-04.59.24:363][828]LogPlayLevel: PIE:  No blueprints needed recompiling
[2015.05.16-04.59.24:363][828]PIE: New page: PIE session: InfiPlayLVL (May 15, 2015, 2:59:24 PM)
[2015.05.16-04.59.24:369][828]LogPlayLevel: PIE: StaticDuplicateObject took: (0.006182s)
[2015.05.16-04.59.24:371][828]LogPlayLevel: PIE: World Init took: (0.001600s)
[2015.05.16-04.59.24:371][828]LogPlayLevel: PIE: Created PIE world by copying editor world from /Game/MenuAndLevels/InfiPlayLVL.InfiPlayLVL to /Game/MenuAndLevels/UEDPIE_0_InfiPlayLVL.InfiPlayLVL (0.008007s)
[2015.05.16-04.59.24:408][828]LogWorld: Game class is 'Infi_GameMode_C'
[2015.05.16-04.59.24:410][828]LogAIModule: Creating AISystem for world InfiPlayLVL
[2015.05.16-04.59.24:414][828]LogWorld: Bringing World /Game/MenuAndLevels/UEDPIE_0_InfiPlayLVL.InfiPlayLVL up for play (max tick rate 0) at 2015.05.15-21.59.24
[2015.05.16-04.59.24:414][828]LogWorld: Bringing up level for play took: 0.003554
[2015.05.16-04.59.24:417][828]PIE: Info Play in editor start time for /Game/MenuAndLevels/UEDPIE_0_InfiPlayLVL 0.719
[2015.05.16-04.59.30:896][483]LogPackageName: SearchForPackageOnDisk took   0.069s to resolve InfiPlayLVL.umap
[2015.05.16-04.59.30:963][484]LogPackageName: SearchForPackageOnDisk took   0.061s to resolve InfiPlayLVL.umap
[2015.05.16-04.59.30:964][484]LogNet: Browse: /Game/MenuAndLevels/InfiPlayLVL
[2015.05.16-04.59.30:964][484]LogLoad: LoadMap: /Game/MenuAndLevels/InfiPlayLVL
[2015.05.16-04.59.30:987][484]LogParticles: Destroying 0 GPU particle simulations for FXSystem 0x00000000045D6FC0
[2015.05.16-04.59.30:991][484]Cmd: MEM
[2015.05.16-04.59.31:016][484]LogMemory: Platform Memory Stats for Windows
[2015.05.16-04.59.31:016][484]LogMemory: Process Physical Memory: 761.91 MB used, 767.84 MB peak
[2015.05.16-04.59.31:016][484]LogMemory: Process Virtual Memory: 658.45 MB used, 664.23 MB peak
[2015.05.16-04.59.31:016][484]LogMemory: Physical Memory: 3791.78 MB used, 8073.93 MB total
[2015.05.16-04.59.31:016][484]LogMemory: Virtual Memory: 1247.16 MB used, 8388608.00 MB total
[2015.05.16-04.59.31:016][484]LogMemory: 
[2015.05.16-04.59.31:016][484]Allocator Stats for TBB: (not implemented)
[2015.05.16-04.59.31:021][484]LogPlayLevel: PIE: StaticDuplicateObject took: (0.005004s)
[2015.05.16-04.59.31:021][484]LogPlayLevel: PIE: World Init took: (0.000468s)
[2015.05.16-04.59.31:022][484]LogPlayLevel: PIE: Created PIE world by copying editor world from /Game/MenuAndLevels/InfiPlayLVL.InfiPlayLVL to /Game/MenuAndLevels/UEDPIE_0_InfiPlayLVL.InfiPlayLVL (0.005627s)
[2015.05.16-04.59.31:022][484]LogWorld: Game class is 'Infi_GameMode_C'
[2015.05.16-04.59.31:023][484]LogAIModule: Creating AISystem for world InfiPlayLVL
[2015.05.16-04.59.31:027][484]LogWorld: Bringing World /Game/MenuAndLevels/UEDPIE_0_InfiPlayLVL.InfiPlayLVL up for play (max tick rate 0) at 2015.05.15-21.59.31
[2015.05.16-04.59.31:027][484]LogWorld: Bringing up level for play took: 0.003475
[2015.05.16-05.00.41:508][558]LogPackageName: SearchForPackageOnDisk took   0.061s to resolve InfiPlayLVL.umap
[2015.05.16-05.00.41:576][559]LogPackageName: SearchForPackageOnDisk took   0.061s to resolve InfiPlayLVL.umap
[2015.05.16-05.00.41:576][559]LogNet: Browse: /Game/MenuAndLevels/InfiPlayLVL
[2015.05.16-05.00.41:576][559]LogLoad: LoadMap: /Game/MenuAndLevels/InfiPlayLVL
[2015.05.16-05.00.41:595][559]LogParticles: Destroying 0 GPU particle simulations for FXSystem 0x000000001DF45B20
[2015.05.16-05.00.41:599][559]Cmd: MEM
[2015.05.16-05.00.41:621][559]LogMemory: Platform Memory Stats for Windows
[2015.05.16-05.00.41:621][559]LogMemory: Process Physical Memory: 760.59 MB used, 767.84 MB peak
[2015.05.16-05.00.41:621][559]LogMemory: Process Virtual Memory: 657.12 MB used, 664.23 MB peak
[2015.05.16-05.00.41:621][559]LogMemory: Physical Memory: 3806.02 MB used, 8073.93 MB total
[2015.05.16-05.00.41:621][559]LogMemory: Virtual Memory: 1242.34 MB used, 8388608.00 MB total
[2015.05.16-05.00.41:621][559]LogMemory: 
[2015.05.16-05.00.41:621][559]Allocator Stats for TBB: (not implemented)
[2015.05.16-05.00.41:627][559]LogPlayLevel: PIE: StaticDuplicateObject took: (0.005558s)
[2015.05.16-05.00.41:627][559]LogPlayLevel: PIE: World Init took: (0.000494s)
[2015.05.16-05.00.41:627][559]LogPlayLevel: PIE: Created PIE world by copying editor world from /Game/MenuAndLevels/InfiPlayLVL.InfiPlayLVL to /Game/MenuAndLevels/UEDPIE_0_InfiPlayLVL.InfiPlayLVL (0.006211s)
[2015.05.16-05.00.41:627][559]LogWorld: Game class is 'Infi_GameMode_C'
[2015.05.16-05.00.41:629][559]LogAIModule: Creating AISystem for world InfiPlayLVL
[2015.05.16-05.00.41:633][559]LogWorld: Bringing World /Game/MenuAndLevels/UEDPIE_0_InfiPlayLVL.InfiPlayLVL up for play (max tick rate 0) at 2015.05.15-22.00.41
[2015.05.16-05.00.41:633][559]LogWorld: Bringing up level for play took: 0.003500
[2015.05.16-05.00.42:761][669]LogParticles: Destroying 0 GPU particle simulations for FXSystem 0x000000001E9860C0
[2015.05.16-05.01.41:834][944]LogPlayLevel: PIE:  No blueprints needed recompiling
[2015.05.16-05.01.41:834][944]PIE: New page: PIE session: InfiPlayLVL (May 15, 2015, 3:01:41 PM)
[2015.05.16-05.01.41:839][944]LogPlayLevel: PIE: StaticDuplicateObject took: (0.004638s)
[2015.05.16-05.01.41:840][944]LogPlayLevel: PIE: World Init took: (0.000511s)
[2015.05.16-05.01.41:840][944]LogPlayLevel: PIE: Created PIE world by copying editor world from /Game/MenuAndLevels/InfiPlayLVL.InfiPlayLVL to /Game/MenuAndLevels/UEDPIE_0_InfiPlayLVL.InfiPlayLVL (0.005296s)
[2015.05.16-05.01.41:872][944]LogWorld: Game class is 'Infi_GameMode_C'
[2015.05.16-05.01.41:874][944]LogAIModule: Creating AISystem for world InfiPlayLVL
[2015.05.16-05.01.41:878][944]LogWorld: Bringing World /Game/MenuAndLevels/UEDPIE_0_InfiPlayLVL.InfiPlayLVL up for play (max tick rate 0) at 2015.05.15-22.01.41
[2015.05.16-05.01.41:878][944]LogWorld: Bringing up level for play took: 0.003484
[2015.05.16-05.01.41:881][944]PIE: Info Play in editor start time for /Game/MenuAndLevels/UEDPIE_0_InfiPlayLVL 0.182
[2015.05.16-05.02.47:558][597]LogPackageName: SearchForPackageOnDisk took   0.069s to resolve InfiPlayLVL.umap
[2015.05.16-05.02.47:628][598]LogPackageName: SearchForPackageOnDisk took   0.061s to resolve InfiPlayLVL.umap
[2015.05.16-05.02.47:628][598]LogNet: Browse: /Game/MenuAndLevels/InfiPlayLVL
[2015.05.16-05.02.47:628][598]LogLoad: LoadMap: /Game/MenuAndLevels/InfiPlayLVL
[2015.05.16-05.02.47:647][598]LogParticles: Destroying 0 GPU particle simulations for FXSystem 0x0000000029906200
[2015.05.16-05.02.47:653][598]Cmd: MEM
[2015.05.16-05.02.47:675][598]LogMemory: Platform Memory Stats for Windows
[2015.05.16-05.02.47:675][598]LogMemory: Process Physical Memory: 758.20 MB used, 767.84 MB peak
[2015.05.16-05.02.47:675][598]LogMemory: Process Virtual Memory: 654.91 MB used, 664.23 MB peak
[2015.05.16-05.02.47:675][598]LogMemory: Physical Memory: 3819.27 MB used, 8073.93 MB total
[2015.05.16-05.02.47:675][598]LogMemory: Virtual Memory: 1183.69 MB used, 8388608.00 MB total
[2015.05.16-05.02.47:675][598]LogMemory: 
[2015.05.16-05.02.47:675][598]Allocator Stats for TBB: (not implemented)
[2015.05.16-05.02.47:681][598]LogPlayLevel: PIE: StaticDuplicateObject took: (0.005690s)
[2015.05.16-05.02.47:681][598]LogPlayLevel: PIE: World Init took: (0.000719s)
[2015.05.16-05.02.47:682][598]LogPlayLevel: PIE: Created PIE world by copying editor world from /Game/MenuAndLevels/InfiPlayLVL.InfiPlayLVL to /Game/MenuAndLevels/UEDPIE_0_InfiPlayLVL.InfiPlayLVL (0.006603s)
[2015.05.16-05.02.47:682][598]LogWorld: Game class is 'Infi_GameMode_C'
[2015.05.16-05.02.47:683][598]LogAIModule: Creating AISystem for world InfiPlayLVL
[2015.05.16-05.02.47:687][598]LogWorld: Bringing World /Game/MenuAndLevels/UEDPIE_0_InfiPlayLVL.InfiPlayLVL up for play (max tick rate 0) at 2015.05.15-22.02.47
[2015.05.16-05.02.47:687][598]LogWorld: Bringing up level for play took: 0.003463
[2015.05.16-05.02.48:575][686]LogParticles: Destroying 0 GPU particle simulations for FXSystem 0x000000002B6CF560
[2015.05.16-05.02.52:598][136]LogPlayLevel: PIE:  No blueprints needed recompiling
[2015.05.16-05.02.52:598][136]PIE: New page: PIE session: InfiPlayLVL (May 15, 2015, 3:02:52 PM)
[2015.05.16-05.02.52:603][136]LogPlayLevel: PIE: StaticDuplicateObject took: (0.005012s)
[2015.05.16-05.02.52:605][136]LogPlayLevel: PIE: World Init took: (0.001862s)
[2015.05.16-05.02.52:606][136]LogPlayLevel: PIE: Created PIE world by copying editor world from /Game/MenuAndLevels/InfiPlayLVL.InfiPlayLVL to /Game/MenuAndLevels/UEDPIE_0_InfiPlayLVL.InfiPlayLVL (0.007419s)
[2015.05.16-05.02.52:639][136]LogWorld: Game class is 'Infi_GameMode_C'
[2015.05.16-05.02.52:641][136]LogAIModule: Creating AISystem for world InfiPlayLVL
[2015.05.16-05.02.52:645][136]LogWorld: Bringing World /Game/MenuAndLevels/UEDPIE_0_InfiPlayLVL.InfiPlayLVL up for play (max tick rate 0) at 2015.05.15-22.02.52
[2015.05.16-05.02.52:645][136]LogWorld: Bringing up level for play took: 0.003462
[2015.05.16-05.02.52:648][136]PIE: Info Play in editor start time for /Game/MenuAndLevels/UEDPIE_0_InfiPlayLVL 0.948
[2015.05.16-05.02.54:550][327]LogParticles: Destroying 0 GPU particle simulations for FXSystem 0x0000000004739080
[2015.05.16-05.03.41:391][547]LogSavePackage: Save=70.033089ms
[2015.05.16-05.03.41:391][547]LogSavePackage: Moving '../../../../../../Users/David/Documents/Unreal Projects/Mobile48Hour/Saved/InfiPlayLVL_Auto14FF9AE26455EC0086FC5ED98CC1E88C6.tmp' to '../../../../../../Users/David/Documents/Unreal Projects/Mobile48Hour/Saved/Autosaves/Game/MenuAndLevels/InfiPlayLVL_Auto1.umap'
[2015.05.16-05.03.41:397][547]LogFileHelpers: Editor autosave (incl. sublevels) for '/Game/MenuAndLevels/InfiPlayLVL' took 0.276
[2015.05.16-05.03.41:397][547]LogFileHelpers: Editor autosave (incl. sublevels) for all levels took 0.276
[2015.05.16-05.03.41:448][547]OBJ SavePackage: Generating thumbnails for [1] asset(s) in package [/Game/Object_BPs/LongBlockRow] ([1] browsable assets)...
[2015.05.16-05.03.41:474][547]OBJ SavePackage:     Rendered thumbnail for [Blueprint /Game/Object_BPs/LongBlockRow.LongBlockRow]
[2015.05.16-05.03.41:474][547]OBJ SavePackage: Finished generating thumbnails for package [/Game/Object_BPs/LongBlockRow]
[2015.05.16-05.03.42:217][547]LogSavePackage: Save=661.067322ms
[2015.05.16-05.03.42:218][547]LogSavePackage: Moving '../../../../../../Users/David/Documents/Unreal Projects/Mobile48Hour/Saved/LongBlockRow_Auto1087B8F1341BCF1F2A3145BACAAC27FB7.tmp' to '../../../../../../Users/David/Documents/Unreal Projects/Mobile48Hour/Saved/Autosaves/Game/Object_BPs/LongBlockRow_Auto1.uasset'
[2015.05.16-05.03.42:236][547]LogFileHelpers: Auto-saving content packages took 0.839
[2015.05.16-05.04.33:650][702]LogPlayLevel: PIE:  No blueprints needed recompiling
[2015.05.16-05.04.33:650][702]PIE: New page: PIE session: InfiPlayLVL (May 15, 2015, 3:04:33 PM)
[2015.05.16-05.04.33:655][702]LogPlayLevel: PIE: StaticDuplicateObject took: (0.004690s)
[2015.05.16-05.04.33:656][702]LogPlayLevel: PIE: World Init took: (0.000547s)
[2015.05.16-05.04.33:656][702]LogPlayLevel: PIE: Created PIE world by copying editor world from /Game/MenuAndLevels/InfiPlayLVL.InfiPlayLVL to /Game/MenuAndLevels/UEDPIE_0_InfiPlayLVL.InfiPlayLVL (0.005400s)
[2015.05.16-05.04.33:684][702]LogWorld: Game class is 'Infi_GameMode_C'
[2015.05.16-05.04.33:686][702]LogAIModule: Creating AISystem for world InfiPlayLVL
[2015.05.16-05.04.33:690][702]LogWorld: Bringing World /Game/MenuAndLevels/UEDPIE_0_InfiPlayLVL.InfiPlayLVL up for play (max tick rate 0) at 2015.05.15-22.04.33
[2015.05.16-05.04.33:691][702]LogWorld: Bringing up level for play took: 0.003700
[2015.05.16-05.04.33:693][702]PIE: Info Play in editor start time for /Game/MenuAndLevels/UEDPIE_0_InfiPlayLVL -0.008
[2015.05.16-05.05.29:445][119]LogPackageName: SearchForPackageOnDisk took   0.063s to resolve InfiPlayLVL.umap
[2015.05.16-05.05.29:509][120]LogPackageName: SearchForPackageOnDisk took   0.057s to resolve InfiPlayLVL.umap
[2015.05.16-05.05.29:509][120]LogNet: Browse: /Game/MenuAndLevels/InfiPlayLVL
[2015.05.16-05.05.29:509][120]LogLoad: LoadMap: /Game/MenuAndLevels/InfiPlayLVL
[2015.05.16-05.05.29:529][120]LogParticles: Destroying 0 GPU particle simulations for FXSystem 0x000000002B6CE980
[2015.05.16-05.05.29:533][120]Cmd: MEM
[2015.05.16-05.05.29:552][120]LogMemory: Platform Memory Stats for Windows
[2015.05.16-05.05.29:552][120]LogMemory: Process Physical Memory: 759.16 MB used, 767.84 MB peak
[2015.05.16-05.05.29:552][120]LogMemory: Process Virtual Memory: 655.28 MB used, 664.23 MB peak
[2015.05.16-05.05.29:552][120]LogMemory: Physical Memory: 3883.04 MB used, 8073.93 MB total
[2015.05.16-05.05.29:552][120]LogMemory: Virtual Memory: 1178.88 MB used, 8388608.00 MB total
[2015.05.16-05.05.29:552][120]LogMemory: 
[2015.05.16-05.05.29:552][120]Allocator Stats for TBB: (not implemented)
[2015.05.16-05.05.29:557][120]LogPlayLevel: PIE: StaticDuplicateObject took: (0.004895s)
[2015.05.16-05.05.29:558][120]LogPlayLevel: PIE: World Init took: (0.000520s)
[2015.05.16-05.05.29:558][120]LogPlayLevel: PIE: Created PIE world by copying editor world from /Game/MenuAndLevels/InfiPlayLVL.InfiPlayLVL to /Game/MenuAndLevels/UEDPIE_0_InfiPlayLVL.InfiPlayLVL (0.005566s)
[2015.05.16-05.05.29:558][120]LogWorld: Game class is 'Infi_GameMode_C'
[2015.05.16-05.05.29:560][120]LogAIModule: Creating AISystem for world InfiPlayLVL
[2015.05.16-05.05.29:563][120]LogWorld: Bringing World /Game/MenuAndLevels/UEDPIE_0_InfiPlayLVL.InfiPlayLVL up for play (max tick rate 0) at 2015.05.15-22.05.29
[2015.05.16-05.05.29:564][120]LogWorld: Bringing up level for play took: 0.003548
[2015.05.16-05.05.32:746][488]LogParticles: Destroying 0 GPU particle simulations for FXSystem 0x000000002B6CF6A0
[2015.05.16-05.05.43:258][646]LogPlayLevel: PIE:  No blueprints needed recompiling
[2015.05.16-05.05.43:258][646]PIE: New page: PIE session: InfiPlayLVL (May 15, 2015, 3:05:43 PM)
[2015.05.16-05.05.43:268][646]LogPlayLevel: PIE: StaticDuplicateObject took: (0.008893s)
[2015.05.16-05.05.43:268][646]LogPlayLevel: PIE: World Init took: (0.000804s)
[2015.05.16-05.05.43:269][646]LogPlayLevel: PIE: Created PIE world by copying editor world from /Game/MenuAndLevels/InfiPlayLVL.InfiPlayLVL to /Game/MenuAndLevels/UEDPIE_0_InfiPlayLVL.InfiPlayLVL (0.009943s)
[2015.05.16-05.05.43:300][646]LogWorld: Game class is 'Infi_GameMode_C'
[2015.05.16-05.05.43:302][646]LogAIModule: Creating AISystem for world InfiPlayLVL
[2015.05.16-05.05.43:307][646]LogWorld: Bringing World /Game/MenuAndLevels/UEDPIE_0_InfiPlayLVL.InfiPlayLVL up for play (max tick rate 0) at 2015.05.15-22.05.43
[2015.05.16-05.05.43:308][646]LogWorld: Bringing up level for play took: 0.004502
[2015.05.16-05.05.43:311][646]PIE: Info Play in editor start time for /Game/MenuAndLevels/UEDPIE_0_InfiPlayLVL -0.391
[2015.05.16-05.05.45:216][870]Set new viewmode: Unlit
[2015.05.16-05.05.54:755][982]Set new viewmode: Unlit
[2015.05.16-05.05.57:244][264]LogPackageName: SearchForPackageOnDisk took   0.056s to resolve InfiPlayLVL.umap
[2015.05.16-05.05.57:306][265]LogPackageName: SearchForPackageOnDisk took   0.056s to resolve InfiPlayLVL.umap
[2015.05.16-05.05.57:306][265]LogNet: Browse: /Game/MenuAndLevels/InfiPlayLVL
[2015.05.16-05.05.57:307][265]LogLoad: LoadMap: /Game/MenuAndLevels/InfiPlayLVL
[2015.05.16-05.05.57:327][265]LogParticles: Destroying 0 GPU particle simulations for FXSystem 0x000000001F989F80
[2015.05.16-05.05.57:330][265]Cmd: MEM
[2015.05.16-05.05.57:348][265]LogMemory: Platform Memory Stats for Windows
[2015.05.16-05.05.57:348][265]LogMemory: Process Physical Memory: 759.22 MB used, 767.84 MB peak
[2015.05.16-05.05.57:348][265]LogMemory: Process Virtual Memory: 655.33 MB used, 664.23 MB peak
[2015.05.16-05.05.57:348][265]LogMemory: Physical Memory: 3884.46 MB used, 8073.93 MB total
[2015.05.16-05.05.57:348][265]LogMemory: Virtual Memory: 1183.69 MB used, 8388608.00 MB total
[2015.05.16-05.05.57:348][265]LogMemory: 
[2015.05.16-05.05.57:348][265]Allocator Stats for TBB: (not implemented)
[2015.05.16-05.05.57:353][265]LogPlayLevel: PIE: StaticDuplicateObject took: (0.004699s)
[2015.05.16-05.05.57:354][265]LogPlayLevel: PIE: World Init took: (0.000531s)
[2015.05.16-05.05.57:354][265]LogPlayLevel: PIE: Created PIE world by copying editor world from /Game/MenuAndLevels/InfiPlayLVL.InfiPlayLVL to /Game/MenuAndLevels/UEDPIE_0_InfiPlayLVL.InfiPlayLVL (0.005389s)
[2015.05.16-05.05.57:354][265]LogWorld: Game class is 'Infi_GameMode_C'
[2015.05.16-05.05.57:356][265]LogAIModule: Creating AISystem for world InfiPlayLVL
[2015.05.16-05.05.57:359][265]LogWorld: Bringing World /Game/MenuAndLevels/UEDPIE_0_InfiPlayLVL.InfiPlayLVL up for play (max tick rate 0) at 2015.05.15-22.05.57
[2015.05.16-05.05.57:360][265]LogWorld: Bringing up level for play took: 0.003471
[2015.05.16-05.05.59:245][489]Set new viewmode: Unlit
[2015.05.16-05.06.00:497][632]LogParticles: Destroying 0 GPU particle simulations for FXSystem 0x0000000029906160
[2015.05.16-05.07.18:455][193]LogPlayLevel: PIE:  No blueprints needed recompiling
[2015.05.16-05.07.18:455][193]PIE: New page: PIE session: InfiPlayLVL (May 15, 2015, 3:07:18 PM)
[2015.05.16-05.07.18:460][193]LogPlayLevel: PIE: StaticDuplicateObject took: (0.004608s)
[2015.05.16-05.07.18:461][193]LogPlayLevel: PIE: World Init took: (0.000517s)
[2015.05.16-05.07.18:461][193]LogPlayLevel: PIE: Created PIE world by copying editor world from /Game/MenuAndLevels/InfiPlayLVL.InfiPlayLVL to /Game/MenuAndLevels/UEDPIE_0_InfiPlayLVL.InfiPlayLVL (0.005285s)
[2015.05.16-05.07.18:492][193]LogWorld: Game class is 'Infi_GameMode_C'
[2015.05.16-05.07.18:494][193]LogAIModule: Creating AISystem for world InfiPlayLVL
[2015.05.16-05.07.18:498][193]LogWorld: Bringing World /Game/MenuAndLevels/UEDPIE_0_InfiPlayLVL.InfiPlayLVL up for play (max tick rate 0) at 2015.05.15-22.07.18
[2015.05.16-05.07.18:498][193]LogWorld: Bringing up level for play took: 0.003537
[2015.05.16-05.07.18:501][193]PIE: Info Play in editor start time for /Game/MenuAndLevels/UEDPIE_0_InfiPlayLVL 0.798
[2015.05.16-05.07.19:509][303]LogParticles: Destroying 0 GPU particle simulations for FXSystem 0x000000001F9891C0
[2015.05.16-05.15.00:914][741]LogFileHelpers: Editor autosave (incl. sublevels) for '/Game/MenuAndLevels/InfiPlayLVL' took 0.027
[2015.05.16-05.16.52:465][844]LogSavePackage: Save=81.236046ms
[2015.05.16-05.16.52:465][844]LogSavePackage: Moving '../../../../../../Users/David/Documents/Unreal Projects/Mobile48Hour/Saved/InfiPlayLVL9C7E8511417D3EC1C4D6CCB8BDC9632C.tmp' to '../../../../../../Users/David/Documents/Unreal Projects/Mobile48Hour/Content/MenuAndLevels/InfiPlayLVL.umap'
[2015.05.16-05.16.52:509][844]LogFileHelpers: Saving map 'InfiPlayLVL' took 0.325
[2015.05.16-05.16.52:514][844]Cmd: OBJ SAVEPACKAGE PACKAGE="/Game/Object_BPs/LongBlockRow" FILE="../../../../../../Users/David/Documents/Unreal Projects/Mobile48Hour/Content/Object_BPs/LongBlockRow.uasset" SILENT=true
[2015.05.16-05.16.53:125][844]LogSavePackage: Save=537.514465ms
[2015.05.16-05.16.53:125][844]LogSavePackage: Moving '../../../../../../Users/David/Documents/Unreal Projects/Mobile48Hour/Saved/LongBlockRow7B878EA048CC81FB624EB2AB466BF950.tmp' to '../../../../../../Users/David/Documents/Unreal Projects/Mobile48Hour/Content/Object_BPs/LongBlockRow.uasset'
[2015.05.16-05.16.54:857][955]Cmd: QUIT_EDITOR
[2015.05.16-05.16.55:082][955]LogExit: Preparing to exit.
[2015.05.16-05.16.55:409][955]LogExit: Editor shut down
[2015.05.16-05.16.55:409][955]LogExit: Transaction tracking system shut down
[2015.05.16-05.16.55:412][955]LogParticles: Destroying 0 GPU particle simulations for FXSystem 0x000000000E3F7B00
[2015.05.16-05.16.55:412][955]LogParticles: Destroying 0 GPU particle simulations for FXSystem 0x000000001FB8DEE0
[2015.05.16-05.16.55:412][955]LogParticles: Destroying 0 GPU particle simulations for FXSystem 0x000000001FEEE480
[2015.05.16-05.16.55:412][955]LogParticles: Destroying 0 GPU particle simulations for FXSystem 0x000000001FEECFE0
[2015.05.16-05.16.55:412][955]LogParticles: Destroying 0 GPU particle simulations for FXSystem 0x0000000026A14220
[2015.05.16-05.16.55:412][955]LogParticles: Destroying 0 GPU particle simulations for FXSystem 0x000000001E987CE0
[2015.05.16-05.16.55:412][955]LogParticles: Destroying 0 GPU particle simulations for FXSystem 0x00000000243FCD60
[2015.05.16-05.16.55:484][955]LogExit: Object subsystem successfully closed.
[2015.05.16-05.16.55:531][955]LogModuleManager: Shutting down and abandoning module CrashTracker (177)
[2015.05.16-05.16.55:531][955]LogModuleManager: Shutting down and abandoning module SuperSearch (176)
[2015.05.16-05.16.55:531][955]LogModuleManager: Shutting down and abandoning module SceneOutliner (175)
[2015.05.16-05.16.55:531][955]LogModuleManager: Shutting down and abandoning module EditorWidgets (174)
[2015.05.16-05.16.55:531][955]LogModuleManager: Shutting down and abandoning module CollectionManager (173)
[2015.05.16-05.16.55:542][955]LogModuleManager: Shutting down and abandoning module StatsViewer (172)
[2015.05.16-05.16.55:542][955]LogModuleManager: Shutting down and abandoning module FoliageEdit (171)
[2015.05.16-05.16.55:542][955]LogModuleManager: Shutting down and abandoning module LandscapeEditor (170)
[2015.05.16-05.16.55:542][955]LogModuleManager: Shutting down and abandoning module MeshPaint (169)
[2015.05.16-05.16.55:542][955]LogModuleManager: Shutting down and abandoning module ActorPickerMode (168)
[2015.05.16-05.16.55:542][955]LogModuleManager: Shutting down and abandoning module GeometryMode (167)
[2015.05.16-05.16.55:542][955]LogModuleManager: Shutting down and abandoning module TextureAlignMode (166)
[2015.05.16-05.16.55:542][955]LogModuleManager: Shutting down and abandoning module BspMode (165)
[2015.05.16-05.16.55:542][955]LogModuleManager: Shutting down and abandoning module PlacementMode (164)
[2015.05.16-05.16.55:542][955]LogModuleManager: Shutting down and abandoning module AutomationWorker (163)
[2015.05.16-05.16.55:542][955]LogModuleManager: Shutting down and abandoning module CharacterAI (162)
[2015.05.16-05.16.55:542][955]LogModuleManager: Shutting down and abandoning module SmartSnapping (161)
[2015.05.16-05.16.55:542][955]LogModuleManager: Shutting down and abandoning module ViewportSnapping (160)
[2015.05.16-05.16.55:542][955]LogModuleManager: Shutting down and abandoning module LogVisualizer (159)
[2015.05.16-05.16.55:542][955]LogModuleManager: Shutting down and abandoning module GameProjectGeneration (158)
[2015.05.16-05.16.55:542][955]LogModuleManager: Shutting down and abandoning module IntroTutorials (157)
[2015.05.16-05.16.55:542][955]LogModuleManager: Shutting down and abandoning module EditorLiveStreaming (156)
[2015.05.16-05.16.55:542][955]LogModuleManager: Shutting down and abandoning module HardwareTargeting (155)
[2015.05.16-05.16.55:542][955]LogModuleManager: Shutting down and abandoning module DeviceProfileEditor (154)
[2015.05.16-05.16.55:542][955]LogModuleManager: Shutting down and abandoning module UndoHistory (153)
[2015.05.16-05.16.55:542][955]LogModuleManager: Shutting down and abandoning module GameplayTagsEditor (152)
[2015.05.16-05.16.55:542][955]LogModuleManager: Shutting down and abandoning module UserFeedback (151)
[2015.05.16-05.16.55:542][955]LogModuleManager: Shutting down and abandoning module XmlParser (150)
[2015.05.16-05.16.55:542][955]LogModuleManager: Shutting down and abandoning module Blutility (149)
[2015.05.16-05.16.55:542][955]LogModuleManager: Shutting down and abandoning module IOSPlatformEditor (148)
[2015.05.16-05.16.55:542][955]LogModuleManager: Shutting down and abandoning module IOSRuntimeSettings (147)
[2015.05.16-05.16.55:542][955]LogModuleManager: Shutting down and abandoning module AndroidDeviceDetection (146)
[2015.05.16-05.16.56:181][955]LogModuleManager: Shutting down and abandoning module AndroidPlatformEditor (145)
[2015.05.16-05.16.56:181][955]LogModuleManager: Shutting down and abandoning module AndroidRuntimeSettings (144)
[2015.05.16-05.16.56:181][955]LogModuleManager: Shutting down and abandoning module ProjectTargetPlatformEditor (143)
[2015.05.16-05.16.56:181][955]LogModuleManager: Shutting down and abandoning module ProjectSettingsViewer (142)
[2015.05.16-05.16.56:181][955]LogModuleManager: Shutting down and abandoning module InputBindingEditor (141)
[2015.05.16-05.16.56:181][955]LogModuleManager: Shutting down and abandoning module EditorSettingsViewer (140)
[2015.05.16-05.16.56:181][955]LogModuleManager: Shutting down and abandoning module SettingsEditor (139)
[2015.05.16-05.16.56:181][955]LogModuleManager: Shutting down and abandoning module ProjectLauncher (138)
[2015.05.16-05.16.56:181][955]LogModuleManager: Shutting down and abandoning module SessionFrontend (137)
[2015.05.16-05.16.56:181][955]LogModuleManager: Shutting down and abandoning module ProfilerClient (136)
[2015.05.16-05.16.56:181][955]LogModuleManager: Shutting down and abandoning module TargetDeviceServices (135)
[2015.05.16-05.16.56:181][955]LogModuleManager: Shutting down and abandoning module DeviceManager (134)
[2015.05.16-05.16.56:181][955]LogModuleManager: Shutting down and abandoning module AutomationController (133)
[2015.05.16-05.16.56:181][955]LogModuleManager: Shutting down and abandoning module AutomationWindow (132)
[2015.05.16-05.16.56:181][955]LogModuleManager: Shutting down and abandoning module Layers (131)
[2015.05.16-05.16.56:181][955]LogModuleManager: Shutting down and abandoning module ComponentVisualizers (130)
[2015.05.16-05.16.56:181][955]LogModuleManager: Shutting down and abandoning module DetailCustomizations (129)
[2015.05.16-05.16.56:181][955]LogModuleManager: Shutting down and abandoning module PackagesDialog (128)
[2015.05.16-05.16.56:182][955]LogModuleManager: Shutting down and abandoning module AssetRegistry (127)
[2015.05.16-05.16.56:287][955]LogModuleManager: Shutting down and abandoning module Persona (126)
[2015.05.16-05.16.56:287][955]LogModuleManager: Shutting down and abandoning module SlateReflector (125)
[2015.05.16-05.16.56:287][955]LogModuleManager: Shutting down and abandoning module LevelEditor (124)
[2015.05.16-05.16.56:288][955]LogModuleManager: Shutting down and abandoning module Kismet (123)
[2015.05.16-05.16.56:288][955]LogModuleManager: Shutting down and abandoning module GraphEditor (122)
[2015.05.16-05.16.56:288][955]LogModuleManager: Shutting down and abandoning module ClassViewer (121)
[2015.05.16-05.16.56:288][955]LogModuleManager: Shutting down and abandoning module Toolbox (120)
[2015.05.16-05.16.56:288][955]LogModuleManager: Shutting down and abandoning module ModuleUI (119)
[2015.05.16-05.16.56:288][955]LogModuleManager: Shutting down and abandoning module MovieSceneTools (118)
[2015.05.16-05.16.56:288][955]LogModuleManager: Shutting down and abandoning module OutputLog (117)
[2015.05.16-05.16.56:288][955]LogModuleManager: Shutting down and abandoning module GammaUI (116)
[2015.05.16-05.16.56:288][955]LogModuleManager: Shutting down and abandoning module Documentation (115)
[2015.05.16-05.16.56:288][955]LogModuleManager: Shutting down and abandoning module GameLiveStreaming (114)
[2015.05.16-05.16.56:288][955]LogModuleManager: Shutting down and abandoning module StreamingPauseRendering (113)
[2015.05.16-05.16.56:288][955]LogModuleManager: Shutting down and abandoning module HTTP (112)
[2015.05.16-05.16.56:288][955]LogModuleManager: Shutting down and abandoning module AnalyticsET (111)
[2015.05.16-05.16.56:288][955]LogModuleManager: Shutting down and abandoning module Analytics (110)
[2015.05.16-05.16.56:288][955]LogModuleManager: Shutting down and abandoning module AITestSuite (109)
[2015.05.16-05.16.56:288][955]LogModuleManager: Shutting down and abandoning module GameplayDebugger (108)
[2015.05.16-05.16.56:288][955]LogModuleManager: Shutting down and abandoning module AIModule (107)
[2015.05.16-05.16.56:288][955]LogModuleManager: Shutting down and abandoning module ProfilerService (106)
[2015.05.16-05.16.56:417][955]LogModuleManager: Shutting down and abandoning module TaskGraph (105)
[2015.05.16-05.16.56:417][955]LogModuleManager: Shutting down and abandoning module SlateRemote (104)
[2015.05.16-05.16.56:417][955]LogModuleManager: Shutting down and abandoning module ScriptEditorPlugin (103)
[2015.05.16-05.16.56:417][955]LogModuleManager: Shutting down and abandoning module CustomMeshComponent (102)
[2015.05.16-05.16.56:417][955]LogModuleManager: Shutting down and abandoning module CableComponent (101)
[2015.05.16-05.16.56:417][955]LogModuleManager: Shutting down and abandoning module MessagingDebugger (100)
[2015.05.16-05.16.56:417][955]LogModuleManager: Shutting down and abandoning module MediaPlayerEditor (99)
[2015.05.16-05.16.56:417][955]LogModuleManager: Shutting down and abandoning module SpeedTreeImporter (98)
[2015.05.16-05.16.56:417][955]LogModuleManager: Shutting down and abandoning module PluginsEditor (97)
[2015.05.16-05.16.56:417][955]LogModuleManager: Shutting down and abandoning module MainFrame (96)
[2015.05.16-05.16.56:417][955]LogModuleManager: Shutting down and abandoning module EpicSurvey (95)
[2015.05.16-05.16.56:427][955]LogModuleManager: Shutting down and abandoning module DesktopPlatform (94)
[2015.05.16-05.16.56:427][955]LogModuleManager: Shutting down and abandoning module DirectoryWatcher (93)
[2015.05.16-05.16.56:427][955]LogModuleManager: Shutting down and abandoning module HotReload (92)
[2015.05.16-05.16.56:427][955]LogModuleManager: Shutting down and abandoning module VisualStudioSourceCodeAccess (91)
[2015.05.16-05.16.56:427][955]LogModuleManager: Shutting down and abandoning module UObjectPlugin (90)
[2015.05.16-05.16.56:427][955]LogModuleManager: Shutting down and abandoning module SubversionSourceControl (89)
[2015.05.16-05.16.56:427][955]LogModuleManager: Shutting down and abandoning module PerforceSourceControl (88)
[2015.05.16-05.16.56:427][955]LogModuleManager: Shutting down and abandoning module SourceControl (87)
[2015.05.16-05.16.56:427][955]LogModuleManager: Shutting down and abandoning module GitSourceControl (86)
[2015.05.16-05.16.56:427][955]LogModuleManager: Shutting down and abandoning module BlankPlugin (85)
[2015.05.16-05.16.56:427][955]LogModuleManager: Shutting down and abandoning module PaperTiledImporter (84)
[2015.05.16-05.16.56:427][955]LogModuleManager: Shutting down and abandoning module PaperJsonImporter (83)
[2015.05.16-05.16.56:427][955]LogModuleManager: Shutting down and abandoning module ContentBrowser (82)
[2015.05.16-05.16.56:428][955]LogModuleManager: Shutting down and abandoning module Paper2DEditor (81)
[2015.05.16-05.16.56:428][955]LogModuleManager: Shutting down and abandoning module ScriptPlugin (80)
[2015.05.16-05.16.56:428][955]LogModuleManager: Shutting down and abandoning module UdpMessaging (79)
[2015.05.16-05.16.56:528][955]LogModuleManager: Shutting down and abandoning module Paper2D (78)
[2015.05.16-05.16.56:528][955]LogModuleManager: Shutting down and abandoning module WindowsMoviePlayer (77)
[2015.05.16-05.16.56:530][955]LogModuleManager: Shutting down and abandoning module Media (76)
[2015.05.16-05.16.56:530][955]LogModuleManager: Shutting down and abandoning module WmfMedia (75)
[2015.05.16-05.16.56:530][955]LogModuleManager: Shutting down and abandoning module OnlineBlueprintSupport (74)
[2015.05.16-05.16.56:530][955]LogModuleManager: Shutting down and abandoning module PropertyEditor (73)
[2015.05.16-05.16.56:530][955]LogModuleManager: Shutting down and abandoning module BehaviorTreeEditor (72)
[2015.05.16-05.16.56:530][955]LogModuleManager: Shutting down and abandoning module FunctionalTesting (71)
[2015.05.16-05.16.56:530][955]LogModuleManager: Shutting down and abandoning module CollisionAnalyzer (70)
[2015.05.16-05.16.56:530][955]LogModuleManager: Shutting down and abandoning module WorkspaceMenuStructure (69)
[2015.05.16-05.16.56:530][955]LogModuleManager: Shutting down and abandoning module MessageLog (68)
[2015.05.16-05.16.56:530][955]LogModuleManager: Shutting down and abandoning module Sequencer (67)
[2015.05.16-05.16.56:530][955]LogModuleManager: Shutting down and abandoning module AssetTools (66)
[2015.05.16-05.16.56:530][955]LogModuleManager: Shutting down and abandoning module UMGEditor (65)
[2015.05.16-05.16.56:530][955]LogModuleManager: Shutting down and abandoning module UMG (64)
[2015.05.16-05.16.56:530][955]LogModuleManager: Shutting down and abandoning module Slate (63)
[2015.05.16-05.16.56:530][955]LogModuleManager: Shutting down and abandoning module EditorStyle (62)
[2015.05.16-05.16.56:533][955]LogModuleManager: Shutting down and abandoning module SessionServices (61)
[2015.05.16-05.16.56:533][955]LogModuleManager: Shutting down and abandoning module SourceCodeAccess (60)
[2015.05.16-05.16.56:533][955]LogModuleManager: Shutting down and abandoning module HeadMountedDisplay (59)
[2015.05.16-05.16.56:533][955]LogModuleManager: Shutting down and abandoning module XAudio2 (58)
[2015.05.16-05.16.56:533][955]LogModuleManager: Shutting down and abandoning module Networking (56)
[2015.05.16-05.16.56:533][955]LogModuleManager: Shutting down and abandoning module Core (55)
[2015.05.16-05.16.56:533][955]LogModuleManager: Shutting down and abandoning module KismetCompiler (54)
[2015.05.16-05.16.56:533][955]LogModuleManager: Shutting down and abandoning module PhysXFormats (53)
[2015.05.16-05.16.56:533][955]LogModuleManager: Shutting down and abandoning module MeshUtilities (52)
[2015.05.16-05.16.56:533][955]LogModuleManager: Shutting down and abandoning module DerivedDataCache (51)
[2015.05.16-05.16.56:615][955]LogDerivedDataCache: Shutdown
[2015.05.16-05.16.56:615][955]LogModuleManager: Shutting down and abandoning module ShaderFormatOpenGL (50)
[2015.05.16-05.16.56:615][955]LogModuleManager: Shutting down and abandoning module ShaderFormatD3D (49)
[2015.05.16-05.16.56:615][955]LogModuleManager: Shutting down and abandoning module MetalShaderFormat (48)
[2015.05.16-05.16.56:615][955]LogModuleManager: Shutting down and abandoning module TextureFormatUncompressed (47)
[2015.05.16-05.16.56:615][955]LogModuleManager: Shutting down and abandoning module TextureFormatPVR (46)
[2015.05.16-05.16.56:615][955]LogModuleManager: Shutting down and abandoning module TextureFormatIntelISPCTexComp (45)
[2015.05.16-05.16.56:615][955]LogModuleManager: Shutting down and abandoning module TextureFormatDXT (44)
[2015.05.16-05.16.56:615][955]LogModuleManager: Shutting down and abandoning module ImageWrapper (43)
[2015.05.16-05.16.56:615][955]LogModuleManager: Shutting down and abandoning module TextureFormatASTC (42)
[2015.05.16-05.16.56:615][955]LogModuleManager: Shutting down and abandoning module TextureFormatAndroid (41)
[2015.05.16-05.16.56:615][955]LogModuleManager: Shutting down and abandoning module AudioFormatOpus (40)
[2015.05.16-05.16.56:615][955]LogModuleManager: Shutting down and abandoning module AudioFormatOgg (39)
[2015.05.16-05.16.56:615][955]LogModuleManager: Shutting down and abandoning module AudioFormatADPCM (38)
[2015.05.16-05.16.56:615][955]LogModuleManager: Shutting down and abandoning module LinuxTargetPlatform (37)
[2015.05.16-05.16.56:615][955]LogModuleManager: Shutting down and abandoning module LinuxServerTargetPlatform (36)
[2015.05.16-05.16.56:615][955]LogModuleManager: Shutting down and abandoning module LinuxNoEditorTargetPlatform (35)
[2015.05.16-05.16.56:615][955]LogModuleManager: Shutting down and abandoning module Messaging (34)
[2015.05.16-05.16.56:615][955]LogModuleManager: Shutting down and abandoning module IOSTargetPlatform (33)
[2015.05.16-05.16.56:615][955]LogModuleManager: Shutting down and abandoning module HTML5TargetPlatform (32)
[2015.05.16-05.16.56:615][955]LogModuleManager: Shutting down and abandoning module Android_PVRTCTargetPlatform (31)
[2015.05.16-05.16.56:615][955]LogModuleManager: Shutting down and abandoning module Android_ETC2TargetPlatform (30)
[2015.05.16-05.16.56:615][955]LogModuleManager: Shutting down and abandoning module Android_ETC1TargetPlatform (29)
[2015.05.16-05.16.56:615][955]LogModuleManager: Shutting down and abandoning module Android_ES31TargetPlatform (28)
[2015.05.16-05.16.56:615][955]LogModuleManager: Shutting down and abandoning module Android_DXTTargetPlatform (27)
[2015.05.16-05.16.56:615][955]LogModuleManager: Shutting down and abandoning module Android_ATCTargetPlatform (26)
[2015.05.16-05.16.56:615][955]LogModuleManager: Shutting down and abandoning module AndroidTargetPlatform (25)
[2015.05.16-05.16.56:615][955]LogModuleManager: Shutting down and abandoning module WindowsTargetPlatform (24)
[2015.05.16-05.16.56:615][955]LogModuleManager: Shutting down and abandoning module WindowsServerTargetPlatform (23)
[2015.05.16-05.16.56:615][955]LogModuleManager: Shutting down and abandoning module WindowsNoEditorTargetPlatform (22)
[2015.05.16-05.16.56:615][955]LogModuleManager: Shutting down and abandoning module WindowsClientTargetPlatform (21)
[2015.05.16-05.16.56:615][955]LogModuleManager: Shutting down and abandoning module TargetPlatform (20)
[2015.05.16-05.16.56:615][955]LogModuleManager: Shutting down and abandoning module InputCore (19)
[2015.05.16-05.16.56:615][955]LogModuleManager: Shutting down and abandoning module Settings (18)
[2015.05.16-05.16.56:615][955]LogModuleManager: Shutting down and abandoning module OnlineSubsystem (16)
[2015.05.16-05.16.56:615][955]LogModuleManager: Shutting down and abandoning module OculusRift (15)
[2015.05.16-05.16.56:615][955]LogModuleManager: Shutting down and abandoning module ExampleDeviceProfileSelector (14)
[2015.05.16-05.16.56:615][955]LogModuleManager: Shutting down and abandoning module TextureCompressor (13)
[2015.05.16-05.16.56:616][955]LogModuleManager: Shutting down and abandoning module ShaderCore (12)
[2015.05.16-05.16.56:616][955]LogModuleManager: Shutting down and abandoning module Landscape (11)
[2015.05.16-05.16.56:616][955]LogModuleManager: Shutting down and abandoning module SlateRHIRenderer (10)
[2015.05.16-05.16.56:620][955]LogModuleManager: Shutting down and abandoning module OpenGLDrv (9)
[2015.05.16-05.16.56:620][955]LogModuleManager: Shutting down and abandoning module D3D11RHI (8)
[2015.05.16-05.16.56:620][955]LogModuleManager: Shutting down and abandoning module Renderer (7)
[2015.05.16-05.16.56:620][955]LogModuleManager: Shutting down and abandoning module Engine (6)
[2015.05.16-05.16.56:620][955]LogModuleManager: Shutting down and abandoning module CoreUObject (5)
[2015.05.16-05.16.56:620][955]LogModuleManager: Shutting down and abandoning module NetworkFile (4)
[2015.05.16-05.16.56:620][955]LogModuleManager: Shutting down and abandoning module StreamingFile (3)
[2015.05.16-05.16.56:620][955]LogModuleManager: Shutting down and abandoning module SandboxFile (2)
[2015.05.16-05.16.56:620][955]LogModuleManager: Shutting down and abandoning module PakFile (1)
[2015.05.16-05.16.56:621][955]LogExit: Exiting.
[2015.05.16-05.16.56:628][955]Log file closed, 05/15/15 22:16:56
