Log file open, 05/17/15 14:00:52
LogInit:Display: Running engine for game: Mobile48Hour
LogInit: Version: 4.7.6-2513093+++depot+UE4-Releases+4.7
LogInit: API Version: 2455222
LogInit: Compiled (64-bit): Apr 15 2015 12:09:54
LogInit: Compiled with Visual C++: 18.00.21005.01
LogInit: Build Configuration: Development
LogInit: Branch Name: ++depot+UE4-Releases+4.7
LogInit: Command line: 
LogInit: Base directory: C:/Program Files/Epic Games/4.7/Engine/Binaries/Win64/
LogInit: Rocket: 1
[2015.05.17-21.00.52:121][  0]LogTaskGraph: Started task graph with 3 named threads and 6 total threads.
[2015.05.17-21.00.52:173][  0]LogOnline:Warning: No default platform service specified for OnlineSubsystem
[2015.05.17-21.00.52:184][  0]LogInit: Presizing for 0 objects not considered by GC, pre-allocating 0 bytes.
[2015.05.17-21.00.52:194][  0]LogInit: Object subsystem initialized
[2015.05.17-21.00.52:195][  0]LogConsoleResponse:Warning: Skipping Unknown console variable: 'TranslucentSortAxis = (X=0.000000,Y=-1.000000,Z=0.000000)'
[2015.05.17-21.00.52:195][  0]LogConsoleResponse:Warning:   Found in ini file 'C:/Users/David/Documents/Unreal Projects/Mobile48Hour/Saved/Config/Windows/Engine.ini', in section '[/Script/Engine.RendererSettings]'
[2015.05.17-21.00.52:195][  0]LogConsoleResponse:Warning: Skipping Unknown console variable: 'UIScaleRule = ShortestSide'
[2015.05.17-21.00.52:195][  0]LogConsoleResponse:Warning:   Found in ini file 'C:/Users/David/Documents/Unreal Projects/Mobile48Hour/Saved/Config/Windows/Engine.ini', in section '[/Script/Engine.RendererSettings]'
[2015.05.17-21.00.52:195][  0]LogConsoleResponse:Warning: Skipping Unknown console variable: 'UIScaleCurve = (EditorCurveData=(Keys=),ExternalCurve=None)'
[2015.05.17-21.00.52:195][  0]LogConsoleResponse:Warning:   Found in ini file 'C:/Users/David/Documents/Unreal Projects/Mobile48Hour/Saved/Config/Windows/Engine.ini', in section '[/Script/Engine.RendererSettings]'
[2015.05.17-21.00.52:196][  0]LogInit: Selected Device Profile: [Windows]
[2015.05.17-21.00.52:196][  0]LogInit: Applying CVar settings loaded from the selected device profile: [Windows]
[2015.05.17-21.00.52:201][  0]LogInit: Computer: DAVOPCX64
[2015.05.17-21.00.52:201][  0]LogInit: User: David
[2015.05.17-21.00.52:201][  0]LogInit: CPU Page size=4096, Cores=4
[2015.05.17-21.00.52:201][  0]LogInit: High frequency timer resolution =3.418046 MHz
[2015.05.17-21.00.52:201][  0]LogMemory: Memory total: Physical=7.9GB (8GB approx) Virtual=8192.0GB
[2015.05.17-21.00.52:202][  0]LogMemory: Platform Memory Stats for Windows
[2015.05.17-21.00.52:202][  0]LogMemory: Process Physical Memory: 48.40 MB used, 48.40 MB peak
[2015.05.17-21.00.52:202][  0]LogMemory: Process Virtual Memory: 28.38 MB used, 28.38 MB peak
[2015.05.17-21.00.52:202][  0]LogMemory: Physical Memory: 2219.34 MB used, 8073.93 MB total
[2015.05.17-21.00.52:202][  0]LogMemory: Virtual Memory: 281.56 MB used, 8388608.00 MB total
[2015.05.17-21.00.52:225][  0]LogD3D11RHI: Found D3D11 adapter 0: AMD Radeon HD 7800 Series (Feature Level 11_0)
[2015.05.17-21.00.52:225][  0]LogD3D11RHI: Adapter has 1003MB of dedicated video memory, 0MB of dedicated system memory, and 3780MB of shared system memory, 2 output[s]
[2015.05.17-21.00.52:228][  0]LogD3D11RHI: Found D3D11 adapter 1: Intel(R) HD Graphics 4000 (Feature Level 11_0)
[2015.05.17-21.00.52:228][  0]LogD3D11RHI: Adapter has 64MB of dedicated video memory, 0MB of dedicated system memory, and 1632MB of shared system memory, 1 output[s]
[2015.05.17-21.00.52:228][  0]LogD3D11RHI: Chosen D3D11 Adapter Id = 0
[2015.05.17-21.00.52:232][  0]LogRHI: Texture pool is 702 MB (70% of 1003 MB)
[2015.05.17-21.00.52:237][  0]LogD3D11RHI: Async texture creation disabled: no driver support
[2015.05.17-21.00.52:291][  0]LogTextLocalizationManager: The requested culture ('en_US') has no localization data; parent culture's ('en') localization data will be used.
[2015.05.17-21.00.52:349][  0]LogTextLocalizationManager:Warning: Loading localization resources contain conflicting entries for (Namespace:UICommands, Key:Save_ToolTip):
Resource: (C:/Program Files/Epic Games/4.7/Engine/Content/Localization/Editor/en/Editor.locres) Hash: (-29098895) String: (Saves the current level to disk)
Resource: (C:/Program Files/Epic Games/4.7/Engine/Content/Localization/Engine/en/Engine.locres) Hash: (-1280300587) String: (Save selected data to vlog file)
[2015.05.17-21.00.52:349][  0]LogTextLocalizationManager:Warning: Loading localization resources contain conflicting entries for (Namespace:ContentBrowser, Key:ImportAssetToolTip):
Resource: (C:/Program Files/Epic Games/4.7/Engine/Content/Localization/Editor/en/Editor.locres) Hash: (-630476809) String: (Import to {0}...)
Resource: (C:/Program Files/Epic Games/4.7/Engine/Content/Localization/Editor/en/Editor.locres) Hash: (1271782899) String: (Imports an asset from file to this folder.)
[2015.05.17-21.00.52:430][  0]LogContentStreaming: Texture pool size is 0.000000MB
[2015.05.17-21.00.55:199][  0]LogTargetPlatformManager:Display: Building Assets For Windows
[2015.05.17-21.00.55:736][  0]LogTargetPlatformManager:Display: Building Assets For Windows
[2015.05.17-21.00.55:797][  0]LogDerivedDataCache:Display: Max Cache Size: 512 MB
[2015.05.17-21.00.55:861][  0]LogDerivedDataCache: Loaded boot cache 0.06s 39MB C:/Users/David/AppData/Local/UnrealEngine/4.7/DerivedDataCache/Boot.ddc.
[2015.05.17-21.00.55:861][  0]LogDerivedDataCache:Display: Loaded Boot cache: C:/Users/David/AppData/Local/UnrealEngine/4.7/DerivedDataCache/Boot.ddc
[2015.05.17-21.00.55:861][  0]LogDerivedDataCache: FDerivedDataBackendGraph:  Pak pak cache file ../../../../../../Users/David/Documents/Unreal Projects/Mobile48Hour/DerivedDataCache/DDC.ddp not found, will not use a pak cache.
[2015.05.17-21.00.55:861][  0]LogDerivedDataCache: Unable to find inner node Pak for hierarchical cache Hierarchy.
[2015.05.17-21.00.55:991][  0]LogDerivedDataCache:Display: Pak cache opened for reading ../../../Engine/DerivedDataCache/Compressed.ddp.
[2015.05.17-21.00.56:003][  0]LogDerivedDataCache: Using Local data cache path C:/Users/David/AppData/Local/UnrealEngine/Common/DerivedDataCache: Writable
[2015.05.17-21.00.56:305][  0]LogMeshUtilities: No automatic mesh reduction module available
[2015.05.17-21.00.56:305][  0]LogMeshUtilities: No automatic mesh merging module available
[2015.05.17-21.00.56:664][  0]LogInit: WinSock: version 1.1 (2.2), MaxSocks=32767, MaxUdp=65467
[2015.05.17-21.00.56:734][  0]LogSlate:Warning: Failed to load font data from '../../../Engine/Content/Slate/Fonts/Roboto-Italic.ttf'
[2015.05.17-21.00.57:398][  0]UdpMessaging: Initializing bridge on interface 0.0.0.0:0 to multicast group 230.0.0.1:6666.
[2015.05.17-21.00.57:567][  0]SourceControl: Info Source control is disabled
[2015.05.17-21.00.57:567][  0]SourceControl: Info Source control is disabled
[2015.05.17-21.00.57:567][  0]SourceControl: Info Source control is disabled
[2015.05.17-21.00.57:567][  0]LogSourceControl: RunCommandInternalRaw: 'git version'
[2015.05.17-21.00.57:568][  0]LogSourceControl: RunCommandInternalRaw: ExecProcess ReturnCode=2 OutResults=''
[2015.05.17-21.00.57:575][  0]SourceControl: Info Source control is disabled
[2015.05.17-21.00.57:733][  0]LogObj: 24232 objects as part of root set at end of initial load.
[2015.05.17-21.00.57:733][  0]LogUObjectAllocator: 5137176 out of 0 bytes used by permanent object pool.
[2015.05.17-21.00.57:805][  0]LogEngine: Initializing Engine...
[2015.05.17-21.01.00:955][  0]LogInit: XAudio2 using 'Speakers (Realtek High Definition Audio)' : 2 channels at 48 kHz using 32 bits per sample (channel mask 0x3)
[2015.05.17-21.01.00:990][  0]LogInit: FAudioDevice initialized.
[2015.05.17-21.01.01:021][  0]LogAIModule: Creating AISystem for world NewWorld
[2015.05.17-21.01.01:049][  0]LogDerivedDataCache: Saved boot cache 0.03s 39MB C:/Users/David/AppData/Local/UnrealEngine/4.7/DerivedDataCache/Boot.ddc.
[2015.05.17-21.01.01:056][  0]LogInit: Texture streaming: Enabled
[2015.05.17-21.01.01:142][  0]LogAnalytics: Creating configured Analytics provider AnalyticsET
[2015.05.17-21.01.01:142][  0]LogAnalytics: ET APIKey = Rocket.Release. APIServer = http://et2.epicgames.com/ET2/. AppVersion = 4.7.6-2513093+++depot+UE4-Releases+4.7
[2015.05.17-21.01.01:143][  0]LogAnalytics: ET APIKey = Rocket.Release. DataRouterUploadURL = https://datarouter-public-service-gamedev.ol.epicgames.net/datarouter/api/v1/public/data. AppVersion = 4.7.6-2513093+++depot+UE4-Releases+4.7
[2015.05.17-21.01.01:143][  0]LogAnalytics: SetUserId 63bad7584199a80b18f5d19af3640327|847b49c4ca63452480b7439378717c51|d31b456e-061b-4b71-818e-0d4e346df735
[2015.05.17-21.01.01:143][  0]LogAnalytics: AnalyticsET::StartSession [Rocket.Release]
[2015.05.17-21.01.01:160][  0]LogInit: Transaction tracking system initialized
[2015.05.17-21.01.01:316][  0]BlueprintLog: New page: Editor Load
[2015.05.17-21.01.01:346][  0]LogAssetRegistry: FAssetRegistry took 0.0097 seconds to start up
[2015.05.17-21.01.01:346][  0]LogDirectoryWatcher:Warning: Failed to begin reading directory changes for ../../../Engine/Plugins/Experimental/CharacterAI/Content/. Error: 0
[2015.05.17-21.01.01:815][  0]LogTargetPlatformManager:Display: Building Assets For Windows
[2015.05.17-21.01.02:136][  0]LogTargetPlatformManager:Display: Building Assets For Windows
[2015.05.17-21.01.02:591][  0]LogLinker:Warning: Asset '../../../Engine/Content/Tutorial/Mobile/SettingUpAndroidTutorial.uasset' has been saved with empty engine version. The asset will be loaded but may be incompatible.
[2015.05.17-21.01.02:621][  0]LogSlate:Warning: Failed to load font data from '../../../Engine/Content/Editor/Slate/Fonts/Roboto-Regular.ttf'
[2015.05.17-21.01.02:621][  0]LogSlate:Warning: Failed to load font data from '../../../Engine/Content/Editor/Slate/Fonts/Roboto-Bold.ttf'
[2015.05.17-21.01.02:625][  0]LogConsoleResponse:Display: 
[2015.05.17-21.01.02:736][  0]LogCook:Display: Done creating registry. It took  0.00s.
[2015.05.17-21.01.02:853][  0]SourceControl: Info Source control is disabled
[2015.05.17-21.01.02:854][  0]Cmd: MAP LOAD FILE="../../../../../../Users/David/Documents/Unreal Projects/Mobile48Hour/Content/MenuAndLevels/InfiPlayLVL.umap" TEMPLATE=0 SHOWPROGRESS=1 FEATURELEVEL=3
[2015.05.17-21.01.02:854][  0]LightingResults: New page: Lighting Build
[2015.05.17-21.01.02:864][  0]MapCheck: New page: Map Check
[2015.05.17-21.01.02:864][  0]LightingResults: New page: Lighting Build
[2015.05.17-21.01.02:871][  0]LogParticles: Destroying 0 GPU particle simulations for FXSystem 0x00000000139F6520
[2015.05.17-21.01.04:706][  0]LogEditorServer: Finished looking for orphan Actors (0.000 secs)
[2015.05.17-21.01.04:707][  0]LogAIModule: Creating AISystem for world InfiPlayLVL
[2015.05.17-21.01.04:707][  0]Cmd: MAP CHECKDEP
[2015.05.17-21.01.04:707][  0]MapCheck: New page: InfiPlayLVL - May 17, 2015, 7:01:04 AM
[2015.05.17-21.01.04:778][  0]MapCheck: Info Map check complete: 0 Error(s), 0 Warning(s), took 70.764ms to complete.
[2015.05.17-21.01.04:778][  0]LogFileHelpers: Loading map 'InfiPlayLVL' took 1.924
[2015.05.17-21.01.04:964][  0]LogCollectionManager: Loaded 0 collections in 0.001373 seconds
[2015.05.17-21.01.04:973][  0]LogContentBrowser: Native class hierarchy populated in 0.0094 seconds. Added 1696 classes and 261 folders.
[2015.05.17-21.01.05:016][  0]LogContentBrowser: Native class hierarchy updated for 'SceneOutliner' in 0.0019 seconds. Added 1 classes and 2 folders.
[2015.05.17-21.01.05:083][  0]LogCrashTracker: Crashtracker disabled due to settings.
[2015.05.17-21.01.05:084][  0]LogSlate:Warning: Failed to load font data from 'Veranda'
[2015.05.17-21.01.05:092][  0]LogUObjectGlobals:Warning: Failed to find object 'Class None.'
[2015.05.17-21.01.05:117][  0]LogLoad: Full Startup: 14.75 seconds (BP compile: 0.72 seconds)
[2015.05.17-21.01.05:132][  0]LogContentBrowser:Verbose: The content browser source was changed by the sources view to '/Game/Player'
[2015.05.17-21.01.05:253][  0]LogRenderer:Warning: Reallocating scene render targets to support 32x32 (Frame:2).
[2015.05.17-21.01.05:379][  0]LogRenderer:Warning: Reallocating scene render targets to support 1208x632 (Frame:3).
[2015.05.17-21.01.05:590][  3]LogAssetRegistry: Asset discovery search completed in 4.2545 seconds
[2015.05.17-21.02.50:834][424]Cmd: UpdateLandscapeSetup
[2015.05.17-21.02.50:948][435]LogPlayLevel: PIE:  No blueprints needed recompiling
[2015.05.17-21.02.50:948][435]PIE: New page: PIE session: InfiPlayLVL (May 17, 2015, 7:02:50 AM)
[2015.05.17-21.02.50:953][435]LogPlayLevel: PIE: StaticDuplicateObject took: (0.003941s)
[2015.05.17-21.02.50:953][435]LogPlayLevel: PIE: World Init took: (0.000513s)
[2015.05.17-21.02.50:953][435]LogPlayLevel: PIE: Created PIE world by copying editor world from /Game/MenuAndLevels/InfiPlayLVL.InfiPlayLVL to /Game/MenuAndLevels/UEDPIE_0_InfiPlayLVL.InfiPlayLVL (0.004602s)
[2015.05.17-21.02.50:996][435]LogWorld: Game class is 'Infi_GameMode_C'
[2015.05.17-21.02.50:998][435]LogAIModule: Creating AISystem for world InfiPlayLVL
[2015.05.17-21.02.51:000][435]LogWorld: Bringing World /Game/MenuAndLevels/UEDPIE_0_InfiPlayLVL.InfiPlayLVL up for play (max tick rate 0) at 2015.05.17-14.02.51
[2015.05.17-21.02.51:001][435]LogWorld: Bringing up level for play took: 0.002077
[2015.05.17-21.02.51:004][435]PIE: Info Play in editor start time for /Game/MenuAndLevels/UEDPIE_0_InfiPlayLVL -0.076
[2015.05.17-21.02.52:470][575]LogParticles: Destroying 0 GPU particle simulations for FXSystem 0x000000001C4E8720
[2015.05.17-21.02.53:272][661]LogPlayLevel: PIE:  No blueprints needed recompiling
[2015.05.17-21.02.53:272][661]PIE: New page: PIE session: InfiPlayLVL (May 17, 2015, 7:02:53 AM)
[2015.05.17-21.02.53:276][661]LogPlayLevel: PIE: StaticDuplicateObject took: (0.004064s)
[2015.05.17-21.02.53:277][661]LogPlayLevel: PIE: World Init took: (0.000446s)
[2015.05.17-21.02.53:277][661]LogPlayLevel: PIE: Created PIE world by copying editor world from /Game/MenuAndLevels/InfiPlayLVL.InfiPlayLVL to /Game/MenuAndLevels/UEDPIE_0_InfiPlayLVL.InfiPlayLVL (0.004657s)
[2015.05.17-21.02.53:307][661]LogWorld: Game class is 'Infi_GameMode_C'
[2015.05.17-21.02.53:309][661]LogAIModule: Creating AISystem for world InfiPlayLVL
[2015.05.17-21.02.53:311][661]LogWorld: Bringing World /Game/MenuAndLevels/UEDPIE_0_InfiPlayLVL.InfiPlayLVL up for play (max tick rate 0) at 2015.05.17-14.02.53
[2015.05.17-21.02.53:311][661]LogWorld: Bringing up level for play took: 0.002030
[2015.05.17-21.02.53:315][661]PIE: Info Play in editor start time for /Game/MenuAndLevels/UEDPIE_0_InfiPlayLVL 0.235
[2015.05.17-21.02.54:579][784]LogParticles: Destroying 0 GPU particle simulations for FXSystem 0x00000000263EF880
[2015.05.17-21.02.55:484][885]LogPlayLevel: PIE:  No blueprints needed recompiling
[2015.05.17-21.02.55:484][885]PIE: New page: PIE session: InfiPlayLVL (May 17, 2015, 7:02:55 AM)
[2015.05.17-21.02.55:488][885]LogPlayLevel: PIE: StaticDuplicateObject took: (0.003769s)
[2015.05.17-21.02.55:489][885]LogPlayLevel: PIE: World Init took: (0.000491s)
[2015.05.17-21.02.55:489][885]LogPlayLevel: PIE: Created PIE world by copying editor world from /Game/MenuAndLevels/InfiPlayLVL.InfiPlayLVL to /Game/MenuAndLevels/UEDPIE_0_InfiPlayLVL.InfiPlayLVL (0.004399s)
[2015.05.17-21.02.55:519][885]LogWorld: Game class is 'Infi_GameMode_C'
[2015.05.17-21.02.55:521][885]LogAIModule: Creating AISystem for world InfiPlayLVL
[2015.05.17-21.02.55:523][885]LogWorld: Bringing World /Game/MenuAndLevels/UEDPIE_0_InfiPlayLVL.InfiPlayLVL up for play (max tick rate 0) at 2015.05.17-14.02.55
[2015.05.17-21.02.55:523][885]LogWorld: Bringing up level for play took: 0.002048
[2015.05.17-21.02.55:526][885]PIE: Info Play in editor start time for /Game/MenuAndLevels/UEDPIE_0_InfiPlayLVL 0.446
[2015.05.17-21.02.56:545][984]LogParticles: Destroying 0 GPU particle simulations for FXSystem 0x000000000E21F240
[2015.05.17-21.03.04:049][848]Cmd: UpdateLandscapeSetup
[2015.05.17-21.03.04:181][861]LogPlayLevel: PIE:  No blueprints needed recompiling
[2015.05.17-21.03.04:181][861]PIE: New page: PIE session: InfiPlayLVL (May 17, 2015, 7:03:04 AM)
[2015.05.17-21.03.04:186][861]LogPlayLevel: PIE: StaticDuplicateObject took: (0.003787s)
[2015.05.17-21.03.04:186][861]LogPlayLevel: PIE: World Init took: (0.000424s)
[2015.05.17-21.03.04:186][861]LogPlayLevel: PIE: Created PIE world by copying editor world from /Game/MenuAndLevels/InfiPlayLVL.InfiPlayLVL to /Game/MenuAndLevels/UEDPIE_0_InfiPlayLVL.InfiPlayLVL (0.004365s)
[2015.05.17-21.03.04:215][861]LogWorld: Game class is 'Infi_GameMode_C'
[2015.05.17-21.03.04:217][861]LogAIModule: Creating AISystem for world InfiPlayLVL
[2015.05.17-21.03.04:219][861]LogWorld: Bringing World /Game/MenuAndLevels/UEDPIE_0_InfiPlayLVL.InfiPlayLVL up for play (max tick rate 0) at 2015.05.17-14.03.04
[2015.05.17-21.03.04:219][861]LogWorld: Bringing up level for play took: 0.001994
[2015.05.17-21.03.04:222][861]PIE: Info Play in editor start time for /Game/MenuAndLevels/UEDPIE_0_InfiPlayLVL -0.858
[2015.05.17-21.03.05:865][ 25]LogParticles: Destroying 0 GPU particle simulations for FXSystem 0x000000000E1F7A60
[2015.05.17-21.03.30:345][732]LogContentBrowser:Verbose: The content browser source was changed by the sources view to '/Game/Particles'
[2015.05.17-21.03.30:980][801]LogContentBrowser:Verbose: The content browser source was changed by the sources view to '/Game/Object_BPs'
[2015.05.17-21.03.58:691][747]LogPlayLevel: PIE:  No blueprints needed recompiling
[2015.05.17-21.03.58:691][747]PIE: New page: PIE session: InfiPlayLVL (May 17, 2015, 7:03:58 AM)
[2015.05.17-21.03.58:696][747]LogPlayLevel: PIE: StaticDuplicateObject took: (0.004026s)
[2015.05.17-21.03.58:696][747]LogPlayLevel: PIE: World Init took: (0.000478s)
[2015.05.17-21.03.58:696][747]LogPlayLevel: PIE: Created PIE world by copying editor world from /Game/MenuAndLevels/InfiPlayLVL.InfiPlayLVL to /Game/MenuAndLevels/UEDPIE_0_InfiPlayLVL.InfiPlayLVL (0.004660s)
[2015.05.17-21.03.58:727][747]LogWorld: Game class is 'Infi_GameMode_C'
[2015.05.17-21.03.58:729][747]LogAIModule: Creating AISystem for world InfiPlayLVL
[2015.05.17-21.03.58:731][747]LogWorld: Bringing World /Game/MenuAndLevels/UEDPIE_0_InfiPlayLVL.InfiPlayLVL up for play (max tick rate 0) at 2015.05.17-14.03.58
[2015.05.17-21.03.58:732][747]LogWorld: Bringing up level for play took: 0.002471
[2015.05.17-21.03.58:735][747]PIE: Info Play in editor start time for /Game/MenuAndLevels/UEDPIE_0_InfiPlayLVL -0.346
[2015.05.17-21.04.01:257][ 40]LogParticles: Destroying 0 GPU particle simulations for FXSystem 0x000000000CE9D120
[2015.05.17-21.04.37:605][705]BlueprintLog: New page: Compile LongBlockRow
[2015.05.17-21.04.37:885][705]BlueprintEditorCompileResults: Info [0227.52] Compile of LongBlockRow successful! [in 279 ms]
[2015.05.17-21.04.40:482][936]BlueprintLog: New page: Pre-PIE auto-recompile
[2015.05.17-21.04.40:485][936]LogPlayLevel: [PIE] Compiling Infi_GameMode before PIE...
[2015.05.17-21.04.40:566][936]LogPlayLevel: [PIE] Compiling Player_char before PIE...
[2015.05.17-21.04.40:789][936]LogPlayLevel: [PIE] Compiling LongBlockRow before PIE...
[2015.05.17-21.04.41:027][936]LogPlayLevel: [PIE] Compiling HUDWIDGET before PIE...
[2015.05.17-21.04.41:123][936]LogPlayLevel: PIE:  Blueprint regeneration took 640 ms (4 blueprints)
[2015.05.17-21.04.41:124][936]PIE: New page: PIE session: InfiPlayLVL (May 17, 2015, 7:04:41 AM)
[2015.05.17-21.04.41:128][936]LogPlayLevel: PIE: StaticDuplicateObject took: (0.004313s)
[2015.05.17-21.04.41:129][936]LogPlayLevel: PIE: World Init took: (0.000464s)
[2015.05.17-21.04.41:129][936]LogPlayLevel: PIE: Created PIE world by copying editor world from /Game/MenuAndLevels/InfiPlayLVL.InfiPlayLVL to /Game/MenuAndLevels/UEDPIE_0_InfiPlayLVL.InfiPlayLVL (0.004923s)
[2015.05.17-21.04.41:160][936]LogWorld: Game class is 'Infi_GameMode_C'
[2015.05.17-21.04.41:162][936]LogAIModule: Creating AISystem for world InfiPlayLVL
[2015.05.17-21.04.41:164][936]LogWorld: Bringing World /Game/MenuAndLevels/UEDPIE_0_InfiPlayLVL.InfiPlayLVL up for play (max tick rate 0) at 2015.05.17-14.04.41
[2015.05.17-21.04.41:165][936]LogWorld: Bringing up level for play took: 0.002467
[2015.05.17-21.04.41:168][936]PIE: Info Play in editor start time for /Game/MenuAndLevels/UEDPIE_0_InfiPlayLVL 0.085
[2015.05.17-21.04.45:890][487]LogParticles: Destroying 0 GPU particle simulations for FXSystem 0x000000001F2B5440
[2015.05.17-21.04.51:838][ 32]LogContentBrowser:Verbose: The content browser source was changed by the sources view to '/Game/Player'
[2015.05.17-21.06.27:029][267]Cmd: UpdateLandscapeSetup
[2015.05.17-21.06.33:214][888]BlueprintLog: New page: Pre-PIE auto-recompile
[2015.05.17-21.06.33:218][888]LogPlayLevel: [PIE] Compiling Infi_GameMode before PIE...
[2015.05.17-21.06.33:298][888]LogPlayLevel: [PIE] Compiling Player_char before PIE...
[2015.05.17-21.06.33:518][888]LogPlayLevel: [PIE] Compiling LongBlockRow before PIE...
[2015.05.17-21.06.33:759][888]LogPlayLevel: [PIE] Compiling HUDWIDGET before PIE...
[2015.05.17-21.06.33:849][888]LogParticles: Destroying 0 GPU particle simulations for FXSystem 0x000000001D89CD60
[2015.05.17-21.06.33:849][888]LogParticles: Destroying 0 GPU particle simulations for FXSystem 0x000000001D89D440
[2015.05.17-21.06.33:857][888]LogPlayLevel: PIE:  Blueprint regeneration took 642 ms (4 blueprints)
[2015.05.17-21.06.33:857][888]PIE: New page: PIE session: InfiPlayLVL (May 17, 2015, 7:06:33 AM)
[2015.05.17-21.06.33:861][888]LogPlayLevel: PIE: StaticDuplicateObject took: (0.004103s)
[2015.05.17-21.06.33:862][888]LogPlayLevel: PIE: World Init took: (0.000494s)
[2015.05.17-21.06.33:862][888]LogPlayLevel: PIE: Created PIE world by copying editor world from /Game/MenuAndLevels/InfiPlayLVL.InfiPlayLVL to /Game/MenuAndLevels/UEDPIE_0_InfiPlayLVL.InfiPlayLVL (0.004769s)
[2015.05.17-21.06.33:894][888]LogWorld: Game class is 'Infi_GameMode_C'
[2015.05.17-21.06.33:896][888]LogAIModule: Creating AISystem for world InfiPlayLVL
[2015.05.17-21.06.33:898][888]LogWorld: Bringing World /Game/MenuAndLevels/UEDPIE_0_InfiPlayLVL.InfiPlayLVL up for play (max tick rate 0) at 2015.05.17-14.06.33
[2015.05.17-21.06.33:899][888]LogWorld: Bringing up level for play took: 0.002387
[2015.05.17-21.06.33:902][888]PIE: Info Play in editor start time for /Game/MenuAndLevels/UEDPIE_0_InfiPlayLVL 0.818
[2015.05.17-21.06.37:177][269]LogPackageName: SearchForPackageOnDisk took   0.063s to resolve InfiPlayLVL.umap
[2015.05.17-21.06.37:240][270]LogPackageName: SearchForPackageOnDisk took   0.056s to resolve InfiPlayLVL.umap
[2015.05.17-21.06.37:241][270]LogNet: Browse: /Game/MenuAndLevels/InfiPlayLVL
[2015.05.17-21.06.37:241][270]LogLoad: LoadMap: /Game/MenuAndLevels/InfiPlayLVL
[2015.05.17-21.06.37:267][270]LogParticles: Destroying 0 GPU particle simulations for FXSystem 0x00000000200F23E0
[2015.05.17-21.06.37:267][270]Cmd: MEM
[2015.05.17-21.06.37:284][270]LogMemory: Platform Memory Stats for Windows
[2015.05.17-21.06.37:284][270]LogMemory: Process Physical Memory: 648.91 MB used, 649.18 MB peak
[2015.05.17-21.06.37:284][270]LogMemory: Process Virtual Memory: 538.27 MB used, 542.41 MB peak
[2015.05.17-21.06.37:284][270]LogMemory: Physical Memory: 2563.06 MB used, 8073.93 MB total
[2015.05.17-21.06.37:284][270]LogMemory: Virtual Memory: 1069.50 MB used, 8388608.00 MB total
[2015.05.17-21.06.37:284][270]LogMemory: 
[2015.05.17-21.06.37:284][270]Allocator Stats for TBB: (not implemented)
[2015.05.17-21.06.37:289][270]LogPlayLevel: PIE: StaticDuplicateObject took: (0.004481s)
[2015.05.17-21.06.37:289][270]LogPlayLevel: PIE: World Init took: (0.000471s)
[2015.05.17-21.06.37:290][270]LogPlayLevel: PIE: Created PIE world by copying editor world from /Game/MenuAndLevels/InfiPlayLVL.InfiPlayLVL to /Game/MenuAndLevels/UEDPIE_0_InfiPlayLVL.InfiPlayLVL (0.005122s)
[2015.05.17-21.06.37:290][270]LogWorld: Game class is 'Infi_GameMode_C'
[2015.05.17-21.06.37:292][270]LogAIModule: Creating AISystem for world InfiPlayLVL
[2015.05.17-21.06.37:294][270]LogWorld: Bringing World /Game/MenuAndLevels/UEDPIE_0_InfiPlayLVL.InfiPlayLVL up for play (max tick rate 0) at 2015.05.17-14.06.37
[2015.05.17-21.06.37:294][270]LogWorld: Bringing up level for play took: 0.002344
[2015.05.17-21.06.37:736][314]LogParticles: Destroying 0 GPU particle simulations for FXSystem 0x000000000CDFDD00
[2015.05.17-21.07.14:818][180]BlueprintLog: New page: Compile Infi_GameMode
[2015.05.17-21.07.14:911][180]BlueprintEditorCompileResults: Info [0384.54] Compile of Infi_GameMode successful! [in 92 ms]
[2015.05.17-21.07.17:059][351]BlueprintLog: New page: Compile LongBlockRow
[2015.05.17-21.07.17:314][351]BlueprintEditorCompileResults: Info [0386.95] Compile of LongBlockRow successful! [in 255 ms]
[2015.05.17-21.08.48:503][862]LogSavePackage: Save=69.512520ms
[2015.05.17-21.08.48:503][862]LogSavePackage: Moving '../../../../../../Users/David/Documents/Unreal Projects/Mobile48Hour/Saved/InfiPlayLVL20E6B74D4BDAF7711212758B92807D8B.tmp' to '../../../../../../Users/David/Documents/Unreal Projects/Mobile48Hour/Content/MenuAndLevels/InfiPlayLVL.umap'
[2015.05.17-21.08.48:541][862]LogFileHelpers: Saving map 'InfiPlayLVL' took 0.281
[2015.05.17-21.08.48:550][862]Cmd: OBJ SAVEPACKAGE PACKAGE="/Game/Player/Infi_GameMode" FILE="../../../../../../Users/David/Documents/Unreal Projects/Mobile48Hour/Content/Player/Infi_GameMode.uasset" SILENT=true
[2015.05.17-21.08.48:676][862]LogSavePackage: Save=55.249695ms
[2015.05.17-21.08.48:676][862]LogSavePackage: Moving '../../../../../../Users/David/Documents/Unreal Projects/Mobile48Hour/Saved/Infi_GameMode8C78F30846DA1B6B3B467D8A9CC8AA29.tmp' to '../../../../../../Users/David/Documents/Unreal Projects/Mobile48Hour/Content/Player/Infi_GameMode.uasset'
[2015.05.17-21.08.48:731][862]Cmd: OBJ SAVEPACKAGE PACKAGE="/Game/Object_BPs/LongBlockRow" FILE="../../../../../../Users/David/Documents/Unreal Projects/Mobile48Hour/Content/Object_BPs/LongBlockRow.uasset" SILENT=true
[2015.05.17-21.08.49:453][862]LogSavePackage: Save=595.437012ms
[2015.05.17-21.08.49:453][862]LogSavePackage: Moving '../../../../../../Users/David/Documents/Unreal Projects/Mobile48Hour/Saved/LongBlockRow158723F8466B4E11DC7E9D89CB89FE69.tmp' to '../../../../../../Users/David/Documents/Unreal Projects/Mobile48Hour/Content/Object_BPs/LongBlockRow.uasset'
[2015.05.17-21.08.51:066][ 27]BlueprintLog: New page: Pre-PIE auto-recompile
[2015.05.17-21.08.51:070][ 27]LogPlayLevel: [PIE] Compiling Player_char before PIE...
[2015.05.17-21.08.51:291][ 27]LogPlayLevel: [PIE] Compiling Infi_GameMode before PIE...
[2015.05.17-21.08.51:370][ 27]LogPlayLevel: [PIE] Compiling LongBlockRow before PIE...
[2015.05.17-21.08.51:606][ 27]LogPlayLevel: [PIE] Compiling HUDWIDGET before PIE...
[2015.05.17-21.08.51:703][ 27]LogPlayLevel: PIE:  Blueprint regeneration took 637 ms (4 blueprints)
[2015.05.17-21.08.51:703][ 27]PIE: New page: PIE session: InfiPlayLVL (May 17, 2015, 7:08:51 AM)
[2015.05.17-21.08.51:708][ 27]LogPlayLevel: PIE: StaticDuplicateObject took: (0.004218s)
[2015.05.17-21.08.51:708][ 27]LogPlayLevel: PIE: World Init took: (0.000523s)
[2015.05.17-21.08.51:708][ 27]LogPlayLevel: PIE: Created PIE world by copying editor world from /Game/MenuAndLevels/InfiPlayLVL.InfiPlayLVL to /Game/MenuAndLevels/UEDPIE_0_InfiPlayLVL.InfiPlayLVL (0.004891s)
[2015.05.17-21.08.51:738][ 27]LogWorld: Game class is 'Infi_GameMode_C'
[2015.05.17-21.08.51:740][ 27]LogAIModule: Creating AISystem for world InfiPlayLVL
[2015.05.17-21.08.51:742][ 27]LogWorld: Bringing World /Game/MenuAndLevels/UEDPIE_0_InfiPlayLVL.InfiPlayLVL up for play (max tick rate 0) at 2015.05.17-14.08.51
[2015.05.17-21.08.51:743][ 27]LogWorld: Bringing up level for play took: 0.002474
[2015.05.17-21.08.51:745][ 27]PIE: Info Play in editor start time for /Game/MenuAndLevels/UEDPIE_0_InfiPlayLVL 0.659
[2015.05.17-21.08.53:309][202]LogParticles: Destroying 0 GPU particle simulations for FXSystem 0x000000001B600A40
[2015.05.17-21.09.03:834][172]BlueprintLog: New page: Compile Infi_GameMode
[2015.05.17-21.09.03:928][172]BlueprintEditorCompileResults: Info [0493.56] Compile of Infi_GameMode successful! [in 93 ms]
[2015.05.17-21.09.05:709][320]LogSavePackage: Save=68.246887ms
[2015.05.17-21.09.05:709][320]LogSavePackage: Moving '../../../../../../Users/David/Documents/Unreal Projects/Mobile48Hour/Saved/InfiPlayLVL997929BF4893DDA39680608237AC62B6.tmp' to '../../../../../../Users/David/Documents/Unreal Projects/Mobile48Hour/Content/MenuAndLevels/InfiPlayLVL.umap'
[2015.05.17-21.09.05:748][320]LogFileHelpers: Saving map 'InfiPlayLVL' took 0.273
[2015.05.17-21.09.17:059][879]BlueprintLog: New page: Compile LongBlockRow
[2015.05.17-21.09.17:300][879]LogParticles: Destroying 0 GPU particle simulations for FXSystem 0x000000000D2211C0
[2015.05.17-21.09.17:314][879]BlueprintEditorCompileResults: Info [0506.94] Compile of LongBlockRow successful! [in 254 ms]
[2015.05.17-21.09.18:760][934]LogSavePackage: Save=66.703606ms
[2015.05.17-21.09.18:760][934]LogSavePackage: Moving '../../../../../../Users/David/Documents/Unreal Projects/Mobile48Hour/Saved/InfiPlayLVL678F83FD4AD86B011BACB984772E65C9.tmp' to '../../../../../../Users/David/Documents/Unreal Projects/Mobile48Hour/Content/MenuAndLevels/InfiPlayLVL.umap'
[2015.05.17-21.09.18:798][934]LogFileHelpers: Saving map 'InfiPlayLVL' took 0.295
[2015.05.17-21.09.18:818][934]Cmd: OBJ SAVEPACKAGE PACKAGE="/Game/Object_BPs/LongBlockRow" FILE="../../../../../../Users/David/Documents/Unreal Projects/Mobile48Hour/Content/Object_BPs/LongBlockRow.uasset" SILENT=true
[2015.05.17-21.09.19:463][934]LogSavePackage: Save=575.157532ms
[2015.05.17-21.09.19:463][934]LogSavePackage: Moving '../../../../../../Users/David/Documents/Unreal Projects/Mobile48Hour/Saved/LongBlockRowFAA3F8414B6917AD357456887EE1BA0D.tmp' to '../../../../../../Users/David/Documents/Unreal Projects/Mobile48Hour/Content/Object_BPs/LongBlockRow.uasset'
[2015.05.17-21.12.09:876][942]LogContentBrowser:Verbose: The content browser source was changed by the sources view to '/Game/Particles'
[2015.05.17-21.12.10:391][993]LogContentBrowser:Verbose: The content browser source was changed by the sources view to '/Game/Object_BPs'
[2015.05.17-21.12.24:139][349]BlueprintLog: New page: Pre-PIE auto-recompile
[2015.05.17-21.12.24:143][349]LogPlayLevel: [PIE] Compiling Player_char before PIE...
[2015.05.17-21.12.24:374][349]LogPlayLevel: [PIE] Compiling Infi_GameMode before PIE...
[2015.05.17-21.12.24:458][349]LogPlayLevel: [PIE] Compiling LongBlockRow before PIE...
[2015.05.17-21.12.24:705][349]LogPlayLevel: [PIE] Compiling HUDWIDGET before PIE...
[2015.05.17-21.12.24:808][349]LogPlayLevel: PIE:  Blueprint regeneration took 669 ms (4 blueprints)
[2015.05.17-21.12.24:808][349]PIE: New page: PIE session: InfiPlayLVL (May 17, 2015, 7:12:24 AM)
[2015.05.17-21.12.24:813][349]LogPlayLevel: PIE: StaticDuplicateObject took: (0.004603s)
[2015.05.17-21.12.24:814][349]LogPlayLevel: PIE: World Init took: (0.000520s)
[2015.05.17-21.12.24:814][349]LogPlayLevel: PIE: Created PIE world by copying editor world from /Game/MenuAndLevels/InfiPlayLVL.InfiPlayLVL to /Game/MenuAndLevels/UEDPIE_0_InfiPlayLVL.InfiPlayLVL (0.005271s)
[2015.05.17-21.12.24:845][349]LogWorld: Game class is 'Infi_GameMode_C'
[2015.05.17-21.12.24:847][349]LogAIModule: Creating AISystem for world InfiPlayLVL
[2015.05.17-21.12.24:850][349]LogWorld: Bringing World /Game/MenuAndLevels/UEDPIE_0_InfiPlayLVL.InfiPlayLVL up for play (max tick rate 0) at 2015.05.17-14.12.24
[2015.05.17-21.12.24:850][349]LogWorld: Bringing up level for play took: 0.002960
[2015.05.17-21.12.24:855][349]PIE: Info Play in editor start time for /Game/MenuAndLevels/UEDPIE_0_InfiPlayLVL -0.235
[2015.05.17-21.12.29:841][917]LogPackageName: SearchForPackageOnDisk took   0.063s to resolve InfiPlayLVL.umap
[2015.05.17-21.12.29:903][918]LogPackageName: SearchForPackageOnDisk took   0.057s to resolve InfiPlayLVL.umap
[2015.05.17-21.12.29:903][918]LogNet: Browse: /Game/MenuAndLevels/InfiPlayLVL
[2015.05.17-21.12.29:904][918]LogLoad: LoadMap: /Game/MenuAndLevels/InfiPlayLVL
[2015.05.17-21.12.29:926][918]LogParticles: Destroying 0 GPU particle simulations for FXSystem 0x000000001E4BE980
[2015.05.17-21.12.29:927][918]Cmd: MEM
[2015.05.17-21.12.29:946][918]LogMemory: Platform Memory Stats for Windows
[2015.05.17-21.12.29:946][918]LogMemory: Process Physical Memory: 682.81 MB used, 686.70 MB peak
[2015.05.17-21.12.29:946][918]LogMemory: Process Virtual Memory: 570.99 MB used, 576.48 MB peak
[2015.05.17-21.12.29:947][918]LogMemory: Physical Memory: 2617.48 MB used, 8073.93 MB total
[2015.05.17-21.12.29:947][918]LogMemory: Virtual Memory: 1101.96 MB used, 8388608.00 MB total
[2015.05.17-21.12.29:947][918]LogMemory: 
[2015.05.17-21.12.29:947][918]Allocator Stats for TBB: (not implemented)
[2015.05.17-21.12.29:951][918]LogPlayLevel: PIE: StaticDuplicateObject took: (0.004491s)
[2015.05.17-21.12.29:952][918]LogPlayLevel: PIE: World Init took: (0.000506s)
[2015.05.17-21.12.29:952][918]LogPlayLevel: PIE: Created PIE world by copying editor world from /Game/MenuAndLevels/InfiPlayLVL.InfiPlayLVL to /Game/MenuAndLevels/UEDPIE_0_InfiPlayLVL.InfiPlayLVL (0.005134s)
[2015.05.17-21.12.29:952][918]LogWorld: Game class is 'Infi_GameMode_C'
[2015.05.17-21.12.29:954][918]LogAIModule: Creating AISystem for world InfiPlayLVL
[2015.05.17-21.12.29:957][918]LogWorld: Bringing World /Game/MenuAndLevels/UEDPIE_0_InfiPlayLVL.InfiPlayLVL up for play (max tick rate 0) at 2015.05.17-14.12.29
[2015.05.17-21.12.29:957][918]LogWorld: Bringing up level for play took: 0.002805
[2015.05.17-21.12.30:811][  7]LogParticles: Destroying 0 GPU particle simulations for FXSystem 0x000000001E4BE520
[2015.05.17-21.13.14:273][409]LogSavePackage: Save=72.874092ms
[2015.05.17-21.13.14:273][409]LogSavePackage: Moving '../../../../../../Users/David/Documents/Unreal Projects/Mobile48Hour/Saved/InfiPlayLVL9407C0B8423A6C764100BE81031D0C37.tmp' to '../../../../../../Users/David/Documents/Unreal Projects/Mobile48Hour/Content/MenuAndLevels/InfiPlayLVL.umap'
[2015.05.17-21.13.14:312][409]LogFileHelpers: Saving map 'InfiPlayLVL' took 0.283
[2015.05.17-21.13.23:548][323]Cmd: QUIT_EDITOR
[2015.05.17-21.13.23:785][323]LogExit: Preparing to exit.
[2015.05.17-21.13.24:488][323]LogExit: Editor shut down
[2015.05.17-21.13.24:488][323]LogExit: Transaction tracking system shut down
[2015.05.17-21.13.24:490][323]LogParticles: Destroying 0 GPU particle simulations for FXSystem 0x000000000D936980
[2015.05.17-21.13.24:490][323]LogParticles: Destroying 0 GPU particle simulations for FXSystem 0x000000001AE6B7E0
[2015.05.17-21.13.24:490][323]LogParticles: Destroying 0 GPU particle simulations for FXSystem 0x000000001F944F40
[2015.05.17-21.13.24:490][323]LogParticles: Destroying 0 GPU particle simulations for FXSystem 0x000000001FB82840
[2015.05.17-21.13.24:491][323]LogParticles: Destroying 0 GPU particle simulations for FXSystem 0x0000000015981D00
[2015.05.17-21.13.24:491][323]LogParticles: Destroying 0 GPU particle simulations for FXSystem 0x000000000DB04D60
[2015.05.17-21.13.24:555][323]LogExit: Object subsystem successfully closed.
[2015.05.17-21.13.24:614][323]LogModuleManager: Shutting down and abandoning module SequencerWidgets (178)
[2015.05.17-21.13.24:614][323]LogModuleManager: Shutting down and abandoning module CrashTracker (177)
[2015.05.17-21.13.24:614][323]LogModuleManager: Shutting down and abandoning module SuperSearch (176)
[2015.05.17-21.13.24:614][323]LogModuleManager: Shutting down and abandoning module SceneOutliner (175)
[2015.05.17-21.13.24:614][323]LogModuleManager: Shutting down and abandoning module EditorWidgets (174)
[2015.05.17-21.13.24:614][323]LogModuleManager: Shutting down and abandoning module CollectionManager (173)
[2015.05.17-21.13.24:614][323]LogModuleManager: Shutting down and abandoning module StatsViewer (172)
[2015.05.17-21.13.24:614][323]LogModuleManager: Shutting down and abandoning module FoliageEdit (171)
[2015.05.17-21.13.24:614][323]LogModuleManager: Shutting down and abandoning module LandscapeEditor (170)
[2015.05.17-21.13.24:614][323]LogModuleManager: Shutting down and abandoning module MeshPaint (169)
[2015.05.17-21.13.24:614][323]LogModuleManager: Shutting down and abandoning module ActorPickerMode (168)
[2015.05.17-21.13.24:614][323]LogModuleManager: Shutting down and abandoning module GeometryMode (167)
[2015.05.17-21.13.24:614][323]LogModuleManager: Shutting down and abandoning module TextureAlignMode (166)
[2015.05.17-21.13.24:614][323]LogModuleManager: Shutting down and abandoning module BspMode (165)
[2015.05.17-21.13.24:615][323]LogModuleManager: Shutting down and abandoning module PlacementMode (164)
[2015.05.17-21.13.24:615][323]LogModuleManager: Shutting down and abandoning module AutomationWorker (163)
[2015.05.17-21.13.24:615][323]LogModuleManager: Shutting down and abandoning module CharacterAI (162)
[2015.05.17-21.13.24:615][323]LogModuleManager: Shutting down and abandoning module SmartSnapping (161)
[2015.05.17-21.13.24:615][323]LogModuleManager: Shutting down and abandoning module ViewportSnapping (160)
[2015.05.17-21.13.24:615][323]LogModuleManager: Shutting down and abandoning module LogVisualizer (159)
[2015.05.17-21.13.24:615][323]LogModuleManager: Shutting down and abandoning module GameProjectGeneration (158)
[2015.05.17-21.13.24:615][323]LogModuleManager: Shutting down and abandoning module IntroTutorials (157)
[2015.05.17-21.13.24:615][323]LogModuleManager: Shutting down and abandoning module EditorLiveStreaming (156)
[2015.05.17-21.13.24:615][323]LogModuleManager: Shutting down and abandoning module HardwareTargeting (155)
[2015.05.17-21.13.24:615][323]LogModuleManager: Shutting down and abandoning module DeviceProfileEditor (154)
[2015.05.17-21.13.24:615][323]LogModuleManager: Shutting down and abandoning module UndoHistory (153)
[2015.05.17-21.13.24:615][323]LogModuleManager: Shutting down and abandoning module GameplayTagsEditor (152)
[2015.05.17-21.13.24:615][323]LogModuleManager: Shutting down and abandoning module UserFeedback (151)
[2015.05.17-21.13.24:615][323]LogModuleManager: Shutting down and abandoning module XmlParser (150)
[2015.05.17-21.13.24:615][323]LogModuleManager: Shutting down and abandoning module Blutility (149)
[2015.05.17-21.13.24:615][323]LogModuleManager: Shutting down and abandoning module IOSPlatformEditor (148)
[2015.05.17-21.13.24:615][323]LogModuleManager: Shutting down and abandoning module IOSRuntimeSettings (147)
[2015.05.17-21.13.24:615][323]LogModuleManager: Shutting down and abandoning module AndroidDeviceDetection (146)
[2015.05.17-21.13.25:237][323]LogModuleManager: Shutting down and abandoning module AndroidPlatformEditor (145)
[2015.05.17-21.13.25:237][323]LogModuleManager: Shutting down and abandoning module AndroidRuntimeSettings (144)
[2015.05.17-21.13.25:237][323]LogModuleManager: Shutting down and abandoning module ProjectTargetPlatformEditor (143)
[2015.05.17-21.13.25:237][323]LogModuleManager: Shutting down and abandoning module ProjectSettingsViewer (142)
[2015.05.17-21.13.25:238][323]LogModuleManager: Shutting down and abandoning module InputBindingEditor (141)
[2015.05.17-21.13.25:238][323]LogModuleManager: Shutting down and abandoning module EditorSettingsViewer (140)
[2015.05.17-21.13.25:238][323]LogModuleManager: Shutting down and abandoning module SettingsEditor (139)
[2015.05.17-21.13.25:238][323]LogModuleManager: Shutting down and abandoning module ProjectLauncher (138)
[2015.05.17-21.13.25:238][323]LogModuleManager: Shutting down and abandoning module SessionFrontend (137)
[2015.05.17-21.13.25:238][323]LogModuleManager: Shutting down and abandoning module ProfilerClient (136)
[2015.05.17-21.13.25:238][323]LogModuleManager: Shutting down and abandoning module TargetDeviceServices (135)
[2015.05.17-21.13.25:238][323]LogModuleManager: Shutting down and abandoning module DeviceManager (134)
[2015.05.17-21.13.25:238][323]LogModuleManager: Shutting down and abandoning module AutomationController (133)
[2015.05.17-21.13.25:238][323]LogModuleManager: Shutting down and abandoning module AutomationWindow (132)
[2015.05.17-21.13.25:238][323]LogModuleManager: Shutting down and abandoning module Layers (131)
[2015.05.17-21.13.25:238][323]LogModuleManager: Shutting down and abandoning module ComponentVisualizers (130)
[2015.05.17-21.13.25:239][323]LogModuleManager: Shutting down and abandoning module DetailCustomizations (129)
[2015.05.17-21.13.25:239][323]LogModuleManager: Shutting down and abandoning module PackagesDialog (128)
[2015.05.17-21.13.25:239][323]LogModuleManager: Shutting down and abandoning module AssetRegistry (127)
[2015.05.17-21.13.25:299][323]LogModuleManager: Shutting down and abandoning module Persona (126)
[2015.05.17-21.13.25:299][323]LogModuleManager: Shutting down and abandoning module SlateReflector (125)
[2015.05.17-21.13.25:299][323]LogModuleManager: Shutting down and abandoning module LevelEditor (124)
[2015.05.17-21.13.25:300][323]LogModuleManager: Shutting down and abandoning module Kismet (123)
[2015.05.17-21.13.25:300][323]LogModuleManager: Shutting down and abandoning module GraphEditor (122)
[2015.05.17-21.13.25:300][323]LogModuleManager: Shutting down and abandoning module ClassViewer (121)
[2015.05.17-21.13.25:300][323]LogModuleManager: Shutting down and abandoning module Toolbox (120)
[2015.05.17-21.13.25:300][323]LogModuleManager: Shutting down and abandoning module ModuleUI (119)
[2015.05.17-21.13.25:300][323]LogModuleManager: Shutting down and abandoning module MovieSceneTools (118)
[2015.05.17-21.13.25:300][323]LogModuleManager: Shutting down and abandoning module OutputLog (117)
[2015.05.17-21.13.25:300][323]LogModuleManager: Shutting down and abandoning module GammaUI (116)
[2015.05.17-21.13.25:300][323]LogModuleManager: Shutting down and abandoning module Documentation (115)
[2015.05.17-21.13.25:300][323]LogModuleManager: Shutting down and abandoning module GameLiveStreaming (114)
[2015.05.17-21.13.25:300][323]LogModuleManager: Shutting down and abandoning module StreamingPauseRendering (113)
[2015.05.17-21.13.25:300][323]LogModuleManager: Shutting down and abandoning module HTTP (112)
[2015.05.17-21.13.25:300][323]LogModuleManager: Shutting down and abandoning module AnalyticsET (111)
[2015.05.17-21.13.25:300][323]LogModuleManager: Shutting down and abandoning module Analytics (110)
[2015.05.17-21.13.25:300][323]LogModuleManager: Shutting down and abandoning module AITestSuite (109)
[2015.05.17-21.13.25:300][323]LogModuleManager: Shutting down and abandoning module GameplayDebugger (108)
[2015.05.17-21.13.25:300][323]LogModuleManager: Shutting down and abandoning module AIModule (107)
[2015.05.17-21.13.25:300][323]LogModuleManager: Shutting down and abandoning module ProfilerService (106)
[2015.05.17-21.13.25:548][323]LogModuleManager: Shutting down and abandoning module TaskGraph (105)
[2015.05.17-21.13.25:548][323]LogModuleManager: Shutting down and abandoning module SlateRemote (104)
[2015.05.17-21.13.25:548][323]LogModuleManager: Shutting down and abandoning module ScriptEditorPlugin (103)
[2015.05.17-21.13.25:548][323]LogModuleManager: Shutting down and abandoning module CustomMeshComponent (102)
[2015.05.17-21.13.25:548][323]LogModuleManager: Shutting down and abandoning module CableComponent (101)
[2015.05.17-21.13.25:548][323]LogModuleManager: Shutting down and abandoning module MessagingDebugger (100)
[2015.05.17-21.13.25:548][323]LogModuleManager: Shutting down and abandoning module MediaPlayerEditor (99)
[2015.05.17-21.13.25:548][323]LogModuleManager: Shutting down and abandoning module SpeedTreeImporter (98)
[2015.05.17-21.13.25:548][323]LogModuleManager: Shutting down and abandoning module PluginsEditor (97)
[2015.05.17-21.13.25:548][323]LogModuleManager: Shutting down and abandoning module MainFrame (96)
[2015.05.17-21.13.25:548][323]LogModuleManager: Shutting down and abandoning module EpicSurvey (95)
[2015.05.17-21.13.25:548][323]LogModuleManager: Shutting down and abandoning module DesktopPlatform (94)
[2015.05.17-21.13.25:548][323]LogModuleManager: Shutting down and abandoning module DirectoryWatcher (93)
[2015.05.17-21.13.25:549][323]LogModuleManager: Shutting down and abandoning module HotReload (92)
[2015.05.17-21.13.25:549][323]LogModuleManager: Shutting down and abandoning module VisualStudioSourceCodeAccess (91)
[2015.05.17-21.13.25:549][323]LogModuleManager: Shutting down and abandoning module UObjectPlugin (90)
[2015.05.17-21.13.25:549][323]LogModuleManager: Shutting down and abandoning module SubversionSourceControl (89)
[2015.05.17-21.13.25:549][323]LogModuleManager: Shutting down and abandoning module PerforceSourceControl (88)
[2015.05.17-21.13.25:549][323]LogModuleManager: Shutting down and abandoning module SourceControl (87)
[2015.05.17-21.13.25:549][323]LogModuleManager: Shutting down and abandoning module GitSourceControl (86)
[2015.05.17-21.13.25:549][323]LogModuleManager: Shutting down and abandoning module BlankPlugin (85)
[2015.05.17-21.13.25:549][323]LogModuleManager: Shutting down and abandoning module PaperTiledImporter (84)
[2015.05.17-21.13.25:549][323]LogModuleManager: Shutting down and abandoning module PaperJsonImporter (83)
[2015.05.17-21.13.25:549][323]LogModuleManager: Shutting down and abandoning module ContentBrowser (82)
[2015.05.17-21.13.25:550][323]LogModuleManager: Shutting down and abandoning module Paper2DEditor (81)
[2015.05.17-21.13.25:550][323]LogModuleManager: Shutting down and abandoning module ScriptPlugin (80)
[2015.05.17-21.13.25:550][323]LogModuleManager: Shutting down and abandoning module UdpMessaging (79)
[2015.05.17-21.13.25:650][323]LogModuleManager: Shutting down and abandoning module Paper2D (78)
[2015.05.17-21.13.25:650][323]LogModuleManager: Shutting down and abandoning module WindowsMoviePlayer (77)
[2015.05.17-21.13.25:653][323]LogModuleManager: Shutting down and abandoning module Media (76)
[2015.05.17-21.13.25:653][323]LogModuleManager: Shutting down and abandoning module WmfMedia (75)
[2015.05.17-21.13.25:654][323]LogModuleManager: Shutting down and abandoning module OnlineBlueprintSupport (74)
[2015.05.17-21.13.25:654][323]LogModuleManager: Shutting down and abandoning module PropertyEditor (73)
[2015.05.17-21.13.25:654][323]LogModuleManager: Shutting down and abandoning module BehaviorTreeEditor (72)
[2015.05.17-21.13.25:654][323]LogModuleManager: Shutting down and abandoning module FunctionalTesting (71)
[2015.05.17-21.13.25:654][323]LogModuleManager: Shutting down and abandoning module CollisionAnalyzer (70)
[2015.05.17-21.13.25:654][323]LogModuleManager: Shutting down and abandoning module WorkspaceMenuStructure (69)
[2015.05.17-21.13.25:654][323]LogModuleManager: Shutting down and abandoning module MessageLog (68)
[2015.05.17-21.13.25:654][323]LogModuleManager: Shutting down and abandoning module Sequencer (67)
[2015.05.17-21.13.25:654][323]LogModuleManager: Shutting down and abandoning module AssetTools (66)
[2015.05.17-21.13.25:654][323]LogModuleManager: Shutting down and abandoning module UMGEditor (65)
[2015.05.17-21.13.25:654][323]LogModuleManager: Shutting down and abandoning module UMG (64)
[2015.05.17-21.13.25:654][323]LogModuleManager: Shutting down and abandoning module Slate (63)
[2015.05.17-21.13.25:654][323]LogModuleManager: Shutting down and abandoning module EditorStyle (62)
[2015.05.17-21.13.25:661][323]LogModuleManager: Shutting down and abandoning module SessionServices (61)
[2015.05.17-21.13.25:661][323]LogModuleManager: Shutting down and abandoning module SourceCodeAccess (60)
[2015.05.17-21.13.25:661][323]LogModuleManager: Shutting down and abandoning module HeadMountedDisplay (59)
[2015.05.17-21.13.25:661][323]LogModuleManager: Shutting down and abandoning module XAudio2 (58)
[2015.05.17-21.13.25:661][323]LogModuleManager: Shutting down and abandoning module Networking (56)
[2015.05.17-21.13.25:661][323]LogModuleManager: Shutting down and abandoning module Core (55)
[2015.05.17-21.13.25:662][323]LogModuleManager: Shutting down and abandoning module KismetCompiler (54)
[2015.05.17-21.13.25:662][323]LogModuleManager: Shutting down and abandoning module PhysXFormats (53)
[2015.05.17-21.13.25:662][323]LogModuleManager: Shutting down and abandoning module MeshUtilities (52)
[2015.05.17-21.13.25:662][323]LogModuleManager: Shutting down and abandoning module DerivedDataCache (51)
[2015.05.17-21.13.25:733][323]LogDerivedDataCache: Shutdown
[2015.05.17-21.13.25:733][323]LogModuleManager: Shutting down and abandoning module ShaderFormatOpenGL (50)
[2015.05.17-21.13.25:733][323]LogModuleManager: Shutting down and abandoning module ShaderFormatD3D (49)
[2015.05.17-21.13.25:733][323]LogModuleManager: Shutting down and abandoning module MetalShaderFormat (48)
[2015.05.17-21.13.25:733][323]LogModuleManager: Shutting down and abandoning module TextureFormatUncompressed (47)
[2015.05.17-21.13.25:733][323]LogModuleManager: Shutting down and abandoning module TextureFormatPVR (46)
[2015.05.17-21.13.25:733][323]LogModuleManager: Shutting down and abandoning module TextureFormatIntelISPCTexComp (45)
[2015.05.17-21.13.25:733][323]LogModuleManager: Shutting down and abandoning module TextureFormatDXT (44)
[2015.05.17-21.13.25:733][323]LogModuleManager: Shutting down and abandoning module ImageWrapper (43)
[2015.05.17-21.13.25:733][323]LogModuleManager: Shutting down and abandoning module TextureFormatASTC (42)
[2015.05.17-21.13.25:733][323]LogModuleManager: Shutting down and abandoning module TextureFormatAndroid (41)
[2015.05.17-21.13.25:733][323]LogModuleManager: Shutting down and abandoning module AudioFormatOpus (40)
[2015.05.17-21.13.25:733][323]LogModuleManager: Shutting down and abandoning module AudioFormatOgg (39)
[2015.05.17-21.13.25:733][323]LogModuleManager: Shutting down and abandoning module AudioFormatADPCM (38)
[2015.05.17-21.13.25:733][323]LogModuleManager: Shutting down and abandoning module LinuxTargetPlatform (37)
[2015.05.17-21.13.25:733][323]LogModuleManager: Shutting down and abandoning module LinuxServerTargetPlatform (36)
[2015.05.17-21.13.25:733][323]LogModuleManager: Shutting down and abandoning module LinuxNoEditorTargetPlatform (35)
[2015.05.17-21.13.25:733][323]LogModuleManager: Shutting down and abandoning module Messaging (34)
[2015.05.17-21.13.25:733][323]LogModuleManager: Shutting down and abandoning module IOSTargetPlatform (33)
[2015.05.17-21.13.25:733][323]LogModuleManager: Shutting down and abandoning module HTML5TargetPlatform (32)
[2015.05.17-21.13.25:733][323]LogModuleManager: Shutting down and abandoning module Android_PVRTCTargetPlatform (31)
[2015.05.17-21.13.25:733][323]LogModuleManager: Shutting down and abandoning module Android_ETC2TargetPlatform (30)
[2015.05.17-21.13.25:733][323]LogModuleManager: Shutting down and abandoning module Android_ETC1TargetPlatform (29)
[2015.05.17-21.13.25:733][323]LogModuleManager: Shutting down and abandoning module Android_ES31TargetPlatform (28)
[2015.05.17-21.13.25:733][323]LogModuleManager: Shutting down and abandoning module Android_DXTTargetPlatform (27)
[2015.05.17-21.13.25:733][323]LogModuleManager: Shutting down and abandoning module Android_ATCTargetPlatform (26)
[2015.05.17-21.13.25:733][323]LogModuleManager: Shutting down and abandoning module AndroidTargetPlatform (25)
[2015.05.17-21.13.25:733][323]LogModuleManager: Shutting down and abandoning module WindowsTargetPlatform (24)
[2015.05.17-21.13.25:734][323]LogModuleManager: Shutting down and abandoning module WindowsServerTargetPlatform (23)
[2015.05.17-21.13.25:734][323]LogModuleManager: Shutting down and abandoning module WindowsNoEditorTargetPlatform (22)
[2015.05.17-21.13.25:734][323]LogModuleManager: Shutting down and abandoning module WindowsClientTargetPlatform (21)
[2015.05.17-21.13.25:734][323]LogModuleManager: Shutting down and abandoning module TargetPlatform (20)
[2015.05.17-21.13.25:734][323]LogModuleManager: Shutting down and abandoning module InputCore (19)
[2015.05.17-21.13.25:734][323]LogModuleManager: Shutting down and abandoning module Settings (18)
[2015.05.17-21.13.25:734][323]LogModuleManager: Shutting down and abandoning module OnlineSubsystem (16)
[2015.05.17-21.13.25:734][323]LogModuleManager: Shutting down and abandoning module OculusRift (15)
[2015.05.17-21.13.25:734][323]LogModuleManager: Shutting down and abandoning module ExampleDeviceProfileSelector (14)
[2015.05.17-21.13.25:734][323]LogModuleManager: Shutting down and abandoning module TextureCompressor (13)
[2015.05.17-21.13.25:734][323]LogModuleManager: Shutting down and abandoning module ShaderCore (12)
[2015.05.17-21.13.25:734][323]LogModuleManager: Shutting down and abandoning module Landscape (11)
[2015.05.17-21.13.25:734][323]LogModuleManager: Shutting down and abandoning module SlateRHIRenderer (10)
[2015.05.17-21.13.25:739][323]LogModuleManager: Shutting down and abandoning module OpenGLDrv (9)
[2015.05.17-21.13.25:739][323]LogModuleManager: Shutting down and abandoning module D3D11RHI (8)
[2015.05.17-21.13.25:739][323]LogModuleManager: Shutting down and abandoning module Renderer (7)
[2015.05.17-21.13.25:739][323]LogModuleManager: Shutting down and abandoning module Engine (6)
[2015.05.17-21.13.25:739][323]LogModuleManager: Shutting down and abandoning module CoreUObject (5)
[2015.05.17-21.13.25:739][323]LogModuleManager: Shutting down and abandoning module NetworkFile (4)
[2015.05.17-21.13.25:739][323]LogModuleManager: Shutting down and abandoning module StreamingFile (3)
[2015.05.17-21.13.25:739][323]LogModuleManager: Shutting down and abandoning module SandboxFile (2)
[2015.05.17-21.13.25:739][323]LogModuleManager: Shutting down and abandoning module PakFile (1)
[2015.05.17-21.13.25:740][323]LogExit: Exiting.
[2015.05.17-21.13.25:749][323]Log file closed, 05/17/15 14:13:25
