"C:/Users/David/Documents/Unreal Projects/Mobile48Hour/Mobile48Hour.uproject" 1
"../../../Engine/Plugins/2D/Paper2D/Paper2D.uplugin" 2
"../../../Engine/Plugins/Developer/BlankPlugin/BlankPlugin.uplugin" 3
"../../../Engine/Plugins/Developer/GitSourceControl/GitSourceControl.uplugin" 4
"../../../Engine/Plugins/Developer/KDevelopSourceCodeAccess/KDevelopSourceCodeAccess.uplugin" 5
"../../../Engine/Plugins/Developer/PerforceSourceControl/PerforceSourceControl.uplugin" 6
"../../../Engine/Plugins/Developer/SubversionSourceControl/SubversionSourceControl.uplugin" 7
"../../../Engine/Plugins/Developer/UObjectPlugin/UObjectPlugin.uplugin" 8
"../../../Engine/Plugins/Developer/VisualStudioSourceCodeAccess/VisualStudioSourceCodeAccess.uplugin" 9
"../../../Engine/Plugins/Developer/XCodeSourceCodeAccess/XCodeSourceCodeAccess.uplugin" 10
"../../../Engine/Plugins/Editor/EpicSurvey/EpicSurvey.uplugin" 11
"../../../Engine/Plugins/Editor/MacGraphicsSwitching/MacGraphicsSwitching.uplugin" 12
"../../../Engine/Plugins/Editor/PluginsEditor/PluginsEditor.uplugin" 13
"../../../Engine/Plugins/Editor/SpeedTreeImporter/SpeedTreeImporter.uplugin" 14
"../../../Engine/Plugins/Experimental/BlueprintStats/BlueprintStats.uplugin" 15
"../../../Engine/Plugins/Experimental/CharacterAI/CharacterAI.uplugin" 16
"../../../Engine/Plugins/Experimental/CodeView/CodeView.uplugin" 17
"../../../Engine/Plugins/Experimental/LiveEditor/LiveEditor.uplugin" 18
"../../../Engine/Plugins/Experimental/Phya/Phya.uplugin" 19
"../../../Engine/Plugins/Experimental/SimpleHMD/SimpleHMD.uplugin" 20
"../../../Engine/Plugins/Experimental/SteamVR/SteamVR.uplugin" 21
"../../../Engine/Plugins/Media/AndroidMedia/AndroidMedia.uplugin" 22
"../../../Engine/Plugins/Media/AvfMedia/AvfMedia.uplugin" 23
"../../../Engine/Plugins/Media/MediaPlayerEditor/MediaPlayerEditor.uplugin" 24
"../../../Engine/Plugins/Media/WmfMedia/WmfMedia.uplugin" 25
"../../../Engine/Plugins/Messaging/MessagingDebugger/MessagingDebugger.uplugin" 26
"../../../Engine/Plugins/Messaging/ShmMessaging/ShmMessaging.uplugin" 27
"../../../Engine/Plugins/Messaging/UdpMessaging/UdpMessaging.uplugin" 28
"../../../Engine/Plugins/Runtime/Advertising/IOSTapJoy/IOSTapJoy.uplugin" 29
"../../../Engine/Plugins/Runtime/Analytics/AnalyticsBlueprintLibrary/AnalyticsBlueprintLibrary.uplugin" 30
"../../../Engine/Plugins/Runtime/Analytics/Apsalar/IOSApsalar/IOSApsalar.uplugin" 31
"../../../Engine/Plugins/Runtime/Analytics/FileLogging/FileLogging.uplugin" 32
"../../../Engine/Plugins/Runtime/AndroidDeviceProfileSelector/AndroidDeviceProfileSelector.uplugin" 33
"../../../Engine/Plugins/Runtime/AndroidMoviePlayer/AndroidMoviePlayer.uplugin" 34
"../../../Engine/Plugins/Runtime/AppleMoviePlayer/AppleMoviePlayer.uplugin" 35
"../../../Engine/Plugins/Runtime/CableComponent/CableComponent.uplugin" 36
"../../../Engine/Plugins/Runtime/CustomMeshComponent/CustomMeshComponent.uplugin" 37
"../../../Engine/Plugins/Runtime/ExampleDeviceProfileSelector/ExampleDeviceProfileSelector.uplugin" 38
"../../../Engine/Plugins/Runtime/GearVR/GearVR.uplugin" 39
"../../../Engine/Plugins/Runtime/IOSDeviceProfileSelector/IOSDeviceProfileSelector.uplugin" 40
"../../../Engine/Plugins/Runtime/LiveEditorListenServer/LiveEditorListenServer.uplugin" 41
"../../../Engine/Plugins/Runtime/OculusRift/OculusRift.uplugin" 42
"../../../Engine/Plugins/Runtime/SoundMod/SoundMod.uplugin" 43
"../../../Engine/Plugins/Runtime/SoundVisualizations/SoundVisualizations.uplugin" 44
"../../../Engine/Plugins/Runtime/TwitchLiveStreaming/TwitchLiveStreaming.uplugin" 45
"../../../Engine/Plugins/Runtime/WindowsDeviceProfileSelector/WindowsDeviceProfileSelector.uplugin" 46
"../../../Engine/Plugins/Runtime/WindowsMoviePlayer/WindowsMoviePlayer.uplugin" 47
"../../../Engine/Plugins/ScriptGeneratorPlugin/ScriptGeneratorPlugin.uplugin" 48
"../../../Engine/Plugins/ScriptPlugin/ScriptPlugin.uplugin" 49
"../../../Engine/Plugins/Slate/SlateRemote/SlateRemote.uplugin" 50
"..\..\..\Engine\Content\Internationalization\icudt53l\cnvalias.icu" 51
"..\..\..\Engine\Content\Internationalization\icudt53l\en_US_POSIX.res" 52
"..\..\..\Engine\Content\Internationalization\icudt53l\pool.res" 53
"..\..\..\Engine\Content\Internationalization\icudt53l\en_US.res" 54
"..\..\..\Engine\Content\Internationalization\icudt53l\en.res" 55
"..\..\..\Engine\Content\Internationalization\icudt53l\root.res" 56
"..\..\..\Engine\Content\Internationalization\icudt53l\coll\ucadata.icu" 57
"..\..\..\Engine\Content\Internationalization\icudt53l\nfc.nrm" 58
"..\..\..\Engine\Content\Internationalization\icudt53l\coll\en_US_POSIX.res" 59
"..\..\..\Engine\Content\Internationalization\icudt53l\coll\en_US.res" 60
"..\..\..\Engine\Content\Internationalization\icudt53l\coll\en.res" 61
"..\..\..\Engine\Content\Internationalization\icudt53l\coll\root.res" 62
"..\..\..\Engine\Content\Internationalization\icudt53l\numberingSystems.res" 63
"..\..\..\Engine\Content\Internationalization\icudt53l\curr\supplementalData.res" 64
"..\..\..\Engine\Content\Internationalization\icudt53l\curr\pool.res" 65
"..\..\..\Engine\Content\Internationalization\icudt53l\curr\en.res" 66
"..\..\..\Engine\Content\Internationalization\icudt53l\curr\root.res" 67
"..\..\..\Engine\Content\Internationalization\icudt53l\plurals.res" 68
"..\..\..\Engine\Content\Internationalization\icudt53l\windowsZones.res" 69
"..\..\..\Engine\Content\Internationalization\icudt53l\zoneinfo64.res" 70
"..\..\..\Engine\Content\Internationalization\icudt53l\keyTypeData.res" 71
"..\..\..\Engine\Content\Internationalization\icudt53l\timezoneTypes.res" 72
"..\..\..\Engine\Content\Internationalization\icudt53l\supplementalData.res" 73
"..\..\..\Engine\Content\Internationalization\icudt53l\likelySubtags.res" 74
"../../../Engine/Config/Base.ini" 75
"../../../Engine/Config/BaseEngine.ini" 76
"../../../../../../Users/David/Documents/Unreal Projects/Mobile48Hour/Config/DefaultEngine.ini" 77
"../../../Engine/Config/Windows/WindowsEngine.ini" 78
"C:/Users/David/AppData/Local/Unreal Engine/Engine/Config/UserEngine.ini" 79
"C:/Users/David/Documents/Unreal Projects/Mobile48Hour/Saved/Config/Windows/Engine.ini" 80
"../../../../../../Users/David/Documents/Unreal Projects/Mobile48Hour/Intermediate/Config/CoalescedSourceConfigs/Engine.ini" 81
"../../../Engine/Config/BaseGame.ini" 82
"C:/Users/David/Documents/Unreal Projects/Mobile48Hour/Saved/Config/Windows/Game.ini" 83
"../../../../../../Users/David/Documents/Unreal Projects/Mobile48Hour/Intermediate/Config/CoalescedSourceConfigs/Game.ini" 84
"../../../Engine/Config/BaseInput.ini" 85
"../../../../../../Users/David/Documents/Unreal Projects/Mobile48Hour/Config/DefaultInput.ini" 86
"C:/Users/David/Documents/Unreal Projects/Mobile48Hour/Saved/Config/Windows/Input.ini" 87
"../../../../../../Users/David/Documents/Unreal Projects/Mobile48Hour/Intermediate/Config/CoalescedSourceConfigs/Input.ini" 88
"../../../Engine/Config/BaseEditor.ini" 89
"../../../../../../Users/David/Documents/Unreal Projects/Mobile48Hour/Config/DefaultEditor.ini" 90
"C:/Users/David/Documents/Unreal Projects/Mobile48Hour/Saved/Config/Windows/Editor.ini" 91
"../../../../../../Users/David/Documents/Unreal Projects/Mobile48Hour/Intermediate/Config/CoalescedSourceConfigs/Editor.ini" 92
"../../../Engine/Config/BaseEditorLayout.ini" 93
"C:/Users/David/Documents/Unreal Projects/Mobile48Hour/Saved/Config/Windows/EditorLayout.ini" 94
"../../../../../../Users/David/Documents/Unreal Projects/Mobile48Hour/Intermediate/Config/CoalescedSourceConfigs/EditorLayout.ini" 95
"../../../Engine/Config/BaseEditorUserSettings.ini" 96
"C:/Users/David/Documents/Unreal Projects/Mobile48Hour/Saved/Config/Windows/EditorUserSettings.ini" 97
"../../../../../../Users/David/Documents/Unreal Projects/Mobile48Hour/Intermediate/Config/CoalescedSourceConfigs/EditorUserSettings.ini" 98
"../../../Engine/Config/BaseEditorKeyBindings.ini" 99
"C:/Users/David/Documents/Unreal Projects/Mobile48Hour/Saved/Config/Windows/EditorKeyBindings.ini" 100
"../../../../../../Users/David/Documents/Unreal Projects/Mobile48Hour/Intermediate/Config/CoalescedSourceConfigs/EditorKeyBindings.ini" 101
"../../../Engine/Config/BaseCompat.ini" 102
"C:/Users/David/Documents/Unreal Projects/Mobile48Hour/Saved/Config/Windows/Compat.ini" 103
"../../../../../../Users/David/Documents/Unreal Projects/Mobile48Hour/Intermediate/Config/CoalescedSourceConfigs/Compat.ini" 104
"../../../Engine/Config/BaseLightmass.ini" 105
"C:/Users/David/Documents/Unreal Projects/Mobile48Hour/Saved/Config/Windows/Lightmass.ini" 106
"../../../../../../Users/David/Documents/Unreal Projects/Mobile48Hour/Intermediate/Config/CoalescedSourceConfigs/Lightmass.ini" 107
"../../../Engine/Config/BaseScalability.ini" 108
"C:/Users/David/Documents/Unreal Projects/Mobile48Hour/Saved/Config/Windows/Scalability.ini" 109
"../../../../../../Users/David/Documents/Unreal Projects/Mobile48Hour/Intermediate/Config/CoalescedSourceConfigs/Scalability.ini" 110
"C:/Users/David/Documents/Unreal Projects/Mobile48Hour/Saved/Config/Windows/GameUserSettings.ini" 111
"../../../../../../Users/David/Documents/Unreal Projects/Mobile48Hour/Intermediate/Config/CoalescedSourceConfigs/GameUserSettings.ini" 112
"../../../Engine/Config/BaseDeviceProfiles.ini" 113
"C:/Users/David/Documents/Unreal Projects/Mobile48Hour/Saved/Config/Windows/DeviceProfiles.ini" 114
"../../../../../../Users/David/Documents/Unreal Projects/Mobile48Hour/Intermediate/Config/CoalescedSourceConfigs/DeviceProfiles.ini" 115
"../../../Engine/Config/ConsoleVariables.ini" 116
"..\..\..\Engine\Content\Internationalization\icudt53l\es.res" 117
"..\..\..\Engine\Content\Internationalization\icudt53l\coll\es.res" 118
"..\..\..\Engine\Content\Internationalization\icudt53l\curr\es.res" 119
"..\..\..\Engine\Content\Internationalization\icudt53l\es_ES.res" 120
"..\..\..\Engine\Content\Internationalization\icudt53l\ja.res" 121
"..\..\..\Engine\Content\Internationalization\icudt53l\coll\ja.res" 122
"..\..\..\Engine\Content\Internationalization\icudt53l\curr\ja.res" 123
"..\..\..\Engine\Content\Internationalization\icudt53l\ja_JP.res" 124
"..\..\..\Engine\Content\Internationalization\icudt53l\ko.res" 125
"..\..\..\Engine\Content\Internationalization\icudt53l\coll\ko.res" 126
"..\..\..\Engine\Content\Internationalization\icudt53l\curr\ko.res" 127
"..\..\..\Engine\Content\Internationalization\icudt53l\ko_KR.res" 128
"..\..\..\Engine\Content\Internationalization\icudt53l\pt_BR.res" 129
"..\..\..\Engine\Content\Internationalization\icudt53l\pt.res" 130
"..\..\..\Engine\Content\Internationalization\icudt53l\coll\pt.res" 131
"..\..\..\Engine\Content\Internationalization\icudt53l\curr\pt.res" 132
"..\..\..\Engine\Content\Internationalization\icudt53l\zh_CN.res" 133
"..\..\..\Engine\Content\Internationalization\icudt53l\zh_Hans_CN.res" 134
"..\..\..\Engine\Content\Internationalization\icudt53l\zh_Hans.res" 135
"..\..\..\Engine\Content\Internationalization\icudt53l\zh.res" 136
"..\..\..\Engine\Content\Internationalization\icudt53l\coll\zh_CN.res" 137
"..\..\..\Engine\Content\Internationalization\icudt53l\coll\zh_Hans_CN.res" 138
"..\..\..\Engine\Content\Internationalization\icudt53l\coll\zh_Hans.res" 139
"..\..\..\Engine\Content\Internationalization\icudt53l\coll\zh.res" 140
"..\..\..\Engine\Content\Internationalization\icudt53l\curr\zh_CN.res" 141
"..\..\..\Engine\Content\Internationalization\icudt53l\curr\zh_Hans_CN.res" 142
"..\..\..\Engine\Content\Internationalization\icudt53l\curr\zh_Hans.res" 143
"..\..\..\Engine\Content\Internationalization\icudt53l\curr\zh.res" 144
"C:/Program Files/Epic Games/4.7/Engine/Content/Localization/Editor/en/Editor.locres" 145
"C:/Program Files/Epic Games/4.7/Engine/Content/Localization/EditorTutorials/en/EditorTutorials.locres" 146
"C:/Program Files/Epic Games/4.7/Engine/Content/Localization/Engine/en/Engine.locres" 147
"../../../Engine/Content/Slate/Fonts/Roboto-Regular.ttf" 148
"../../../Engine/Content/Slate/Fonts/DroidSansMono.ttf" 149
"../../../Engine/Content/Slate/Fonts/Roboto-Bold.ttf" 150
"../../../Engine/Content/Slate/Fonts/Roboto-Light.ttf" 151
"C:/Program Files/Epic Games/4.7/Engine/Binaries/Win64/../../../Engine/Shaders/ParticleSpriteVertexFactory.usf" 152
"C:/Program Files/Epic Games/4.7/Engine/Binaries/Win64/../../../Engine/Shaders/VertexFactoryCommon.usf" 153
"C:/Program Files/Epic Games/4.7/Engine/Binaries/Win64/../../../Engine/Shaders/Common.usf" 154
"C:/Program Files/Epic Games/4.7/Engine/Binaries/Win64/../../../Engine/Shaders/MetalCommon.usf" 155
"C:/Program Files/Epic Games/4.7/Engine/Binaries/Win64/../../../Engine/Shaders/ShaderVersion.usf" 156
"C:/Program Files/Epic Games/4.7/Engine/Binaries/Win64/../../../Engine/Shaders/Definitions.usf" 157
"C:/Program Files/Epic Games/4.7/Engine/Binaries/Win64/../../../Engine/Shaders/Random.usf" 158
"C:/Program Files/Epic Games/4.7/Engine/Binaries/Win64/../../../Engine/Shaders/ParticleVertexFactoryCommon.usf" 159
"C:/Program Files/Epic Games/4.7/Engine/Binaries/Win64/../../../Engine/Shaders/ParticleGPUSpriteVertexFactory.usf" 160
"C:/Program Files/Epic Games/4.7/Engine/Binaries/Win64/../../../Engine/Shaders/ParticleBeamTrailVertexFactory.usf" 161
"C:/Program Files/Epic Games/4.7/Engine/Binaries/Win64/../../../Engine/Shaders/VectorFieldVisualizationVertexFactory.usf" 162
"C:/Program Files/Epic Games/4.7/Engine/Binaries/Win64/../../../Engine/Shaders/LocalVertexFactory.usf" 163
"C:/Program Files/Epic Games/4.7/Engine/Binaries/Win64/../../../Engine/Shaders/LocalVertexFactoryCommon.usf" 164
"C:/Program Files/Epic Games/4.7/Engine/Binaries/Win64/../../../Engine/Shaders/MeshParticleVertexFactory.usf" 165
"C:/Program Files/Epic Games/4.7/Engine/Binaries/Win64/../../../Engine/Shaders/GpuSkinVertexFactory.usf" 166
"C:/Program Files/Epic Games/4.7/Engine/Binaries/Win64/../../../Engine/Shaders/GpuSkinCacheCommon.usf" 167
"C:/Program Files/Epic Games/4.7/Engine/Binaries/Win64/../../../Engine/Shaders/LandscapeVertexFactory.usf" 168
"C:/Program Files/Epic Games/4.7/Engine/Binaries/Win64/../../../Engine/Shaders/SlateElementPixelShader.usf" 169
"C:/Program Files/Epic Games/4.7/Engine/Binaries/Win64/../../../Engine/Shaders/MaterialTemplate.usf" 170
"C:/Program Files/Epic Games/4.7/Engine/Binaries/Win64/../../../Engine/Shaders/DepthOfFieldCommon.usf" 171
"C:/Program Files/Epic Games/4.7/Engine/Binaries/Win64/../../../Engine/Shaders/SpeedTreeCommon.usf" 172
"C:/Program Files/Epic Games/4.7/Engine/Binaries/Win64/../../../Engine/Shaders/AtmosphereCommon.usf" 173
"C:/Program Files/Epic Games/4.7/Engine/Binaries/Win64/../../../Engine/Shaders/PostProcessCommon.usf" 174
"C:/Program Files/Epic Games/4.7/Engine/Binaries/Win64/../../../Engine/Shaders/DeferredShadingCommon.usf" 175
"C:/Program Files/Epic Games/4.7/Engine/Binaries/Win64/../../../Engine/Shaders/LightAccumulator.usf" 176
"C:/Program Files/Epic Games/4.7/Engine/Binaries/Win64/../../../Engine/Shaders/SlateVertexShader.usf" 177
"C:/Program Files/Epic Games/4.7/Engine/Binaries/Win64/../../../Engine/Shaders/OneColorShader.usf" 178
"C:/Program Files/Epic Games/4.7/Engine/Binaries/Win64/../../../Engine/Shaders/ResolveVertexShader.usf" 179
"C:/Program Files/Epic Games/4.7/Engine/Binaries/Win64/../../../Engine/Shaders/ResolvePixelShader.usf" 180
"C:/Program Files/Epic Games/4.7/Engine/Binaries/Win64/../../../Engine/Shaders/VisualizeTexture.usf" 181
"C:/Program Files/Epic Games/4.7/Engine/Binaries/Win64/../../../Engine/Shaders/ScreenSpaceReflections.usf" 182
"C:/Program Files/Epic Games/4.7/Engine/Binaries/Win64/../../../Engine/Shaders/BRDF.usf" 183
"C:/Program Files/Epic Games/4.7/Engine/Binaries/Win64/../../../Engine/Shaders/MonteCarlo.usf" 184
"C:/Program Files/Epic Games/4.7/Engine/Binaries/Win64/../../../Engine/Shaders/FilterVertexShader.usf" 185
"C:/Program Files/Epic Games/4.7/Engine/Binaries/Win64/../../../Engine/Shaders/FilterPixelShader.usf" 186
"C:/Program Files/Epic Games/4.7/Engine/Binaries/Win64/../../../Engine/Shaders/PostProcessVisualizeHDR.usf" 187
"C:/Program Files/Epic Games/4.7/Engine/Binaries/Win64/../../../Engine/Shaders/PostProcessHistogramCommon.usf" 188
"C:/Program Files/Epic Games/4.7/Engine/Binaries/Win64/../../../Engine/Shaders/TonemapCommon.usf" 189
"C:/Program Files/Epic Games/4.7/Engine/Binaries/Win64/../../../Engine/Shaders/MiniFontCommon.usf" 190
"C:/Program Files/Epic Games/4.7/Engine/Binaries/Win64/../../../Engine/Shaders/PostProcessVisualizeBuffer.usf" 191
"C:/Program Files/Epic Games/4.7/Engine/Binaries/Win64/../../../Engine/Shaders/PostProcessUpscale.usf" 192
"C:/Program Files/Epic Games/4.7/Engine/Binaries/Win64/../../../Engine/Shaders/PostProcessTonemap.usf" 193
"C:/Program Files/Epic Games/4.7/Engine/Binaries/Win64/../../../Engine/Shaders/PostProcessTestImage.usf" 194
"C:/Program Files/Epic Games/4.7/Engine/Binaries/Win64/../../../Engine/Shaders/PostProcessTemporalAA.usf" 195
"C:/Program Files/Epic Games/4.7/Engine/Binaries/Win64/../../../Engine/Shaders/PostProcessTemporalCommon.usf" 196
"C:/Program Files/Epic Games/4.7/Engine/Binaries/Win64/../../../Engine/Shaders/PostProcessSubsurface.usf" 197
"C:/Program Files/Epic Games/4.7/Engine/Binaries/Win64/../../../Engine/Shaders/SeparableSSS.usf" 198
"C:/Program Files/Epic Games/4.7/Engine/Binaries/Win64/../../../Engine/Shaders/PostProcessSelectionOutline.usf" 199
"C:/Program Files/Epic Games/4.7/Engine/Binaries/Win64/../../../Engine/Shaders/PostProcessSceneColorFringe.usf" 200
"C:/Program Files/Epic Games/4.7/Engine/Binaries/Win64/../../../Engine/Shaders/PostProcessNoiseBlur.usf" 201
"C:/Program Files/Epic Games/4.7/Engine/Binaries/Win64/../../../Engine/Shaders/PostProcessMotionBlur.usf" 202
"C:/Program Files/Epic Games/4.7/Engine/Binaries/Win64/../../../Engine/Shaders/PostProcessMobile.usf" 203
"C:/Program Files/Epic Games/4.7/Engine/Binaries/Win64/../../../Engine/Shaders/PostProcessMaterialShaders.usf" 204
"C:/Program Files/Epic Games/4.7/Engine/Binaries/Win64/../../../Engine/Shaders/PostProcessLensFlares.usf" 205
"C:/Program Files/Epic Games/4.7/Engine/Binaries/Win64/../../../Engine/Shaders/PostProcessLensBlur.usf" 206
"C:/Program Files/Epic Games/4.7/Engine/Binaries/Win64/../../../Engine/Shaders/PostProcessBloom.usf" 207
"C:/Program Files/Epic Games/4.7/Engine/Binaries/Win64/../../../Engine/Shaders/PostProcessHMD.usf" 208
"C:/Program Files/Epic Games/4.7/Engine/Binaries/Win64/../../../Engine/Shaders/PostProcessHistogramReduce.usf" 209
"C:/Program Files/Epic Games/4.7/Engine/Binaries/Win64/../../../Engine/Shaders/PostProcessHistogram.usf" 210
"C:/Program Files/Epic Games/4.7/Engine/Binaries/Win64/../../../Engine/Shaders/PostProcessGBufferHints.usf" 211
"C:/Program Files/Epic Games/4.7/Engine/Binaries/Win64/../../../Engine/Shaders/PostProcessEyeAdaptation.usf" 212
"C:/Program Files/Epic Games/4.7/Engine/Binaries/Win64/../../../Engine/Shaders/PostProcessDownsample.usf" 213
"C:/Program Files/Epic Games/4.7/Engine/Binaries/Win64/../../../Engine/Shaders/PostProcessDOF.usf" 214
"C:/Program Files/Epic Games/4.7/Engine/Binaries/Win64/../../../Engine/Shaders/PostProcessCompositeEditorPrimitives.usf" 215
"C:/Program Files/Epic Games/4.7/Engine/Binaries/Win64/../../../Engine/Shaders/PostProcessCombineLUTs.usf" 216
"C:/Program Files/Epic Games/4.7/Engine/Binaries/Win64/../../../Engine/Shaders/PostProcessBusyWait.usf" 217
"C:/Program Files/Epic Games/4.7/Engine/Binaries/Win64/../../../Engine/Shaders/PostProcessBokehDOF.usf" 218
"C:/Program Files/Epic Games/4.7/Engine/Binaries/Win64/../../../Engine/Shaders/FXAAShader.usf" 219
"C:/Program Files/Epic Games/4.7/Engine/Binaries/Win64/../../../Engine/Shaders/Fxaa3_11.usf" 220
"C:/Program Files/Epic Games/4.7/Engine/Binaries/Win64/../../../Engine/Shaders/PostProcessPassThrough.usf" 221
"C:/Program Files/Epic Games/4.7/Engine/Binaries/Win64/../../../Engine/Shaders/PostProcessLpvIndirect.usf" 222
"C:/Program Files/Epic Games/4.7/Engine/Binaries/Win64/../../../Engine/Shaders/DeferredLightingCommon.usf" 223
"C:/Program Files/Epic Games/4.7/Engine/Binaries/Win64/../../../Engine/Shaders/DynamicLightingCommon.usf" 224
"C:/Program Files/Epic Games/4.7/Engine/Binaries/Win64/../../../Engine/Shaders/IESLightProfilesCommon.usf" 225
"C:/Program Files/Epic Games/4.7/Engine/Binaries/Win64/../../../Engine/Shaders/LPVFinalPass.usf" 226
"C:/Program Files/Epic Games/4.7/Engine/Binaries/Win64/../../../Engine/Shaders/LPVCommon.usf" 227
"C:/Program Files/Epic Games/4.7/Engine/Binaries/Win64/../../../Engine/Shaders/DeferredDecal.usf" 228
"C:/Program Files/Epic Games/4.7/Engine/Binaries/Win64/../../../Engine/Shaders/PostProcessAmbientOcclusion.usf" 229
"C:/Program Files/Epic Games/4.7/Engine/Binaries/Win64/../../../Engine/Shaders/PostProcessAmbient.usf" 230
"C:/Program Files/Epic Games/4.7/Engine/Binaries/Win64/../../../Engine/Shaders/CubemapCommon.usf" 231
"C:/Program Files/Epic Games/4.7/Engine/Binaries/Win64/../../../Engine/Shaders/VelocityShader.usf" 232
"C:/Program Files/Epic Games/4.7/Engine/Binaries/Win64/../../../Engine/Shaders/Tessellation.usf" 233
"C:/Program Files/Epic Games/4.7/Engine/Binaries/Win64/../../../Engine/Shaders/FlatTessellation.usf" 234
"C:/Program Files/Epic Games/4.7/Engine/Binaries/Win64/../../../Engine/Shaders/PNTriangles.usf" 235
"C:/Program Files/Epic Games/4.7/Engine/Binaries/Win64/../../../Engine/Shaders/TranslucentLightingShaders.usf" 236
"C:/Program Files/Epic Games/4.7/Engine/Binaries/Win64/../../../Engine/Shaders/SHCommon.usf" 237
"C:/Program Files/Epic Games/4.7/Engine/Binaries/Win64/../../../Engine/Shaders/ShadowProjectionCommon.usf" 238
"C:/Program Files/Epic Games/4.7/Engine/Binaries/Win64/../../../Engine/Shaders/TranslucentLightInjectionShaders.usf" 239
"C:/Program Files/Epic Games/4.7/Engine/Binaries/Win64/../../../Engine/Shaders/LightFunctionCommon.usf" 240
"C:/Program Files/Epic Games/4.7/Engine/Binaries/Win64/../../../Engine/Shaders/TranslucentShadowDepthShaders.usf" 241
"C:/Program Files/Epic Games/4.7/Engine/Binaries/Win64/../../../Engine/Shaders/ShadowDepthCommon.usf" 242
"C:/Program Files/Epic Games/4.7/Engine/Binaries/Win64/../../../Engine/Shaders/TiledDeferredLightShaders.usf" 243
"C:/Program Files/Epic Games/4.7/Engine/Binaries/Win64/../../../Engine/Shaders/ShadowProjectionPixelShader.usf" 244
"C:/Program Files/Epic Games/4.7/Engine/Binaries/Win64/../../../Engine/Shaders/ShadowFilteringCommon.usf" 245
"C:/Program Files/Epic Games/4.7/Engine/Binaries/Win64/../../../Engine/Shaders/ShadowProjectionVertexShader.usf" 246
"C:/Program Files/Epic Games/4.7/Engine/Binaries/Win64/../../../Engine/Shaders/ShadowDepthPixelShader.usf" 247
"C:/Program Files/Epic Games/4.7/Engine/Binaries/Win64/../../../Engine/Shaders/LPVWriteVplCommon.usf" 248
"C:/Program Files/Epic Games/4.7/Engine/Binaries/Win64/../../../Engine/Shaders/LPVWriteCommon.usf" 249
"C:/Program Files/Epic Games/4.7/Engine/Binaries/Win64/../../../Engine/Shaders/ShadowDepthVertexShader.usf" 250
"C:/Program Files/Epic Games/4.7/Engine/Binaries/Win64/../../../Engine/Shaders/ShaderComplexityApplyPixelShader.usf" 251
"C:/Program Files/Epic Games/4.7/Engine/Binaries/Win64/../../../Engine/Shaders/ShaderComplexityApplyVertexShader.usf" 252
"C:/Program Files/Epic Games/4.7/Engine/Binaries/Win64/../../../Engine/Shaders/ShaderComplexityAccumulatePixelShader.usf" 253
"C:/Program Files/Epic Games/4.7/Engine/Binaries/Win64/../../../Engine/Shaders/HZBOcclusion.usf" 254
"C:/Program Files/Epic Games/4.7/Engine/Binaries/Win64/../../../Engine/Shaders/OcclusionQueryVertexShader.usf" 255
"C:/Program Files/Epic Games/4.7/Engine/Binaries/Win64/../../../Engine/Shaders/HitProxyPixelShader.usf" 256
"C:/Program Files/Epic Games/4.7/Engine/Binaries/Win64/../../../Engine/Shaders/HitProxyVertexShader.usf" 257
"C:/Program Files/Epic Games/4.7/Engine/Binaries/Win64/../../../Engine/Shaders/ReflectionEnvironmentShaders.usf" 258
"C:/Program Files/Epic Games/4.7/Engine/Binaries/Win64/../../../Engine/Shaders/ReflectionEnvironmentShared.usf" 259
"C:/Program Files/Epic Games/4.7/Engine/Binaries/Win64/../../../Engine/Shaders/SkyLightingShared.usf" 260
"C:/Program Files/Epic Games/4.7/Engine/Binaries/Win64/../../../Engine/Shaders/ReflectionEnvironmentComputeShaders.usf" 261
"C:/Program Files/Epic Games/4.7/Engine/Binaries/Win64/../../../Engine/Shaders/LightShaftShader.usf" 262
"C:/Program Files/Epic Games/4.7/Engine/Binaries/Win64/../../../Engine/Shaders/StationaryLightOverlapShaders.usf" 263
"C:/Program Files/Epic Games/4.7/Engine/Binaries/Win64/../../../Engine/Shaders/DeferredLightPixelShaders.usf" 264
"C:/Program Files/Epic Games/4.7/Engine/Binaries/Win64/../../../Engine/Shaders/DeferredLightVertexShaders.usf" 265
"C:/Program Files/Epic Games/4.7/Engine/Binaries/Win64/../../../Engine/Shaders/LPVVisualise.usf" 266
"C:/Program Files/Epic Games/4.7/Engine/Binaries/Win64/../../../Engine/Shaders/LPVGeometryVolumeCommon.usf" 267
"C:/Program Files/Epic Games/4.7/Engine/Binaries/Win64/../../../Engine/Shaders/LPVDirectLightInject.usf" 268
"C:/Program Files/Epic Games/4.7/Engine/Binaries/Win64/../../../Engine/Shaders/LPVPropagate.usf" 269
"C:/Program Files/Epic Games/4.7/Engine/Binaries/Win64/../../../Engine/Shaders/LPVBuildGeometryVolume.usf" 270
"C:/Program Files/Epic Games/4.7/Engine/Binaries/Win64/../../../Engine/Shaders/LPVInject_AccumulateVplLists.usf" 271
"C:/Program Files/Epic Games/4.7/Engine/Binaries/Win64/../../../Engine/Shaders/LPVInject_GenerateVplLists.usf" 272
"C:/Program Files/Epic Games/4.7/Engine/Binaries/Win64/../../../Engine/Shaders/LPVClearLists.usf" 273
"C:/Program Files/Epic Games/4.7/Engine/Binaries/Win64/../../../Engine/Shaders/LPVClear.usf" 274
"C:/Program Files/Epic Games/4.7/Engine/Binaries/Win64/../../../Engine/Shaders/LightMapDensityShader.usf" 275
"C:/Program Files/Epic Games/4.7/Engine/Binaries/Win64/../../../Engine/Shaders/LightFunctionPixelShader.usf" 276
"C:/Program Files/Epic Games/4.7/Engine/Binaries/Win64/../../../Engine/Shaders/LightFunctionVertexShader.usf" 277
"C:/Program Files/Epic Games/4.7/Engine/Binaries/Win64/../../../Engine/Shaders/HdrCustomResolveShaders.usf" 278
"C:/Program Files/Epic Games/4.7/Engine/Binaries/Win64/../../../Engine/Shaders/GPUBenchmark.usf" 279
"C:/Program Files/Epic Games/4.7/Engine/Binaries/Win64/../../../Engine/Shaders/GammaCorrection.usf" 280
"C:/Program Files/Epic Games/4.7/Engine/Binaries/Win64/../../../Engine/Shaders/BasePassForForwardShadingPixelShader.usf" 281
"C:/Program Files/Epic Games/4.7/Engine/Binaries/Win64/../../../Engine/Shaders/BasePassForForwardShadingCommon.usf" 282
"C:/Program Files/Epic Games/4.7/Engine/Binaries/Win64/../../../Engine/Shaders/LightmapCommon.usf" 283
"C:/Program Files/Epic Games/4.7/Engine/Binaries/Win64/../../../Engine/Shaders/BasePassForForwardShadingVertexShader.usf" 284
"C:/Program Files/Epic Games/4.7/Engine/Binaries/Win64/../../../Engine/Shaders/HeightFogCommon.usf" 285
"C:/Program Files/Epic Games/4.7/Engine/Binaries/Win64/../../../Engine/Shaders/HeightFogPixelShader.usf" 286
"C:/Program Files/Epic Games/4.7/Engine/Binaries/Win64/../../../Engine/Shaders/HeightFogVertexShader.usf" 287
"C:/Program Files/Epic Games/4.7/Engine/Binaries/Win64/../../../Engine/Shaders/DistortAccumulatePS.usf" 288
"C:/Program Files/Epic Games/4.7/Engine/Binaries/Win64/../../../Engine/Shaders/DistortAccumulateVS.usf" 289
"C:/Program Files/Epic Games/4.7/Engine/Binaries/Win64/../../../Engine/Shaders/DistortApplyScreenPS.usf" 290
"C:/Program Files/Epic Games/4.7/Engine/Binaries/Win64/../../../Engine/Shaders/DistanceFieldSurfaceCacheLighting.usf" 291
"C:/Program Files/Epic Games/4.7/Engine/Binaries/Win64/../../../Engine/Shaders/DistanceFieldLightingShared.usf" 292
"C:/Program Files/Epic Games/4.7/Engine/Binaries/Win64/../../../Engine/Shaders/DistanceFieldAOShared.usf" 293
"C:/Program Files/Epic Games/4.7/Engine/Binaries/Win64/../../../Engine/Shaders/SkyLighting.usf" 294
"C:/Program Files/Epic Games/4.7/Engine/Binaries/Win64/../../../Engine/Shaders/DistanceFieldSurfaceCacheLightingCompute.usf" 295
"C:/Program Files/Epic Games/4.7/Engine/Binaries/Win64/../../../Engine/Shaders/DistanceFieldShadowing.usf" 296
"C:/Program Files/Epic Games/4.7/Engine/Binaries/Win64/../../../Engine/Shaders/DepthOnlyPixelShader.usf" 297
"C:/Program Files/Epic Games/4.7/Engine/Binaries/Win64/../../../Engine/Shaders/DepthOnlyVertexShader.usf" 298
"C:/Program Files/Epic Games/4.7/Engine/Binaries/Win64/../../../Engine/Shaders/PositionOnlyDepthVertexShader.usf" 299
"C:/Program Files/Epic Games/4.7/Engine/Binaries/Win64/../../../Engine/Shaders/DownsampleDepthPixelShader.usf" 300
"C:/Program Files/Epic Games/4.7/Engine/Binaries/Win64/../../../Engine/Shaders/BasePassPixelShader.usf" 301
"C:/Program Files/Epic Games/4.7/Engine/Binaries/Win64/../../../Engine/Shaders/BasePassCommon.usf" 302
"C:/Program Files/Epic Games/4.7/Engine/Binaries/Win64/../../../Engine/Shaders/BasePassVertexShader.usf" 303
"C:/Program Files/Epic Games/4.7/Engine/Binaries/Win64/../../../Engine/Shaders/BasePassVertexCommon.usf" 304
"C:/Program Files/Epic Games/4.7/Engine/Binaries/Win64/../../../Engine/Shaders/BasePassTessellationShaders.usf" 305
"C:/Program Files/Epic Games/4.7/Engine/Binaries/Win64/../../../Engine/Shaders/AtmospherePrecompute.usf" 306
"C:/Program Files/Epic Games/4.7/Engine/Binaries/Win64/../../../Engine/Shaders/AtmospherePrecomputeCommon.usf" 307
"C:/Program Files/Epic Games/4.7/Engine/Binaries/Win64/../../../Engine/Shaders/AtmospherePrecomputeInscatter.usf" 308
"C:/Program Files/Epic Games/4.7/Engine/Binaries/Win64/../../../Engine/Shaders/AtmosphericFogShader.usf" 309
"C:/Program Files/Epic Games/4.7/Engine/Binaries/Win64/../../../Engine/Shaders/ParticleSortKeyGen.usf" 310
"C:/Program Files/Epic Games/4.7/Engine/Binaries/Win64/../../../Engine/Shaders/ParticleBoundsShader.usf" 311
"C:/Program Files/Epic Games/4.7/Engine/Binaries/Win64/../../../Engine/Shaders/ParticleSimVisualizeShader.usf" 312
"C:/Program Files/Epic Games/4.7/Engine/Binaries/Win64/../../../Engine/Shaders/ParticleInjectionShader.usf" 313
"C:/Program Files/Epic Games/4.7/Engine/Binaries/Win64/../../../Engine/Shaders/ParticleSimulationShader.usf" 314
"C:/Program Files/Epic Games/4.7/Engine/Binaries/Win64/../../../Engine/Shaders/ParticleCurveInjectionShader.usf" 315
"C:/Program Files/Epic Games/4.7/Engine/Binaries/Win64/../../../Engine/Shaders/VectorFieldCompositeShaders.usf" 316
"C:/Program Files/Epic Games/4.7/Engine/Binaries/Win64/../../../Engine/Shaders/UpdateTextureShaders.usf" 317
"C:/Program Files/Epic Games/4.7/Engine/Binaries/Win64/../../../Engine/Shaders/SimpleElementColorChannelMaskPixelShader.usf" 318
"C:/Program Files/Epic Games/4.7/Engine/Binaries/Win64/../../../Engine/Shaders/SimpleElementHitProxyPixelShader.usf" 319
"C:/Program Files/Epic Games/4.7/Engine/Binaries/Win64/../../../Engine/Shaders/SimpleElementPixelShader.usf" 320
"C:/Program Files/Epic Games/4.7/Engine/Binaries/Win64/../../../Engine/Shaders/ColorUtils.usf" 321
"C:/Program Files/Epic Games/4.7/Engine/Binaries/Win64/../../../Engine/Shaders/SimpleElementVertexShader.usf" 322
"C:/Program Files/Epic Games/4.7/Engine/Binaries/Win64/../../../Engine/Shaders/ScreenVertexShader.usf" 323
"C:/Program Files/Epic Games/4.7/Engine/Binaries/Win64/../../../Engine/Shaders/ScreenPixelShader.usf" 324
"C:/Program Files/Epic Games/4.7/Engine/Binaries/Win64/../../../Engine/Shaders/RadixSortShaders.usf" 325
"C:/Program Files/Epic Games/4.7/Engine/Binaries/Win64/../../../Engine/Shaders/GpuSkinCacheComputeShader.usf" 326
"C:/Program Files/Epic Games/4.7/Engine/Binaries/Win64/../../../Engine/Shaders/NullPixelShader.usf" 327
"C:/Program Files/Epic Games/4.7/Engine/Binaries/Win64/../../../Engine/Shaders/ClearReplacementShaders.usf" 328
"C:/Program Files/Epic Games/4.7/Engine/Binaries/Win64/../../../Engine/Shaders/SimpleElementTexture2DPreviewPixelShader.usf" 329
"C:/Program Files/Epic Games/4.7/Engine/Binaries/Win64/../../../Engine/Shaders/SimpleElementNormalMapPixelShader.usf" 330
"C:/Program Files/Epic Games/4.7/Engine/Binaries/Win64/../../../Engine/Shaders/meshpaintdilatepixelshader.usf" 331
"C:/Program Files/Epic Games/4.7/Engine/Binaries/Win64/../../../Engine/Shaders/meshpaintdilatevertexshader.usf" 332
"C:/Program Files/Epic Games/4.7/Engine/Binaries/Win64/../../../Engine/Shaders/MeshPaintPixelShader.usf" 333
"C:/Program Files/Epic Games/4.7/Engine/Binaries/Win64/../../../Engine/Shaders/MeshPaintVertexShader.usf" 334
"../../../Engine/Config/Android/AndroidEngine.ini" 335
"../../../Engine/Config/HTML5/HTML5Engine.ini" 336
"../../../Engine/Config/IOS/IOSEngine.ini" 337
"../../../Engine/Config/Linux/LinuxEngine.ini" 338
"C:/Users/David/AppData/Local/UnrealEngine/4.7/DerivedDataCache/Boot.ddc" 339
"../../../Engine/DerivedDataCache/Compressed.ddp" 340
"../../../Engine/Content/EngineFonts/Roboto.uasset" 341
"../../../Engine/Content/EngineMaterials/Widget3DPassThrough_Translucent.uasset" 342
"../../../Engine/Content/EngineMaterials/Widget3DPassThrough.uasset" 343
"../../../Engine/Content/EngineResources/WhiteSquareTexture.uasset" 344
"../../../Engine/Content/Functions/Engine_MaterialFunctions01/Shading/PowerToRoughness.uasset" 345
"../../../Engine/Content/Functions/Engine_MaterialFunctions01/Shading/ConvertFromDiffSpec.uasset" 346
"../../../Engine/Content/EngineMaterials/WorldGridMaterial.uasset" 347
"../../../Engine/Content/Functions/Engine_MaterialFunctions01/Opacity/CameraDepthFade.uasset" 348
"../../../Engine/Content/EngineMaterials/T_Default_Material_Grid_M.uasset" 349
"../../../Engine/Content/EngineMaterials/T_Default_Material_Grid_N.uasset" 350
"../../../Engine/Content/EngineMaterials/DefaultDeferredDecalMaterial.uasset" 351
"../../../Engine/Content/EngineMaterials/DefaultDiffuse.uasset" 352
"../../../Engine/Content/EngineMaterials/DefaultLightFunctionMaterial.uasset" 353
"../../../Engine/Content/EngineMaterials/DefaultPostProcessMaterial.uasset" 354
"../../../Engine/Content/Functions/Engine_MaterialFunctions02/Utility/BreakOutFloat2Components.uasset" 355
"../../../Engine/Content/EngineResources/DefaultTexture.uasset" 356
"../../../Engine/Content/EngineMaterials/Widget3DPassThrough_Translucent_OneSided.uasset" 357
"../../../Engine/Content/EngineMaterials/Widget3DPassThrough_Opaque.uasset" 358
"../../../Engine/Content/EngineMaterials/Widget3DPassThrough_Opaque_OneSided.uasset" 359
"../../../Engine/Content/EditorResources/S_Actor.uasset" 360
"../../../Engine/Content/EditorLandscapeResources/DataLayer.uasset" 361
"../../../Engine/Content/Maps/Templates/Thumbnails/Default.uasset" 362
"../../../Engine/Content/EditorMaterials/ParticleSystems/PSysThumbnail_NoImage.uasset" 363
"../../../Engine/Content/EditorMaterials/ParticleSystems/PSysThumbnail_OOD.uasset" 364
"../../../Engine/Content/EngineDamageTypes/DmgTypeBP_Environmental.uasset" 365
"../../../Engine/Content/EngineMeshes/Sphere.uasset" 366
"../../../Engine/Content/EngineFonts/RobotoDistanceField.uasset" 367
"../../../Engine/Content/EngineMaterials/DefaultTextMaterialOpaque.uasset" 368
"../../../Engine/Content/EditorResources/S_Trigger.uasset" 369
"../../../Engine/Content/EngineResources/GradientTexture0.uasset" 370
"../../../Engine/Content/EngineResources/Black.uasset" 371
"../../../Engine/Content/EditorMaterials/MatineeGroups/MAT_Groups_Float.uasset" 372
"../../../Engine/Content/EditorMaterials/MatineeGroups/MAT_Groups_Director.uasset" 373
"../../../Engine/Content/EditorMaterials/MatineeGroups/MAT_Groups_Event.uasset" 374
"../../../Engine/Content/EditorMaterials/MatineeGroups/MAT_Groups_Anim.uasset" 375
"../../../Engine/Content/EditorMaterials/MatineeGroups/MAT_Groups_Fade.uasset" 376
"../../../Engine/Content/EditorMaterials/MatineeGroups/MAT_Groups_Move.uasset" 377
"../../../Engine/Content/EditorMaterials/MatineeGroups/MAT_Groups_Slomo.uasset" 378
"../../../Engine/Content/EditorMaterials/MatineeGroups/MAT_ColorTrack.uasset" 379
"../../../Engine/Content/EditorMaterials/MAT_Groups_Toggle.uasset" 380
"../../../Engine/Content/EditorMaterials/MatineeGroups/MAT_Groups_AudioMaster.uasset" 381
"../../../Engine/Content/EditorMaterials/MatineeGroups/MAT_Groups_Sound.uasset" 382
"../../../Engine/Content/EditorMaterials/MatineeGroups/MAT_Groups_Vector.uasset" 383
"../../../Engine/Content/EditorMaterials/MAT_Groups_Visibility.uasset" 384
"../../../Engine/Content/EngineResources/DefaultTextureCube.uasset" 385
"../../../Engine/Content/EngineSounds/Master.uasset" 386
"../../../Engine/Content/EngineSounds/Music.uasset" 387
"../../../Engine/Content/EngineSounds/SFX.uasset" 388
"../../../Engine/Content/EngineSounds/Normal_Attack.uasset" 389
"../../../Engine/Content/EngineSounds/Special_Attack_PSM.uasset" 390
"../../../Engine/Content/EngineSounds/Duck_Normal_Attack_MixMod.uasset" 391
"../../../Engine/Content/EngineSounds/Voice.uasset" 392
"../../../Engine/Content/EngineMeshes/Cylinder.uasset" 393
"../../../Engine/Content/EngineMaterials/DefaultMaterial.uasset" 394
"../../../Engine/Content/EngineTireTypes/DefaultTireType.uasset" 395
"../../../Engine/Content/Editor/Slate/Fonts/FontAwesome.ttf" 396
"../../../Engine/Content/Editor/Slate/Fonts/DroidSansMono.ttf" 397
"../../../Engine/Content/Editor/Slate/Fonts/Roboto-BoldCondensed.ttf" 398
"../../../Engine/Content/Editor/Slate/Fonts/Roboto-Black.ttf" 399
"../../../Engine/Content/Editor/Slate/Fonts/Roboto-Italic.ttf" 400
"../../../Engine/Content/Editor/Slate/Fonts/Roboto-BoldCondensedItalic.ttf" 401
"../../../Engine/Plugins/2D/Paper2D/Content/MaskedUnlitSpriteMaterial.uasset" 402
"../../../Engine/Plugins/2D/Paper2D/Content/DefaultSpriteMaterial.uasset" 403
"../../../Engine/Plugins/2D/Paper2D/Content/DummySpriteTexture.uasset" 404
"../../../Engine/Plugins/2D/Paper2D/Content/OpaqueUnlitSpriteMaterial.uasset" 405
"../../../Engine/Plugins/2D/Paper2D/Content/DefaultPaperTerrainMaterial.uasset" 406
"../../../Engine/Plugins/2D/Paper2D/Content/DummySprite.uasset" 407
"C:/Users/David/AppData/Local/UnrealEngine/4.7/Saved/Config/Windows/SourceControlSettings.ini" 408
"../../../../../../Users/David/Documents/Unreal Projects/Mobile48Hour/Intermediate/Config/CoalescedSourceConfigs/SourceControlSettings.ini" 409
"C:/Users/David/Documents/Unreal Projects/Mobile48Hour/Saved/Config/Windows/SourceControlSettings.ini" 410
"../../../Engine/Content/EngineMaterials/RemoveSurfaceMaterial.uasset" 411
"../../../Engine/Content/EngineDebugMaterials/DebugMeshMaterial.uasset" 412
"../../../Engine/Content/EngineMaterials/M_InvalidLightmapSettings.uasset" 413
"../../../Engine/Content/EngineMaterials/InvalidLightmapSettings.uasset" 414
"../../../Engine/Content/EditorMaterials/GizmoMaterial.uasset" 415
"../../../Engine/Content/EngineMaterials/Good64x64TilingNoiseHighFreq.uasset" 416
"../../../Engine/Content/EngineMaterials/DefaultBokeh.uasset" 417
"../../../Engine/Content/EngineMaterials/PreintegratedSkinBRDF.uasset" 418
"../../../Engine/Content/EngineMaterials/MiniFont.uasset" 419
"../../../Engine/Content/EngineMaterials/WeightMapPlaceholderTexture.uasset" 420
"../../../Engine/Content/EngineMaterials/DefaultWhiteGrid.uasset" 421
"../../../Engine/Content/EngineMaterials/DefaultPhysicalMaterial.uasset" 422
"../../../Engine/Content/EngineFonts/RobotoTiny.uasset" 423
"../../../../../../Users/David/Documents/Unreal Projects/Mobile48Hour/Intermediate/CachedAssetRegistry.bin" 424
"../../../Engine/Content/MobileResources/HUD/VirtualJoystick_Thumb.uasset" 425
"../../../Engine/Content/MobileResources/HUD/VirtualJoystick_Background.uasset" 426
"../../../Engine/Content/MobileResources/HUD/T_Castle_ThumbstickOutter.uasset" 427
"../../../Engine/Content/MobileResources/HUD/T_Castle_ThumbstickInner.uasset" 428
"../../../Engine/Content/MobileResources/HUD/MobileHUDDirectionStick.uasset" 429
"../../../Engine/Content/MobileResources/HUD/MobileHUDDirectionPad3.uasset" 430
"../../../Engine/Content/MobileResources/HUD/MobileHUDDirectionPad2.uasset" 431
"../../../Engine/Content/MobileResources/HUD/MobileHUDDirectionPad.uasset" 432
"../../../Engine/Content/MobileResources/HUD/MobileHUDButtonFire.uasset" 433
"../../../Engine/Content/MobileResources/HUD/MobileHUDButton3.uasset" 434
"../../../Engine/Content/MobileResources/HUD/MobileHUDButton2_on.uasset" 435
"../../../Engine/Content/MobileResources/HUD/MobileHUDButton2_off.uasset" 436
"../../../Engine/Content/MobileResources/HUD/MobileHUDButton1_on.uasset" 437
"../../../Engine/Content/MobileResources/HUD/MobileHUDButton1_off.uasset" 438
"../../../Engine/Content/MobileResources/HUD/LeftVirtualJoystickOnly.uasset" 439
"../../../Engine/Content/MobileResources/HUD/DefaultVirtualJoysticks.uasset" 440
"../../../Engine/Content/MobileResources/HUD/AnalogHat.uasset" 441
"../../../Engine/Content/MobileResources/T_MobileMenu2.uasset" 442
"../../../Engine/Content/MobileResources/T_MobileControls_texture.uasset" 443
"../../../../../../Users/David/Documents/Unreal Projects/Mobile48Hour/Content/Player/Infi_GameMode.uasset" 444
"../../../../../../Users/David/Documents/Unreal Projects/Mobile48Hour/Content/Player/Player_char.uasset" 445
"../../../Engine/Content/EditorBlueprintResources/StandardMacros.uasset" 446
"../../../../../../Users/David/Documents/Unreal Projects/Mobile48Hour/Content/Particles/TrailPart.uasset" 447
"../../../../../../Users/David/Documents/Unreal Projects/Mobile48Hour/Content/Particles/Ribbon_Mat.uasset" 448
"../../../Engine/Content/BasicShapes/Sphere.uasset" 449
"../../../../../../Users/David/Documents/Unreal Projects/Mobile48Hour/Content/Materials/Player_Mat.uasset" 450
"../../../../../../Users/David/Documents/Unreal Projects/Mobile48Hour/Content/Materials/PlayerPhys_Mat.uasset" 451
"../../../../../../Users/David/Documents/Unreal Projects/Mobile48Hour/Content/Player/HUDWIDGET.uasset" 452
"../../../../../../Users/David/Documents/Unreal Projects/Mobile48Hour/Content/Player/Player_cont.uasset" 453
"C:/Users/David/AppData/Local/UnrealEngine/Common/DerivedDataCache/1/7/2/MATSM_85DD00DAF10D45C79D4ED0306AF2628B_PCD3D_SM5_2__BC5N_DEV_SL_NODBUFBB9F70DB__23CF1E9BBD702148E0FC1D3E0F591FDC5E0C17F6.udd" 454
"C:/Users/David/AppData/Local/UnrealEngine/Common/DerivedDataCache/5/4/6/MATSM_85DD00DAF10D45C79D4ED0306AF2628B_PCD3D_SM4_2__BC5N_DEV_SL_NODBUFBB9F70DB__9B3CEF93F20DA4E298C4AC37D5BAB87249CA0EF8.udd" 455
"C:/Users/David/AppData/Local/UnrealEngine/Common/DerivedDataCache/7/2/4/MATSM_85DD00DAF10D45C79D4ED0306AF2628B_PCD3D_SM5_2__BC5N_DEV_SL_NODBUF17E7A654__A085B39104F8A3CE688C0015352CA806C39003E3.udd" 456
"../../../Engine/Content/Maps/Entry.umap" 457
"../../../Engine/Content/EngineMaterials/DefaultNormal.uasset" 458
"C:/Users/David/Documents/Unreal Projects/Mobile48Hour/Intermediate/Shaders/WorkingDirectory/7052/1/WorkerOutputOnly.out" 459
"C:/Users/David/Documents/Unreal Projects/Mobile48Hour/Intermediate/Shaders/WorkingDirectory/7052/0/WorkerOutputOnly.out" 460
"../../../../../../Users/David/Documents/Unreal Projects/Mobile48Hour/Content/MenuAndLevels/InfiPlayLVL.umap" 461
"../../../../../../Users/David/Documents/Unreal Projects/Mobile48Hour/Content/Object_BPs/LongBlockRow.uasset" 462
"../../../Engine/Content/BasicShapes/BasicShapeMaterial.uasset" 463
"../../../../../../Users/David/Documents/Unreal Projects/Mobile48Hour/Content/Materials/Block_Mat_Intsance.uasset" 464
"../../../../../../Users/David/Documents/Unreal Projects/Mobile48Hour/Content/Materials/block_Mat.uasset" 465
"../../../../../../Users/David/Documents/Unreal Projects/Mobile48Hour/Content/Materials/Blockphys_Mat.uasset" 466
"../../../../../../Users/David/Documents/Unreal Projects/Mobile48Hour/Content/Materials/Carbon_Floor.uasset" 467
"../../../Engine/Content/BasicShapes/Cube.uasset" 468
"../../../../../../Users/David/Documents/Unreal Projects/Mobile48Hour/Content/Materials/Carbon_Floor_Mat.uasset" 469
"C:/Users/David/AppData/Local/UnrealEngine/Common/DerivedDataCache/0/9/7/TEXTURE_75F87CE100B546AAB8A1C4132AF9DB17_AUTODXT_5748604446A2E84A0C5D388CC4C21__6EA0AC6CC9B9FA20B43F50130DB00942EF5DD0C2.udd" 470
"C:/Users/David/AppData/Local/UnrealEngine/Common/DerivedDataCache/4/0/7/MATSM_85DD00DAF10D45C79D4ED0306AF2628B_PCD3D_SM4_2__BC5N_DEV_SL_NODBUF17E7A654__62EC77BC982573C3452D094DE29E0AFCE86A3C85.udd" 471
"C:/Users/David/AppData/Local/UnrealEngine/Common/DerivedDataCache/0/0/3/MATSM_85DD00DAF10D45C79D4ED0306AF2628B_PCD3D_SM5_2__BC5N_DEV_SL_NODBUF94BED11D__25705E19F08E4A77A649FE39C7676A6154CEEE82.udd" 472
"C:/Users/David/AppData/Local/UnrealEngine/Common/DerivedDataCache/4/5/5/PHYSX_$7B1F0627AE$2DABEB$2D4206$2D8D78$2DE16BEB5DDC7E$7D_PHYSXPC_63C098454B70B__4127F056DDE925961AB420C0273C6DAEADCBCDA1.udd" 473
"C:/Users/David/AppData/Local/UnrealEngine/Common/DerivedDataCache/5/6/2/PHYSX_$7B1F0627AE$2DABEB$2D4206$2D8D78$2DE16BEB5DDC7E$7D_PHYSXPC_35FF14E647D16BA974F161B0E7AD6743__1_0_13075_0.udd" 474
"C:/Users/David/AppData/Local/UnrealEngine/Common/DerivedDataCache/7/7/2/PHYSX_$7B1F0627AE$2DABEB$2D4206$2D8D78$2DE16BEB5DDC7E$7D_PHYSXPC_769F630446D42ABFF30D42BF2BA7E389__1_0_13075_0.udd" 475
"C:/Users/David/AppData/Local/UnrealEngine/Common/DerivedDataCache/5/1/5/PHYSX_$7B1F0627AE$2DABEB$2D4206$2D8D78$2DE16BEB5DDC7E$7D_PHYSXPC_B18F26E94E66109728C256BA7F37CB5C__1_0_13075_0.udd" 476
"C:/Users/David/AppData/Local/UnrealEngine/Common/DerivedDataCache/4/9/3/PHYSX_$7B1F0627AE$2DABEB$2D4206$2D8D78$2DE16BEB5DDC7E$7D_PHYSXPC_C4D655564EB7886F7036EDABCD66E0C1__1_0_13075_0.udd" 477
"C:/Users/David/AppData/Local/UnrealEngine/Common/DerivedDataCache/2/4/5/MATSM_85DD00DAF10D45C79D4ED0306AF2628B_PCD3D_SM5_2__BC5N_DEV_SL_NODBUF717CE70D__A65EB3EF9797D9150C3649EF3017771364DB2906.udd" 478
"C:/Users/David/AppData/Local/UnrealEngine/Common/DerivedDataCache/0/5/2/PHYSX_$7B1F0627AE$2DABEB$2D4206$2D8D78$2DE16BEB5DDC7E$7D_PHYSXPC_CEA678B64EC7D343FE8AD5979FF886FC__1_0_13075_0.udd" 479
"C:/Users/David/Documents/Unreal Projects/Mobile48Hour/Intermediate/Shaders/WorkingDirectory/7052/3/WorkerOutputOnly.out" 480
"C:/Users/David/Documents/Unreal Projects/Mobile48Hour/Intermediate/Shaders/WorkingDirectory/7052/2/WorkerOutputOnly.out" 481
"../../../Engine/Content/EditorResources/EmptyActor.uasset" 482
"../../../../../../Users/David/Documents/Unreal Projects/Mobile48Hour/Content/Particles/TrailPart2.uasset" 483
"../../../../../../Users/David/Documents/Unreal Projects/Mobile48Hour/Content/Object_BPs/Block_Obj.uasset" 484
"C:/Users/David/AppData/Local/UnrealEngine/Common/DerivedDataCache/0/4/3/MATSM_85DD00DAF10D45C79D4ED0306AF2628B_PCD3D_SM4_2__BC5N_DEV_SL_NODBUF94BED11D__1A2699644BA8FF77D7B84D6A4DFF9BB783F3C6DF.udd" 485
"../../../../../../Users/David/Documents/Unreal Projects/Mobile48Hour/Content/Object_BPs/BlockRow.uasset" 486
"../../../../../../Users/David/Documents/Unreal Projects/Mobile48Hour/Content/Materials/NewPhysicalMaterial.uasset" 487
"../../../../../../Users/David/Documents/Unreal Projects/Mobile48Hour/Content/Materials/FloorNoBounce_mat.uasset" 488
